<testsuites>
  <testsuite name="XmiToCode.EulynxBaseline4Release1.dll" tests="56" skipped="18" failures="0" errors="0" time="6.701401400000002" timestamp="2026-04-16T09:02:05" hostname="MacBook-Max" id="0" package="XmiToCode.EulynxBaseline4Release1.dll">
    <properties />
    <testcase classname="Eulynx.Validation.CodeGeneration" name="CodeGeneration.GenerateKlee (Generic requirements for SCI,S_SCI_Adj_Prim)" time="0.2734636" />
    <testcase classname="Eulynx.Validation.CodeGeneration" name="CodeGeneration.GenerateKlee (Generic requirements for SCI,S_SCI_Adj_Sec)" time="0.2222652" />
    <testcase classname="Eulynx.Validation.CodeGeneration" name="CodeGeneration.GenerateKlee (Generic requirements for SCI,F_SCI_EfeS_Sec)" time="0.1946607" />
    <testcase classname="Eulynx.Validation.CodeGeneration" name="CodeGeneration.GenerateKlee (Generic requirements for SCI,S_SCI_EfeS_Prim)" time="0.2009878" />
    <testcase classname="Eulynx.Validation.CodeGeneration" name="CodeGeneration.GenerateKlee (Subsystem IO,F_Control_Output_Channel_State)" time="0.2415690">
      <skipped />
    </testcase>
    <testcase classname="Eulynx.Validation.CodeGeneration" name="CodeGeneration.GenerateKlee (Subsystem IO,F_Control_Safe_State_Of_All_Physical_Output_Channel)" time="0.1994372" />
    <testcase classname="Eulynx.Validation.CodeGeneration" name="CodeGeneration.GenerateKlee (Subsystem IO,F_Detect_Input_Channel_State)" time="0.1965396" />
    <testcase classname="Eulynx.Validation.CodeGeneration" name="CodeGeneration.GenerateKlee (Subsystem IO,F_Monitor_Output_Channel_Disturbance_State)" time="0.1488954" />
    <testcase classname="Eulynx.Validation.CodeGeneration" name="CodeGeneration.GenerateKlee (Subsystem IO,F_SCI_IO_Receive)" time="0.1215783" />
    <testcase classname="Eulynx.Validation.CodeGeneration" name="CodeGeneration.GenerateKlee (Subsystem IO,F_SCI_IO_Report)" time="0.1296116" />
    <testcase classname="Eulynx.Validation.CodeGeneration" name="CodeGeneration.GenerateKlee (Subsystem IO,S_SCI_IO_Command)" time="0.1174922" />
    <testcase classname="Eulynx.Validation.CodeGeneration" name="CodeGeneration.GenerateKlee (Subsystem IO,S_SCI_IO_Receive)" time="0.1256160" />
    <testcase classname="Eulynx.Validation.CodeGeneration" name="CodeGeneration.GenerateKlee (Subsystem Level Crossing,F_Control_LC_Timer)" time="0.1161560">
      <skipped />
    </testcase>
    <testcase classname="Eulynx.Validation.CodeGeneration" name="CodeGeneration.GenerateKlee (Subsystem Level Crossing,F_Control_Local_Operation)" time="0.1213582" />
    <testcase classname="Eulynx.Validation.CodeGeneration" name="CodeGeneration.GenerateKlee (Subsystem Level Crossing,F_Observe_Detection_Element)" time="0.1145984" />
    <testcase classname="Eulynx.Validation.CodeGeneration" name="CodeGeneration.GenerateKlee (Subsystem Level Crossing,F_Observe_Failure_State)" time="0.1173848" />
    <testcase classname="Eulynx.Validation.CodeGeneration" name="CodeGeneration.GenerateKlee (Subsystem Level Crossing,F_Observe_LCPF)" time="0.1147997" />
    <testcase classname="Eulynx.Validation.CodeGeneration" name="CodeGeneration.GenerateKlee (Subsystem Level Crossing,F_SCI_LC_Receive)" time="0.1043584">
      <skipped />
    </testcase>
    <testcase classname="Eulynx.Validation.CodeGeneration" name="CodeGeneration.GenerateKlee (Subsystem Level Crossing,F_SCI_LC_Report)" time="0.1255815">
      <skipped />
    </testcase>
    <testcase classname="Eulynx.Validation.CodeGeneration" name="CodeGeneration.GenerateKlee (Subsystem Level Crossing,S_SCI_LC_Command)" time="0.0996276" />
    <testcase classname="Eulynx.Validation.CodeGeneration" name="CodeGeneration.GenerateKlee (Subsystem Level Crossing,S_SCI_LC_Receive)" time="0.1016524">
      <skipped />
    </testcase>
    <testcase classname="Eulynx.Validation.CodeGeneration" name="CodeGeneration.GenerateKlee (Subsystem Light Signal,S_SCI_LS_Command_expl)" time="0.1000436" />
    <testcase classname="Eulynx.Validation.CodeGeneration" name="CodeGeneration.GenerateKlee (Subsystem Light Signal,F_Control_Luminosity)" time="0.1026242" />
    <testcase classname="Eulynx.Validation.CodeGeneration" name="CodeGeneration.GenerateKlee (Subsystem Light Signal,F_Control_Signal_Aspect)" time="0.0999088" />
    <testcase classname="Eulynx.Validation.CodeGeneration" name="CodeGeneration.GenerateKlee (Subsystem Light Signal,F_Observe_Luminosity)" time="0.1011590" />
    <testcase classname="Eulynx.Validation.CodeGeneration" name="CodeGeneration.GenerateKlee (Subsystem Light Signal,F_Observe_Signal_Aspect)" time="0.0991499" />
    <testcase classname="Eulynx.Validation.CodeGeneration" name="CodeGeneration.GenerateKlee (Subsystem Light Signal,F_SCI_LS_Receive)" time="0.0977433">
      <skipped />
    </testcase>
    <testcase classname="Eulynx.Validation.CodeGeneration" name="CodeGeneration.GenerateKlee (Subsystem Light Signal,F_SCI_LS_Report)" time="0.0989792">
      <skipped />
    </testcase>
    <testcase classname="Eulynx.Validation.CodeGeneration" name="CodeGeneration.GenerateKlee (Subsystem Light Signal,S_SCI_LS_Command)" time="0.0962097" />
    <testcase classname="Eulynx.Validation.CodeGeneration" name="CodeGeneration.GenerateKlee (Subsystem Light Signal,S_SCI_LS_Receive)" time="0.0993171">
      <skipped />
    </testcase>
    <testcase classname="Eulynx.Validation.CodeGeneration" name="CodeGeneration.GenerateKlee (Subsystem Point,F_Control_Point_Machine_Position)" time="0.0934073" />
    <testcase classname="Eulynx.Validation.CodeGeneration" name="CodeGeneration.GenerateKlee (Subsystem Point,F_Observe_Ability_To_Move)" time="0.1216704" />
    <testcase classname="Eulynx.Validation.CodeGeneration" name="CodeGeneration.GenerateKlee (Subsystem Point,F_Observe_Degraded_Point_Position)" time="0.1149617" />
    <testcase classname="Eulynx.Validation.CodeGeneration" name="CodeGeneration.GenerateKlee (Subsystem Point,F_Observe_Overall_Point_Position)" time="0.1044078" />
    <testcase classname="Eulynx.Validation.CodeGeneration" name="CodeGeneration.GenerateKlee (Subsystem Point,F_SCI_P_Recieve_and_Report_Timeout)" time="0.0962214" />
    <testcase classname="Eulynx.Validation.CodeGeneration" name="CodeGeneration.GenerateKlee (Subsystem Point,F_SCI_P_Report)" time="0.0990869" />
    <testcase classname="Eulynx.Validation.CodeGeneration" name="CodeGeneration.GenerateKlee (Subsystem Point,S_SCI_P_Command_And_Recieve)" time="0.0941191" />
    <testcase classname="Eulynx.Validation.CodeGeneration" name="CodeGeneration.GenerateKlee (Subsystem Point,F_Control_And_Observe_4W_PM)" time="0.0996316" />
    <testcase classname="Eulynx.Validation.CodeGeneration" name="CodeGeneration.GenerateKlee (Subsystem Train Detection System,F_Control_Timer)" time="0.1147166" />
    <testcase classname="Eulynx.Validation.CodeGeneration" name="CodeGeneration.GenerateKlee (Subsystem Train Detection System,F_Handle_Commands)" time="0.1038004">
      <skipped />
    </testcase>
    <testcase classname="Eulynx.Validation.CodeGeneration" name="CodeGeneration.GenerateKlee (Subsystem Train Detection System,F_Handle_Internal_FC_U_Command)" time="0.0983409" />
    <testcase classname="Eulynx.Validation.CodeGeneration" name="CodeGeneration.GenerateKlee (Subsystem Train Detection System,F_Monitor_Report_Status)" time="0.0992093">
      <skipped />
    </testcase>
    <testcase classname="Eulynx.Validation.CodeGeneration" name="CodeGeneration.GenerateKlee (Subsystem Train Detection System,F_Observe_Ability_to_be_Forced_to_clear)" time="0.0941241" />
    <testcase classname="Eulynx.Validation.CodeGeneration" name="CodeGeneration.GenerateKlee (Subsystem Train Detection System,F_Observe_Occupancy_Status)" time="0.1185934">
      <skipped />
    </testcase>
    <testcase classname="Eulynx.Validation.CodeGeneration" name="CodeGeneration.GenerateKlee (Subsystem Train Detection System,F_Observe_TDP)" time="0.0921805" />
    <testcase classname="Eulynx.Validation.CodeGeneration" name="CodeGeneration.GenerateKlee (Subsystem Train Detection System,F_Observe_Track_Circuits)" time="0.0991543" />
    <testcase classname="Eulynx.Validation.CodeGeneration" name="CodeGeneration.GenerateKlee (Subsystem Train Detection System,F_Perform_FC_P_Or_FC_P_A)" time="0.0904390">
      <skipped />
    </testcase>
    <testcase classname="Eulynx.Validation.CodeGeneration" name="CodeGeneration.GenerateKlee (Subsystem Train Detection System,F_TDS6_Maintainer_Commands_And_Messages)" time="0.0945591">
      <skipped />
    </testcase>
    <testcase classname="Eulynx.Validation.CodeGeneration" name="CodeGeneration.GenerateKlee (Subsystem Train Detection System,F_SCI_TDS_Receive)" time="0.0997892">
      <skipped />
    </testcase>
    <testcase classname="Eulynx.Validation.CodeGeneration" name="CodeGeneration.GenerateKlee (Subsystem Train Detection System,F_SCI_TDS_Report_TDP)" time="0.0997469" />
    <testcase classname="Eulynx.Validation.CodeGeneration" name="CodeGeneration.GenerateKlee (Subsystem Train Detection System,F_SCI_TDS_Report_Track_Circuit)" time="0.0998287" />
    <testcase classname="Eulynx.Validation.CodeGeneration" name="CodeGeneration.GenerateKlee (Subsystem Train Detection System,F_SCI_TDS_Report_TVPS)" time="0.0985738">
      <skipped />
    </testcase>
    <testcase classname="Eulynx.Validation.CodeGeneration" name="CodeGeneration.GenerateKlee (Subsystem Train Detection System,S_SCI_TDS_Command)" time="0.0903447" />
    <testcase classname="Eulynx.Validation.CodeGeneration" name="CodeGeneration.GenerateKlee (Subsystem Train Detection System,S_SCI_TDS_Receive_TDP)" time="0.0966250">
      <skipped />
    </testcase>
    <testcase classname="Eulynx.Validation.CodeGeneration" name="CodeGeneration.GenerateKlee (Subsystem Train Detection System,S_SCI_TDS_Receive_Track_Circuit)" time="0.0907398">
      <skipped />
    </testcase>
    <testcase classname="Eulynx.Validation.CodeGeneration" name="CodeGeneration.GenerateKlee (Subsystem Train Detection System,S_SCI_TDS_Receive_TVPS)" time="0.1143611">
      <skipped />
    </testcase>
    <system-out>Warn: Property Aspect Lamp Combinations has no type, assuming string.
Warn: Property Aspect Extension Lamp Combinations has no type, assuming string.
Warn: Property Speed Indicator has no type, assuming string.
Warn: Property Speed Indicator Announcement has no type, assuming string.
Warn: Property Direction Indicator has no type, assuming string.
Warn: Property Direction Indicator Announcement has no type, assuming string.
Warn: Property Aspect Lamp Combinations has no type, assuming string.
Warn: Property Aspect Extension Lamp Combinations has no type, assuming string.
Warn: Property Speed Indicator has no type, assuming string.
Warn: Property Speed Indicator Announcement has no type, assuming string.
Warn: Property Direction Indicator has no type, assuming string.
Warn: Property Direction Indicator Announcement has no type, assuming string.
Parsing S_SCI_Adj_Prim... done.

Parsing S_SCI_Adj_Sec... done.

Parsing F_SCI_EfeS_Sec... done.

Parsing S_SCI_EfeS_Prim... done.

Parsing F_Control_Output_Channel_State... failed: (Could not parse provided transition)
Contained in package Subsystem IO | Functional requirements specification | Subsystem Generic IO - Functional Viewpoint | Subsystem Generic IO - Functional Entities

Parsing F_Control_Safe_State_Of_All_Physical_Output_Channel... done.

Parsing F_Detect_Input_Channel_State... done.

Parsing F_Monitor_Output_Channel_Disturbance_State... done.

Parsing F_SCI_IO_Receive...Warning: matching "Not " to Negation
Warning: matching "Not " to Negation
Warning: matching "Not " to Negation
Warning: matching "Not " to Negation
 done.

Parsing F_SCI_IO_Report... done.

Parsing S_SCI_IO_Command... done.

Parsing S_SCI_IO_Receive... done.

Parsing F_Control_LC_Timer... failed: (Object reference not set to an instance of an object.)
Contained in package Subsystem Level Crossing | Functional requirements specification | Subsystem Level Crossing - Functional Viewpoint | Subsystem Level Crossing - Functional Entities

Parsing F_Control_Local_Operation... done.

Parsing F_Observe_Detection_Element... done.

Parsing F_Observe_Failure_State... done.

Parsing F_Observe_LCPF... done.

Parsing F_SCI_LC_Receive... failed: (Could not parse provided transition)
Contained in package Subsystem Level Crossing | Functional requirements specification | Subsystem Level Crossing - Interfaces | SCI-LC (Subsystem -  Electronic Interlocking) | SCI-LC - Functional Viewpoint | SCI-LC - Functional Entities

Parsing F_SCI_LC_Report... failed: (Sequence contains no matching element)
Contained in package Subsystem Level Crossing | Functional requirements specification | Subsystem Level Crossing - Interfaces | SCI-LC (Subsystem -  Electronic Interlocking) | SCI-LC - Functional Viewpoint | SCI-LC - Functional Entities

Parsing S_SCI_LC_Command... done.

Parsing S_SCI_LC_Receive... failed: (Could not parse provided transition)
Contained in package Subsystem Level Crossing | Functional requirements specification | Subsystem Level Crossing - Interfaces | SCI-LC (Subsystem -  Electronic Interlocking) | SCI-LC - Functional Viewpoint | SCI-LC - Functional Entities

Parsing S_SCI_LS_Command_expl...Warn: Naming convention was violated for T5_Signal_Aspect
Warn: Naming convention was violated for T6_Luminosity
Warn: Naming convention was violated for T5_Signal_Aspect
Warn: Naming convention was violated for T6_Luminosity
 done.

Parsing F_Control_Luminosity... done.

Parsing F_Control_Signal_Aspect... done.

Parsing F_Observe_Luminosity... done.

Parsing F_Observe_Signal_Aspect... done.

Parsing F_SCI_LS_Receive... failed: (Could not parse provided transition)
Contained in package Subsystem Light Signal | Functional requirements specification | Subsystem Light Signal - Interfaces | SCI-LS (Subsystem - Electronic Interlocking) | SCI-LS - Functional Viewpoint | SCI-LS - Functional Entities

Parsing F_SCI_LS_Report... failed: (Name)
Contained in package Subsystem Light Signal | Functional requirements specification | Subsystem Light Signal - Interfaces | SCI-LS (Subsystem - Electronic Interlocking) | SCI-LS - Functional Viewpoint | SCI-LS - Functional Entities

Parsing S_SCI_LS_Command... done.

Parsing S_SCI_LS_Receive... failed: (Could not parse provided transition)
Contained in package Subsystem Light Signal | Functional requirements specification | Subsystem Light Signal - Interfaces | SCI-LS (Subsystem - Electronic Interlocking) | SCI-LS - Functional Viewpoint | SCI-LS - Functional Entities

Parsing F_Control_Point_Machine_Position... done.

Parsing F_Observe_Ability_To_Move... done.

Parsing F_Observe_Degraded_Point_Position... done.

Parsing F_Observe_Overall_Point_Position... done.

Parsing F_SCI_P_Recieve_and_Report_Timeout... done.

Parsing F_SCI_P_Report... done.

Parsing S_SCI_P_Command_And_Recieve... done.

Parsing F_Control_And_Observe_4W_PM... done.

Parsing F_Control_Timer... done.

Parsing F_Handle_Commands... failed: (Sequence contains no matching element)
Contained in package Subsystem Train Detection System | Functional requirements specification | Subsystem Train Detection System - Functional Viewpoint | Subsystem Train Detection System - Functional Entities

Parsing F_Handle_Internal_FC_U_Command... done.

Parsing F_Monitor_Report_Status... failed: (Could not parse provided transition)
Contained in package Subsystem Train Detection System | Functional requirements specification | Subsystem Train Detection System - Functional Viewpoint | Subsystem Train Detection System - Functional Entities

Parsing F_Observe_Ability_to_be_Forced_to_clear... done.

Parsing F_Observe_Occupancy_Status... failed: (Could not parse provided transition)
Contained in package Subsystem Train Detection System | Functional requirements specification | Subsystem Train Detection System - Functional Viewpoint | Subsystem Train Detection System - Functional Entities

Parsing F_Observe_TDP... done.

Parsing F_Observe_Track_Circuits... done.

Parsing F_Perform_FC_P_Or_FC_P_A... failed: (Could not parse provided transition)
Contained in package Subsystem Train Detection System | Functional requirements specification | Subsystem Train Detection System - Functional Viewpoint | Subsystem Train Detection System - Functional Entities

Parsing F_TDS6_Maintainer_Commands_And_Messages... failed: (Could not parse provided transition)
Contained in package Subsystem Train Detection System | Functional requirements specification | Subsystem Train Detection System - Functional Viewpoint | Subsystem Train Detection System - Functional Entities

Parsing F_SCI_TDS_Receive... failed: (Could not parse provided transition)
Contained in package Subsystem Train Detection System | Functional requirements specification | Subsystem Train Detection System - Interfaces | SCI-TDS (Subsystem – Electronic Interlocking) | SCI-TDS - Functional Viewpoint | SCI-TDS - Functional Entities

Parsing F_SCI_TDS_Report_TDP... done.

Parsing F_SCI_TDS_Report_Track_Circuit... done.

Parsing F_SCI_TDS_Report_TVPS... failed: (Invalid integer value: LiteralIdentifier { RawName = cOp2_Fillinglevel(), Name = Cop2Fillinglevel() })
Contained in package Subsystem Train Detection System | Functional requirements specification | Subsystem Train Detection System - Interfaces | SCI-TDS (Subsystem – Electronic Interlocking) | SCI-TDS - Functional Viewpoint | SCI-TDS - Functional Entities

Parsing S_SCI_TDS_Command... done.

Parsing S_SCI_TDS_Receive_TDP... failed: (Could not parse provided transition)
Contained in package Subsystem Train Detection System | Functional requirements specification | Subsystem Train Detection System - Interfaces | SCI-TDS (Subsystem – Electronic Interlocking) | SCI-TDS - Functional Viewpoint | SCI-TDS - Functional Entities

Parsing S_SCI_TDS_Receive_Track_Circuit... failed: (Could not parse provided transition)
Contained in package Subsystem Train Detection System | Functional requirements specification | Subsystem Train Detection System - Interfaces | SCI-TDS (Subsystem – Electronic Interlocking) | SCI-TDS - Functional Viewpoint | SCI-TDS - Functional Entities

Parsing S_SCI_TDS_Receive_TVPS... failed: (Could not parse provided transition)
Contained in package Subsystem Train Detection System | Functional requirements specification | Subsystem Train Detection System - Interfaces | SCI-TDS (Subsystem – Electronic Interlocking) | SCI-TDS - Functional Viewpoint | SCI-TDS - Functional Entities


Warn: Property Aspect Lamp Combinations has no type, assuming string.
Warn: Property Aspect Extension Lamp Combinations has no type, assuming string.
Warn: Property Speed Indicator has no type, assuming string.
Warn: Property Speed Indicator Announcement has no type, assuming string.
Warn: Property Direction Indicator has no type, assuming string.
Warn: Property Direction Indicator Announcement has no type, assuming string.
Warn: Property Aspect Lamp Combinations has no type, assuming string.
Warn: Property Aspect Extension Lamp Combinations has no type, assuming string.
Warn: Property Speed Indicator has no type, assuming string.
Warn: Property Speed Indicator Announcement has no type, assuming string.
Warn: Property Direction Indicator has no type, assuming string.
Warn: Property Direction Indicator Announcement has no type, assuming string.
Parsing S_SCI_Adj_Prim... done.

Parsing S_SCI_Adj_Sec... done.

Parsing F_SCI_EfeS_Sec... done.

Parsing S_SCI_EfeS_Prim... done.

Parsing F_Control_Output_Channel_State... failed: (Could not parse provided transition)
Contained in package Subsystem IO | Functional requirements specification | Subsystem Generic IO - Functional Viewpoint | Subsystem Generic IO - Functional Entities

Parsing F_Control_Safe_State_Of_All_Physical_Output_Channel... done.

Parsing F_Detect_Input_Channel_State... done.

Parsing F_Monitor_Output_Channel_Disturbance_State... done.

Parsing F_SCI_IO_Receive...Warning: matching "Not " to Negation
Warning: matching "Not " to Negation
Warning: matching "Not " to Negation
Warning: matching "Not " to Negation
 done.

Parsing F_SCI_IO_Report... done.

Parsing S_SCI_IO_Command... done.

Parsing S_SCI_IO_Receive... done.

Parsing F_Control_LC_Timer... failed: (Object reference not set to an instance of an object.)
Contained in package Subsystem Level Crossing | Functional requirements specification | Subsystem Level Crossing - Functional Viewpoint | Subsystem Level Crossing - Functional Entities

Parsing F_Control_Local_Operation... done.

Parsing F_Observe_Detection_Element... done.

Parsing F_Observe_Failure_State... done.

Parsing F_Observe_LCPF... done.

Parsing F_SCI_LC_Receive... failed: (Could not parse provided transition)
Contained in package Subsystem Level Crossing | Functional requirements specification | Subsystem Level Crossing - Interfaces | SCI-LC (Subsystem -  Electronic Interlocking) | SCI-LC - Functional Viewpoint | SCI-LC - Functional Entities

Parsing F_SCI_LC_Report... failed: (Sequence contains no matching element)
Contained in package Subsystem Level Crossing | Functional requirements specification | Subsystem Level Crossing - Interfaces | SCI-LC (Subsystem -  Electronic Interlocking) | SCI-LC - Functional Viewpoint | SCI-LC - Functional Entities

Parsing S_SCI_LC_Command... done.

Parsing S_SCI_LC_Receive... failed: (Could not parse provided transition)
Contained in package Subsystem Level Crossing | Functional requirements specification | Subsystem Level Crossing - Interfaces | SCI-LC (Subsystem -  Electronic Interlocking) | SCI-LC - Functional Viewpoint | SCI-LC - Functional Entities

Parsing S_SCI_LS_Command_expl...Warn: Naming convention was violated for T5_Signal_Aspect
Warn: Naming convention was violated for T6_Luminosity
Warn: Naming convention was violated for T5_Signal_Aspect
Warn: Naming convention was violated for T6_Luminosity
 done.

Parsing F_Control_Luminosity... done.

Parsing F_Control_Signal_Aspect... done.

Parsing F_Observe_Luminosity... done.

Parsing F_Observe_Signal_Aspect... done.

Parsing F_SCI_LS_Receive... failed: (Could not parse provided transition)
Contained in package Subsystem Light Signal | Functional requirements specification | Subsystem Light Signal - Interfaces | SCI-LS (Subsystem - Electronic Interlocking) | SCI-LS - Functional Viewpoint | SCI-LS - Functional Entities

Parsing F_SCI_LS_Report... failed: (Name)
Contained in package Subsystem Light Signal | Functional requirements specification | Subsystem Light Signal - Interfaces | SCI-LS (Subsystem - Electronic Interlocking) | SCI-LS - Functional Viewpoint | SCI-LS - Functional Entities

Parsing S_SCI_LS_Command... done.

Parsing S_SCI_LS_Receive... failed: (Could not parse provided transition)
Contained in package Subsystem Light Signal | Functional requirements specification | Subsystem Light Signal - Interfaces | SCI-LS (Subsystem - Electronic Interlocking) | SCI-LS - Functional Viewpoint | SCI-LS - Functional Entities

Parsing F_Control_Point_Machine_Position... done.

Parsing F_Observe_Ability_To_Move... done.

Parsing F_Observe_Degraded_Point_Position... done.

Parsing F_Observe_Overall_Point_Position... done.

Parsing F_SCI_P_Recieve_and_Report_Timeout... done.

Parsing F_SCI_P_Report... done.

Parsing S_SCI_P_Command_And_Recieve... done.

Parsing F_Control_And_Observe_4W_PM... done.

Parsing F_Control_Timer... done.

Parsing F_Handle_Commands... failed: (Sequence contains no matching element)
Contained in package Subsystem Train Detection System | Functional requirements specification | Subsystem Train Detection System - Functional Viewpoint | Subsystem Train Detection System - Functional Entities

Parsing F_Handle_Internal_FC_U_Command... done.

Parsing F_Monitor_Report_Status... failed: (Could not parse provided transition)
Contained in package Subsystem Train Detection System | Functional requirements specification | Subsystem Train Detection System - Functional Viewpoint | Subsystem Train Detection System - Functional Entities

Parsing F_Observe_Ability_to_be_Forced_to_clear... done.

Parsing F_Observe_Occupancy_Status... failed: (Could not parse provided transition)
Contained in package Subsystem Train Detection System | Functional requirements specification | Subsystem Train Detection System - Functional Viewpoint | Subsystem Train Detection System - Functional Entities

Parsing F_Observe_TDP... done.

Parsing F_Observe_Track_Circuits... done.

Parsing F_Perform_FC_P_Or_FC_P_A... failed: (Could not parse provided transition)
Contained in package Subsystem Train Detection System | Functional requirements specification | Subsystem Train Detection System - Functional Viewpoint | Subsystem Train Detection System - Functional Entities

Parsing F_TDS6_Maintainer_Commands_And_Messages... failed: (Could not parse provided transition)
Contained in package Subsystem Train Detection System | Functional requirements specification | Subsystem Train Detection System - Functional Viewpoint | Subsystem Train Detection System - Functional Entities

Parsing F_SCI_TDS_Receive... failed: (Could not parse provided transition)
Contained in package Subsystem Train Detection System | Functional requirements specification | Subsystem Train Detection System - Interfaces | SCI-TDS (Subsystem – Electronic Interlocking) | SCI-TDS - Functional Viewpoint | SCI-TDS - Functional Entities

Parsing F_SCI_TDS_Report_TDP... done.

Parsing F_SCI_TDS_Report_Track_Circuit... done.

Parsing F_SCI_TDS_Report_TVPS... failed: (Invalid integer value: LiteralIdentifier { RawName = cOp2_Fillinglevel(), Name = Cop2Fillinglevel() })
Contained in package Subsystem Train Detection System | Functional requirements specification | Subsystem Train Detection System - Interfaces | SCI-TDS (Subsystem – Electronic Interlocking) | SCI-TDS - Functional Viewpoint | SCI-TDS - Functional Entities

Parsing S_SCI_TDS_Command... done.

Parsing S_SCI_TDS_Receive_TDP... failed: (Could not parse provided transition)
Contained in package Subsystem Train Detection System | Functional requirements specification | Subsystem Train Detection System - Interfaces | SCI-TDS (Subsystem – Electronic Interlocking) | SCI-TDS - Functional Viewpoint | SCI-TDS - Functional Entities

Parsing S_SCI_TDS_Receive_Track_Circuit... failed: (Could not parse provided transition)
Contained in package Subsystem Train Detection System | Functional requirements specification | Subsystem Train Detection System - Interfaces | SCI-TDS (Subsystem – Electronic Interlocking) | SCI-TDS - Functional Viewpoint | SCI-TDS - Functional Entities

Parsing S_SCI_TDS_Receive_TVPS... failed: (Could not parse provided transition)
Contained in package Subsystem Train Detection System | Functional requirements specification | Subsystem Train Detection System - Interfaces | SCI-TDS (Subsystem – Electronic Interlocking) | SCI-TDS - Functional Viewpoint | SCI-TDS - Functional Entities


Warn: Property Aspect Lamp Combinations has no type, assuming string.
Warn: Property Aspect Extension Lamp Combinations has no type, assuming string.
Warn: Property Speed Indicator has no type, assuming string.
Warn: Property Speed Indicator Announcement has no type, assuming string.
Warn: Property Direction Indicator has no type, assuming string.
Warn: Property Direction Indicator Announcement has no type, assuming string.
Warn: Property Aspect Lamp Combinations has no type, assuming string.
Warn: Property Aspect Extension Lamp Combinations has no type, assuming string.
Warn: Property Speed Indicator has no type, assuming string.
Warn: Property Speed Indicator Announcement has no type, assuming string.
Warn: Property Direction Indicator has no type, assuming string.
Warn: Property Direction Indicator Announcement has no type, assuming string.
Parsing S_SCI_Adj_Prim... done.

Parsing S_SCI_Adj_Sec... done.

Parsing F_SCI_EfeS_Sec... done.

Parsing S_SCI_EfeS_Prim... done.

Parsing F_Control_Output_Channel_State... failed: (Could not parse provided transition)
Contained in package Subsystem IO | Functional requirements specification | Subsystem Generic IO - Functional Viewpoint | Subsystem Generic IO - Functional Entities

Parsing F_Control_Safe_State_Of_All_Physical_Output_Channel... done.

Parsing F_Detect_Input_Channel_State... done.

Parsing F_Monitor_Output_Channel_Disturbance_State... done.

Parsing F_SCI_IO_Receive...Warning: matching "Not " to Negation
Warning: matching "Not " to Negation
Warning: matching "Not " to Negation
Warning: matching "Not " to Negation
 done.

Parsing F_SCI_IO_Report... done.

Parsing S_SCI_IO_Command... done.

Parsing S_SCI_IO_Receive... done.

Parsing F_Control_LC_Timer... failed: (Object reference not set to an instance of an object.)
Contained in package Subsystem Level Crossing | Functional requirements specification | Subsystem Level Crossing - Functional Viewpoint | Subsystem Level Crossing - Functional Entities

Parsing F_Control_Local_Operation... done.

Parsing F_Observe_Detection_Element... done.

Parsing F_Observe_Failure_State... done.

Parsing F_Observe_LCPF... done.

Parsing F_SCI_LC_Receive... failed: (Could not parse provided transition)
Contained in package Subsystem Level Crossing | Functional requirements specification | Subsystem Level Crossing - Interfaces | SCI-LC (Subsystem -  Electronic Interlocking) | SCI-LC - Functional Viewpoint | SCI-LC - Functional Entities

Parsing F_SCI_LC_Report... failed: (Sequence contains no matching element)
Contained in package Subsystem Level Crossing | Functional requirements specification | Subsystem Level Crossing - Interfaces | SCI-LC (Subsystem -  Electronic Interlocking) | SCI-LC - Functional Viewpoint | SCI-LC - Functional Entities

Parsing S_SCI_LC_Command... done.

Parsing S_SCI_LC_Receive... failed: (Could not parse provided transition)
Contained in package Subsystem Level Crossing | Functional requirements specification | Subsystem Level Crossing - Interfaces | SCI-LC (Subsystem -  Electronic Interlocking) | SCI-LC - Functional Viewpoint | SCI-LC - Functional Entities

Parsing S_SCI_LS_Command_expl...Warn: Naming convention was violated for T5_Signal_Aspect
Warn: Naming convention was violated for T6_Luminosity
Warn: Naming convention was violated for T5_Signal_Aspect
Warn: Naming convention was violated for T6_Luminosity
 done.

Parsing F_Control_Luminosity... done.

Parsing F_Control_Signal_Aspect... done.

Parsing F_Observe_Luminosity... done.

Parsing F_Observe_Signal_Aspect... done.

Parsing F_SCI_LS_Receive... failed: (Could not parse provided transition)
Contained in package Subsystem Light Signal | Functional requirements specification | Subsystem Light Signal - Interfaces | SCI-LS (Subsystem - Electronic Interlocking) | SCI-LS - Functional Viewpoint | SCI-LS - Functional Entities

Parsing F_SCI_LS_Report... failed: (Name)
Contained in package Subsystem Light Signal | Functional requirements specification | Subsystem Light Signal - Interfaces | SCI-LS (Subsystem - Electronic Interlocking) | SCI-LS - Functional Viewpoint | SCI-LS - Functional Entities

Parsing S_SCI_LS_Command... done.

Parsing S_SCI_LS_Receive... failed: (Could not parse provided transition)
Contained in package Subsystem Light Signal | Functional requirements specification | Subsystem Light Signal - Interfaces | SCI-LS (Subsystem - Electronic Interlocking) | SCI-LS - Functional Viewpoint | SCI-LS - Functional Entities

Parsing F_Control_Point_Machine_Position... done.

Parsing F_Observe_Ability_To_Move... done.

Parsing F_Observe_Degraded_Point_Position... done.

Parsing F_Observe_Overall_Point_Position... done.

Parsing F_SCI_P_Recieve_and_Report_Timeout... done.

Parsing F_SCI_P_Report... done.

Parsing S_SCI_P_Command_And_Recieve... done.

Parsing F_Control_And_Observe_4W_PM... done.

Parsing F_Control_Timer... done.

Parsing F_Handle_Commands... failed: (Sequence contains no matching element)
Contained in package Subsystem Train Detection System | Functional requirements specification | Subsystem Train Detection System - Functional Viewpoint | Subsystem Train Detection System - Functional Entities

Parsing F_Handle_Internal_FC_U_Command... done.

Parsing F_Monitor_Report_Status... failed: (Could not parse provided transition)
Contained in package Subsystem Train Detection System | Functional requirements specification | Subsystem Train Detection System - Functional Viewpoint | Subsystem Train Detection System - Functional Entities

Parsing F_Observe_Ability_to_be_Forced_to_clear... done.

Parsing F_Observe_Occupancy_Status... failed: (Could not parse provided transition)
Contained in package Subsystem Train Detection System | Functional requirements specification | Subsystem Train Detection System - Functional Viewpoint | Subsystem Train Detection System - Functional Entities

Parsing F_Observe_TDP... done.

Parsing F_Observe_Track_Circuits... done.

Parsing F_Perform_FC_P_Or_FC_P_A... failed: (Could not parse provided transition)
Contained in package Subsystem Train Detection System | Functional requirements specification | Subsystem Train Detection System - Functional Viewpoint | Subsystem Train Detection System - Functional Entities

Parsing F_TDS6_Maintainer_Commands_And_Messages... failed: (Could not parse provided transition)
Contained in package Subsystem Train Detection System | Functional requirements specification | Subsystem Train Detection System - Functional Viewpoint | Subsystem Train Detection System - Functional Entities

Parsing F_SCI_TDS_Receive... failed: (Could not parse provided transition)
Contained in package Subsystem Train Detection System | Functional requirements specification | Subsystem Train Detection System - Interfaces | SCI-TDS (Subsystem – Electronic Interlocking) | SCI-TDS - Functional Viewpoint | SCI-TDS - Functional Entities

Parsing F_SCI_TDS_Report_TDP... done.

Parsing F_SCI_TDS_Report_Track_Circuit... done.

Parsing F_SCI_TDS_Report_TVPS... failed: (Invalid integer value: LiteralIdentifier { RawName = cOp2_Fillinglevel(), Name = Cop2Fillinglevel() })
Contained in package Subsystem Train Detection System | Functional requirements specification | Subsystem Train Detection System - Interfaces | SCI-TDS (Subsystem – Electronic Interlocking) | SCI-TDS - Functional Viewpoint | SCI-TDS - Functional Entities

Parsing S_SCI_TDS_Command... done.

Parsing S_SCI_TDS_Receive_TDP... failed: (Could not parse provided transition)
Contained in package Subsystem Train Detection System | Functional requirements specification | Subsystem Train Detection System - Interfaces | SCI-TDS (Subsystem – Electronic Interlocking) | SCI-TDS - Functional Viewpoint | SCI-TDS - Functional Entities

Parsing S_SCI_TDS_Receive_Track_Circuit... failed: (Could not parse provided transition)
Contained in package Subsystem Train Detection System | Functional requirements specification | Subsystem Train Detection System - Interfaces | SCI-TDS (Subsystem – Electronic Interlocking) | SCI-TDS - Functional Viewpoint | SCI-TDS - Functional Entities

Parsing S_SCI_TDS_Receive_TVPS... failed: (Could not parse provided transition)
Contained in package Subsystem Train Detection System | Functional requirements specification | Subsystem Train Detection System - Interfaces | SCI-TDS (Subsystem – Electronic Interlocking) | SCI-TDS - Functional Viewpoint | SCI-TDS - Functional Entities


Warn: Property Aspect Lamp Combinations has no type, assuming string.
Warn: Property Aspect Extension Lamp Combinations has no type, assuming string.
Warn: Property Speed Indicator has no type, assuming string.
Warn: Property Speed Indicator Announcement has no type, assuming string.
Warn: Property Direction Indicator has no type, assuming string.
Warn: Property Direction Indicator Announcement has no type, assuming string.
Warn: Property Aspect Lamp Combinations has no type, assuming string.
Warn: Property Aspect Extension Lamp Combinations has no type, assuming string.
Warn: Property Speed Indicator has no type, assuming string.
Warn: Property Speed Indicator Announcement has no type, assuming string.
Warn: Property Direction Indicator has no type, assuming string.
Warn: Property Direction Indicator Announcement has no type, assuming string.
Parsing S_SCI_Adj_Prim... done.

Parsing S_SCI_Adj_Sec... done.

Parsing F_SCI_EfeS_Sec... done.

Parsing S_SCI_EfeS_Prim... done.

Parsing F_Control_Output_Channel_State... failed: (Could not parse provided transition)
Contained in package Subsystem IO | Functional requirements specification | Subsystem Generic IO - Functional Viewpoint | Subsystem Generic IO - Functional Entities

Parsing F_Control_Safe_State_Of_All_Physical_Output_Channel... done.

Parsing F_Detect_Input_Channel_State... done.

Parsing F_Monitor_Output_Channel_Disturbance_State... done.

Parsing F_SCI_IO_Receive...Warning: matching "Not " to Negation
Warning: matching "Not " to Negation
Warning: matching "Not " to Negation
Warning: matching "Not " to Negation
 done.

Parsing F_SCI_IO_Report... done.

Parsing S_SCI_IO_Command... done.

Parsing S_SCI_IO_Receive... done.

Parsing F_Control_LC_Timer... failed: (Object reference not set to an instance of an object.)
Contained in package Subsystem Level Crossing | Functional requirements specification | Subsystem Level Crossing - Functional Viewpoint | Subsystem Level Crossing - Functional Entities

Parsing F_Control_Local_Operation... done.

Parsing F_Observe_Detection_Element... done.

Parsing F_Observe_Failure_State... done.

Parsing F_Observe_LCPF... done.

Parsing F_SCI_LC_Receive... failed: (Could not parse provided transition)
Contained in package Subsystem Level Crossing | Functional requirements specification | Subsystem Level Crossing - Interfaces | SCI-LC (Subsystem -  Electronic Interlocking) | SCI-LC - Functional Viewpoint | SCI-LC - Functional Entities

Parsing F_SCI_LC_Report... failed: (Sequence contains no matching element)
Contained in package Subsystem Level Crossing | Functional requirements specification | Subsystem Level Crossing - Interfaces | SCI-LC (Subsystem -  Electronic Interlocking) | SCI-LC - Functional Viewpoint | SCI-LC - Functional Entities

Parsing S_SCI_LC_Command... done.

Parsing S_SCI_LC_Receive... failed: (Could not parse provided transition)
Contained in package Subsystem Level Crossing | Functional requirements specification | Subsystem Level Crossing - Interfaces | SCI-LC (Subsystem -  Electronic Interlocking) | SCI-LC - Functional Viewpoint | SCI-LC - Functional Entities

Parsing S_SCI_LS_Command_expl...Warn: Naming convention was violated for T5_Signal_Aspect
Warn: Naming convention was violated for T6_Luminosity
Warn: Naming convention was violated for T5_Signal_Aspect
Warn: Naming convention was violated for T6_Luminosity
 done.

Parsing F_Control_Luminosity... done.

Parsing F_Control_Signal_Aspect... done.

Parsing F_Observe_Luminosity... done.

Parsing F_Observe_Signal_Aspect... done.

Parsing F_SCI_LS_Receive... failed: (Could not parse provided transition)
Contained in package Subsystem Light Signal | Functional requirements specification | Subsystem Light Signal - Interfaces | SCI-LS (Subsystem - Electronic Interlocking) | SCI-LS - Functional Viewpoint | SCI-LS - Functional Entities

Parsing F_SCI_LS_Report... failed: (Name)
Contained in package Subsystem Light Signal | Functional requirements specification | Subsystem Light Signal - Interfaces | SCI-LS (Subsystem - Electronic Interlocking) | SCI-LS - Functional Viewpoint | SCI-LS - Functional Entities

Parsing S_SCI_LS_Command... done.

Parsing S_SCI_LS_Receive... failed: (Could not parse provided transition)
Contained in package Subsystem Light Signal | Functional requirements specification | Subsystem Light Signal - Interfaces | SCI-LS (Subsystem - Electronic Interlocking) | SCI-LS - Functional Viewpoint | SCI-LS - Functional Entities

Parsing F_Control_Point_Machine_Position... done.

Parsing F_Observe_Ability_To_Move... done.

Parsing F_Observe_Degraded_Point_Position... done.

Parsing F_Observe_Overall_Point_Position... done.

Parsing F_SCI_P_Recieve_and_Report_Timeout... done.

Parsing F_SCI_P_Report... done.

Parsing S_SCI_P_Command_And_Recieve... done.

Parsing F_Control_And_Observe_4W_PM... done.

Parsing F_Control_Timer... done.

Parsing F_Handle_Commands... failed: (Sequence contains no matching element)
Contained in package Subsystem Train Detection System | Functional requirements specification | Subsystem Train Detection System - Functional Viewpoint | Subsystem Train Detection System - Functional Entities

Parsing F_Handle_Internal_FC_U_Command... done.

Parsing F_Monitor_Report_Status... failed: (Could not parse provided transition)
Contained in package Subsystem Train Detection System | Functional requirements specification | Subsystem Train Detection System - Functional Viewpoint | Subsystem Train Detection System - Functional Entities

Parsing F_Observe_Ability_to_be_Forced_to_clear... done.

Parsing F_Observe_Occupancy_Status... failed: (Could not parse provided transition)
Contained in package Subsystem Train Detection System | Functional requirements specification | Subsystem Train Detection System - Functional Viewpoint | Subsystem Train Detection System - Functional Entities

Parsing F_Observe_TDP... done.

Parsing F_Observe_Track_Circuits... done.

Parsing F_Perform_FC_P_Or_FC_P_A... failed: (Could not parse provided transition)
Contained in package Subsystem Train Detection System | Functional requirements specification | Subsystem Train Detection System - Functional Viewpoint | Subsystem Train Detection System - Functional Entities

Parsing F_TDS6_Maintainer_Commands_And_Messages... failed: (Could not parse provided transition)
Contained in package Subsystem Train Detection System | Functional requirements specification | Subsystem Train Detection System - Functional Viewpoint | Subsystem Train Detection System - Functional Entities

Parsing F_SCI_TDS_Receive... failed: (Could not parse provided transition)
Contained in package Subsystem Train Detection System | Functional requirements specification | Subsystem Train Detection System - Interfaces | SCI-TDS (Subsystem – Electronic Interlocking) | SCI-TDS - Functional Viewpoint | SCI-TDS - Functional Entities

Parsing F_SCI_TDS_Report_TDP... done.

Parsing F_SCI_TDS_Report_Track_Circuit... done.

Parsing F_SCI_TDS_Report_TVPS... failed: (Invalid integer value: LiteralIdentifier { RawName = cOp2_Fillinglevel(), Name = Cop2Fillinglevel() })
Contained in package Subsystem Train Detection System | Functional requirements specification | Subsystem Train Detection System - Interfaces | SCI-TDS (Subsystem – Electronic Interlocking) | SCI-TDS - Functional Viewpoint | SCI-TDS - Functional Entities

Parsing S_SCI_TDS_Command... done.

Parsing S_SCI_TDS_Receive_TDP... failed: (Could not parse provided transition)
Contained in package Subsystem Train Detection System | Functional requirements specification | Subsystem Train Detection System - Interfaces | SCI-TDS (Subsystem – Electronic Interlocking) | SCI-TDS - Functional Viewpoint | SCI-TDS - Functional Entities

Parsing S_SCI_TDS_Receive_Track_Circuit... failed: (Could not parse provided transition)
Contained in package Subsystem Train Detection System | Functional requirements specification | Subsystem Train Detection System - Interfaces | SCI-TDS (Subsystem – Electronic Interlocking) | SCI-TDS - Functional Viewpoint | SCI-TDS - Functional Entities

Parsing S_SCI_TDS_Receive_TVPS... failed: (Could not parse provided transition)
Contained in package Subsystem Train Detection System | Functional requirements specification | Subsystem Train Detection System - Interfaces | SCI-TDS (Subsystem – Electronic Interlocking) | SCI-TDS - Functional Viewpoint | SCI-TDS - Functional Entities


Warn: Property Aspect Lamp Combinations has no type, assuming string.
Warn: Property Aspect Extension Lamp Combinations has no type, assuming string.
Warn: Property Speed Indicator has no type, assuming string.
Warn: Property Speed Indicator Announcement has no type, assuming string.
Warn: Property Direction Indicator has no type, assuming string.
Warn: Property Direction Indicator Announcement has no type, assuming string.
Warn: Property Aspect Lamp Combinations has no type, assuming string.
Warn: Property Aspect Extension Lamp Combinations has no type, assuming string.
Warn: Property Speed Indicator has no type, assuming string.
Warn: Property Speed Indicator Announcement has no type, assuming string.
Warn: Property Direction Indicator has no type, assuming string.
Warn: Property Direction Indicator Announcement has no type, assuming string.
Parsing S_SCI_Adj_Prim... done.

Parsing S_SCI_Adj_Sec... done.

Parsing F_SCI_EfeS_Sec... done.

Parsing S_SCI_EfeS_Prim... done.

Parsing F_Control_Output_Channel_State... failed: (Could not parse provided transition)
Contained in package Subsystem IO | Functional requirements specification | Subsystem Generic IO - Functional Viewpoint | Subsystem Generic IO - Functional Entities

Parsing F_Control_Safe_State_Of_All_Physical_Output_Channel... done.

Parsing F_Detect_Input_Channel_State... done.

Parsing F_Monitor_Output_Channel_Disturbance_State... done.

Parsing F_SCI_IO_Receive...Warning: matching "Not " to Negation
Warning: matching "Not " to Negation
Warning: matching "Not " to Negation
Warning: matching "Not " to Negation
 done.

Parsing F_SCI_IO_Report... done.

Parsing S_SCI_IO_Command... done.

Parsing S_SCI_IO_Receive... done.

Parsing F_Control_LC_Timer... failed: (Object reference not set to an instance of an object.)
Contained in package Subsystem Level Crossing | Functional requirements specification | Subsystem Level Crossing - Functional Viewpoint | Subsystem Level Crossing - Functional Entities

Parsing F_Control_Local_Operation... done.

Parsing F_Observe_Detection_Element... done.

Parsing F_Observe_Failure_State... done.

Parsing F_Observe_LCPF... done.

Parsing F_SCI_LC_Receive... failed: (Could not parse provided transition)
Contained in package Subsystem Level Crossing | Functional requirements specification | Subsystem Level Crossing - Interfaces | SCI-LC (Subsystem -  Electronic Interlocking) | SCI-LC - Functional Viewpoint | SCI-LC - Functional Entities

Parsing F_SCI_LC_Report... failed: (Sequence contains no matching element)
Contained in package Subsystem Level Crossing | Functional requirements specification | Subsystem Level Crossing - Interfaces | SCI-LC (Subsystem -  Electronic Interlocking) | SCI-LC - Functional Viewpoint | SCI-LC - Functional Entities

Parsing S_SCI_LC_Command... done.

Parsing S_SCI_LC_Receive... failed: (Could not parse provided transition)
Contained in package Subsystem Level Crossing | Functional requirements specification | Subsystem Level Crossing - Interfaces | SCI-LC (Subsystem -  Electronic Interlocking) | SCI-LC - Functional Viewpoint | SCI-LC - Functional Entities

Parsing S_SCI_LS_Command_expl...Warn: Naming convention was violated for T5_Signal_Aspect
Warn: Naming convention was violated for T6_Luminosity
Warn: Naming convention was violated for T5_Signal_Aspect
Warn: Naming convention was violated for T6_Luminosity
 done.

Parsing F_Control_Luminosity... done.

Parsing F_Control_Signal_Aspect... done.

Parsing F_Observe_Luminosity... done.

Parsing F_Observe_Signal_Aspect... done.

Parsing F_SCI_LS_Receive... failed: (Could not parse provided transition)
Contained in package Subsystem Light Signal | Functional requirements specification | Subsystem Light Signal - Interfaces | SCI-LS (Subsystem - Electronic Interlocking) | SCI-LS - Functional Viewpoint | SCI-LS - Functional Entities

Parsing F_SCI_LS_Report... failed: (Name)
Contained in package Subsystem Light Signal | Functional requirements specification | Subsystem Light Signal - Interfaces | SCI-LS (Subsystem - Electronic Interlocking) | SCI-LS - Functional Viewpoint | SCI-LS - Functional Entities

Parsing S_SCI_LS_Command... done.

Parsing S_SCI_LS_Receive... failed: (Could not parse provided transition)
Contained in package Subsystem Light Signal | Functional requirements specification | Subsystem Light Signal - Interfaces | SCI-LS (Subsystem - Electronic Interlocking) | SCI-LS - Functional Viewpoint | SCI-LS - Functional Entities

Parsing F_Control_Point_Machine_Position... done.

Parsing F_Observe_Ability_To_Move... done.

Parsing F_Observe_Degraded_Point_Position... done.

Parsing F_Observe_Overall_Point_Position... done.

Parsing F_SCI_P_Recieve_and_Report_Timeout... done.

Parsing F_SCI_P_Report... done.

Parsing S_SCI_P_Command_And_Recieve... done.

Parsing F_Control_And_Observe_4W_PM... done.

Parsing F_Control_Timer... done.

Parsing F_Handle_Commands... failed: (Sequence contains no matching element)
Contained in package Subsystem Train Detection System | Functional requirements specification | Subsystem Train Detection System - Functional Viewpoint | Subsystem Train Detection System - Functional Entities

Parsing F_Handle_Internal_FC_U_Command... done.

Parsing F_Monitor_Report_Status... failed: (Could not parse provided transition)
Contained in package Subsystem Train Detection System | Functional requirements specification | Subsystem Train Detection System - Functional Viewpoint | Subsystem Train Detection System - Functional Entities

Parsing F_Observe_Ability_to_be_Forced_to_clear... done.

Parsing F_Observe_Occupancy_Status... failed: (Could not parse provided transition)
Contained in package Subsystem Train Detection System | Functional requirements specification | Subsystem Train Detection System - Functional Viewpoint | Subsystem Train Detection System - Functional Entities

Parsing F_Observe_TDP... done.

Parsing F_Observe_Track_Circuits... done.

Parsing F_Perform_FC_P_Or_FC_P_A... failed: (Could not parse provided transition)
Contained in package Subsystem Train Detection System | Functional requirements specification | Subsystem Train Detection System - Functional Viewpoint | Subsystem Train Detection System - Functional Entities

Parsing F_TDS6_Maintainer_Commands_And_Messages... failed: (Could not parse provided transition)
Contained in package Subsystem Train Detection System | Functional requirements specification | Subsystem Train Detection System - Functional Viewpoint | Subsystem Train Detection System - Functional Entities

Parsing F_SCI_TDS_Receive... failed: (Could not parse provided transition)
Contained in package Subsystem Train Detection System | Functional requirements specification | Subsystem Train Detection System - Interfaces | SCI-TDS (Subsystem – Electronic Interlocking) | SCI-TDS - Functional Viewpoint | SCI-TDS - Functional Entities

Parsing F_SCI_TDS_Report_TDP... done.

Parsing F_SCI_TDS_Report_Track_Circuit... done.

Parsing F_SCI_TDS_Report_TVPS... failed: (Invalid integer value: LiteralIdentifier { RawName = cOp2_Fillinglevel(), Name = Cop2Fillinglevel() })
Contained in package Subsystem Train Detection System | Functional requirements specification | Subsystem Train Detection System - Interfaces | SCI-TDS (Subsystem – Electronic Interlocking) | SCI-TDS - Functional Viewpoint | SCI-TDS - Functional Entities

Parsing S_SCI_TDS_Command... done.

Parsing S_SCI_TDS_Receive_TDP... failed: (Could not parse provided transition)
Contained in package Subsystem Train Detection System | Functional requirements specification | Subsystem Train Detection System - Interfaces | SCI-TDS (Subsystem – Electronic Interlocking) | SCI-TDS - Functional Viewpoint | SCI-TDS - Functional Entities

Parsing S_SCI_TDS_Receive_Track_Circuit... failed: (Could not parse provided transition)
Contained in package Subsystem Train Detection System | Functional requirements specification | Subsystem Train Detection System - Interfaces | SCI-TDS (Subsystem – Electronic Interlocking) | SCI-TDS - Functional Viewpoint | SCI-TDS - Functional Entities

Parsing S_SCI_TDS_Receive_TVPS... failed: (Could not parse provided transition)
Contained in package Subsystem Train Detection System | Functional requirements specification | Subsystem Train Detection System - Interfaces | SCI-TDS (Subsystem – Electronic Interlocking) | SCI-TDS - Functional Viewpoint | SCI-TDS - Functional Entities


Warn: Property Aspect Lamp Combinations has no type, assuming string.
Warn: Property Aspect Extension Lamp Combinations has no type, assuming string.
Warn: Property Speed Indicator has no type, assuming string.
Warn: Property Speed Indicator Announcement has no type, assuming string.
Warn: Property Direction Indicator has no type, assuming string.
Warn: Property Direction Indicator Announcement has no type, assuming string.
Warn: Property Aspect Lamp Combinations has no type, assuming string.
Warn: Property Aspect Extension Lamp Combinations has no type, assuming string.
Warn: Property Speed Indicator has no type, assuming string.
Warn: Property Speed Indicator Announcement has no type, assuming string.
Warn: Property Direction Indicator has no type, assuming string.
Warn: Property Direction Indicator Announcement has no type, assuming string.
Parsing S_SCI_Adj_Prim... done.

Parsing S_SCI_Adj_Sec... done.

Parsing F_SCI_EfeS_Sec... done.

Parsing S_SCI_EfeS_Prim... done.

Parsing F_Control_Output_Channel_State... failed: (Could not parse provided transition)
Contained in package Subsystem IO | Functional requirements specification | Subsystem Generic IO - Functional Viewpoint | Subsystem Generic IO - Functional Entities

Parsing F_Control_Safe_State_Of_All_Physical_Output_Channel... done.

Parsing F_Detect_Input_Channel_State... done.

Parsing F_Monitor_Output_Channel_Disturbance_State... done.

Parsing F_SCI_IO_Receive...Warning: matching "Not " to Negation
Warning: matching "Not " to Negation
Warning: matching "Not " to Negation
Warning: matching "Not " to Negation
 done.

Parsing F_SCI_IO_Report... done.

Parsing S_SCI_IO_Command... done.

Parsing S_SCI_IO_Receive... done.

Parsing F_Control_LC_Timer... failed: (Object reference not set to an instance of an object.)
Contained in package Subsystem Level Crossing | Functional requirements specification | Subsystem Level Crossing - Functional Viewpoint | Subsystem Level Crossing - Functional Entities

Parsing F_Control_Local_Operation... done.

Parsing F_Observe_Detection_Element... done.

Parsing F_Observe_Failure_State... done.

Parsing F_Observe_LCPF... done.

Parsing F_SCI_LC_Receive... failed: (Could not parse provided transition)
Contained in package Subsystem Level Crossing | Functional requirements specification | Subsystem Level Crossing - Interfaces | SCI-LC (Subsystem -  Electronic Interlocking) | SCI-LC - Functional Viewpoint | SCI-LC - Functional Entities

Parsing F_SCI_LC_Report... failed: (Sequence contains no matching element)
Contained in package Subsystem Level Crossing | Functional requirements specification | Subsystem Level Crossing - Interfaces | SCI-LC (Subsystem -  Electronic Interlocking) | SCI-LC - Functional Viewpoint | SCI-LC - Functional Entities

Parsing S_SCI_LC_Command... done.

Parsing S_SCI_LC_Receive... failed: (Could not parse provided transition)
Contained in package Subsystem Level Crossing | Functional requirements specification | Subsystem Level Crossing - Interfaces | SCI-LC (Subsystem -  Electronic Interlocking) | SCI-LC - Functional Viewpoint | SCI-LC - Functional Entities

Parsing S_SCI_LS_Command_expl...Warn: Naming convention was violated for T5_Signal_Aspect
Warn: Naming convention was violated for T6_Luminosity
Warn: Naming convention was violated for T5_Signal_Aspect
Warn: Naming convention was violated for T6_Luminosity
 done.

Parsing F_Control_Luminosity... done.

Parsing F_Control_Signal_Aspect... done.

Parsing F_Observe_Luminosity... done.

Parsing F_Observe_Signal_Aspect... done.

Parsing F_SCI_LS_Receive... failed: (Could not parse provided transition)
Contained in package Subsystem Light Signal | Functional requirements specification | Subsystem Light Signal - Interfaces | SCI-LS (Subsystem - Electronic Interlocking) | SCI-LS - Functional Viewpoint | SCI-LS - Functional Entities

Parsing F_SCI_LS_Report... failed: (Name)
Contained in package Subsystem Light Signal | Functional requirements specification | Subsystem Light Signal - Interfaces | SCI-LS (Subsystem - Electronic Interlocking) | SCI-LS - Functional Viewpoint | SCI-LS - Functional Entities

Parsing S_SCI_LS_Command... done.

Parsing S_SCI_LS_Receive... failed: (Could not parse provided transition)
Contained in package Subsystem Light Signal | Functional requirements specification | Subsystem Light Signal - Interfaces | SCI-LS (Subsystem - Electronic Interlocking) | SCI-LS - Functional Viewpoint | SCI-LS - Functional Entities

Parsing F_Control_Point_Machine_Position... done.

Parsing F_Observe_Ability_To_Move... done.

Parsing F_Observe_Degraded_Point_Position... done.

Parsing F_Observe_Overall_Point_Position... done.

Parsing F_SCI_P_Recieve_and_Report_Timeout... done.

Parsing F_SCI_P_Report... done.

Parsing S_SCI_P_Command_And_Recieve... done.

Parsing F_Control_And_Observe_4W_PM... done.

Parsing F_Control_Timer... done.

Parsing F_Handle_Commands... failed: (Sequence contains no matching element)
Contained in package Subsystem Train Detection System | Functional requirements specification | Subsystem Train Detection System - Functional Viewpoint | Subsystem Train Detection System - Functional Entities

Parsing F_Handle_Internal_FC_U_Command... done.

Parsing F_Monitor_Report_Status... failed: (Could not parse provided transition)
Contained in package Subsystem Train Detection System | Functional requirements specification | Subsystem Train Detection System - Functional Viewpoint | Subsystem Train Detection System - Functional Entities

Parsing F_Observe_Ability_to_be_Forced_to_clear... done.

Parsing F_Observe_Occupancy_Status... failed: (Could not parse provided transition)
Contained in package Subsystem Train Detection System | Functional requirements specification | Subsystem Train Detection System - Functional Viewpoint | Subsystem Train Detection System - Functional Entities

Parsing F_Observe_TDP... done.

Parsing F_Observe_Track_Circuits... done.

Parsing F_Perform_FC_P_Or_FC_P_A... failed: (Could not parse provided transition)
Contained in package Subsystem Train Detection System | Functional requirements specification | Subsystem Train Detection System - Functional Viewpoint | Subsystem Train Detection System - Functional Entities

Parsing F_TDS6_Maintainer_Commands_And_Messages... failed: (Could not parse provided transition)
Contained in package Subsystem Train Detection System | Functional requirements specification | Subsystem Train Detection System - Functional Viewpoint | Subsystem Train Detection System - Functional Entities

Parsing F_SCI_TDS_Receive... failed: (Could not parse provided transition)
Contained in package Subsystem Train Detection System | Functional requirements specification | Subsystem Train Detection System - Interfaces | SCI-TDS (Subsystem – Electronic Interlocking) | SCI-TDS - Functional Viewpoint | SCI-TDS - Functional Entities

Parsing F_SCI_TDS_Report_TDP... done.

Parsing F_SCI_TDS_Report_Track_Circuit... done.

Parsing F_SCI_TDS_Report_TVPS... failed: (Invalid integer value: LiteralIdentifier { RawName = cOp2_Fillinglevel(), Name = Cop2Fillinglevel() })
Contained in package Subsystem Train Detection System | Functional requirements specification | Subsystem Train Detection System - Interfaces | SCI-TDS (Subsystem – Electronic Interlocking) | SCI-TDS - Functional Viewpoint | SCI-TDS - Functional Entities

Parsing S_SCI_TDS_Command... done.

Parsing S_SCI_TDS_Receive_TDP... failed: (Could not parse provided transition)
Contained in package Subsystem Train Detection System | Functional requirements specification | Subsystem Train Detection System - Interfaces | SCI-TDS (Subsystem – Electronic Interlocking) | SCI-TDS - Functional Viewpoint | SCI-TDS - Functional Entities

Parsing S_SCI_TDS_Receive_Track_Circuit... failed: (Could not parse provided transition)
Contained in package Subsystem Train Detection System | Functional requirements specification | Subsystem Train Detection System - Interfaces | SCI-TDS (Subsystem – Electronic Interlocking) | SCI-TDS - Functional Viewpoint | SCI-TDS - Functional Entities

Parsing S_SCI_TDS_Receive_TVPS... failed: (Could not parse provided transition)
Contained in package Subsystem Train Detection System | Functional requirements specification | Subsystem Train Detection System - Interfaces | SCI-TDS (Subsystem – Electronic Interlocking) | SCI-TDS - Functional Viewpoint | SCI-TDS - Functional Entities


Warn: Property Aspect Lamp Combinations has no type, assuming string.
Warn: Property Aspect Extension Lamp Combinations has no type, assuming string.
Warn: Property Speed Indicator has no type, assuming string.
Warn: Property Speed Indicator Announcement has no type, assuming string.
Warn: Property Direction Indicator has no type, assuming string.
Warn: Property Direction Indicator Announcement has no type, assuming string.
Warn: Property Aspect Lamp Combinations has no type, assuming string.
Warn: Property Aspect Extension Lamp Combinations has no type, assuming string.
Warn: Property Speed Indicator has no type, assuming string.
Warn: Property Speed Indicator Announcement has no type, assuming string.
Warn: Property Direction Indicator has no type, assuming string.
Warn: Property Direction Indicator Announcement has no type, assuming string.
Parsing S_SCI_Adj_Prim... done.

Parsing S_SCI_Adj_Sec... done.

Parsing F_SCI_EfeS_Sec... done.

Parsing S_SCI_EfeS_Prim... done.

Parsing F_Control_Output_Channel_State... failed: (Could not parse provided transition)
Contained in package Subsystem IO | Functional requirements specification | Subsystem Generic IO - Functional Viewpoint | Subsystem Generic IO - Functional Entities

Parsing F_Control_Safe_State_Of_All_Physical_Output_Channel... done.

Parsing F_Detect_Input_Channel_State... done.

Parsing F_Monitor_Output_Channel_Disturbance_State... done.

Parsing F_SCI_IO_Receive...Warning: matching "Not " to Negation
Warning: matching "Not " to Negation
Warning: matching "Not " to Negation
Warning: matching "Not " to Negation
 done.

Parsing F_SCI_IO_Report... done.

Parsing S_SCI_IO_Command... done.

Parsing S_SCI_IO_Receive... done.

Parsing F_Control_LC_Timer... failed: (Object reference not set to an instance of an object.)
Contained in package Subsystem Level Crossing | Functional requirements specification | Subsystem Level Crossing - Functional Viewpoint | Subsystem Level Crossing - Functional Entities

Parsing F_Control_Local_Operation... done.

Parsing F_Observe_Detection_Element... done.

Parsing F_Observe_Failure_State... done.

Parsing F_Observe_LCPF... done.

Parsing F_SCI_LC_Receive... failed: (Could not parse provided transition)
Contained in package Subsystem Level Crossing | Functional requirements specification | Subsystem Level Crossing - Interfaces | SCI-LC (Subsystem -  Electronic Interlocking) | SCI-LC - Functional Viewpoint | SCI-LC - Functional Entities

Parsing F_SCI_LC_Report... failed: (Sequence contains no matching element)
Contained in package Subsystem Level Crossing | Functional requirements specification | Subsystem Level Crossing - Interfaces | SCI-LC (Subsystem -  Electronic Interlocking) | SCI-LC - Functional Viewpoint | SCI-LC - Functional Entities

Parsing S_SCI_LC_Command... done.

Parsing S_SCI_LC_Receive... failed: (Could not parse provided transition)
Contained in package Subsystem Level Crossing | Functional requirements specification | Subsystem Level Crossing - Interfaces | SCI-LC (Subsystem -  Electronic Interlocking) | SCI-LC - Functional Viewpoint | SCI-LC - Functional Entities

Parsing S_SCI_LS_Command_expl...Warn: Naming convention was violated for T5_Signal_Aspect
Warn: Naming convention was violated for T6_Luminosity
Warn: Naming convention was violated for T5_Signal_Aspect
Warn: Naming convention was violated for T6_Luminosity
 done.

Parsing F_Control_Luminosity... done.

Parsing F_Control_Signal_Aspect... done.

Parsing F_Observe_Luminosity... done.

Parsing F_Observe_Signal_Aspect... done.

Parsing F_SCI_LS_Receive... failed: (Could not parse provided transition)
Contained in package Subsystem Light Signal | Functional requirements specification | Subsystem Light Signal - Interfaces | SCI-LS (Subsystem - Electronic Interlocking) | SCI-LS - Functional Viewpoint | SCI-LS - Functional Entities

Parsing F_SCI_LS_Report... failed: (Name)
Contained in package Subsystem Light Signal | Functional requirements specification | Subsystem Light Signal - Interfaces | SCI-LS (Subsystem - Electronic Interlocking) | SCI-LS - Functional Viewpoint | SCI-LS - Functional Entities

Parsing S_SCI_LS_Command... done.

Parsing S_SCI_LS_Receive... failed: (Could not parse provided transition)
Contained in package Subsystem Light Signal | Functional requirements specification | Subsystem Light Signal - Interfaces | SCI-LS (Subsystem - Electronic Interlocking) | SCI-LS - Functional Viewpoint | SCI-LS - Functional Entities

Parsing F_Control_Point_Machine_Position... done.

Parsing F_Observe_Ability_To_Move... done.

Parsing F_Observe_Degraded_Point_Position... done.

Parsing F_Observe_Overall_Point_Position... done.

Parsing F_SCI_P_Recieve_and_Report_Timeout... done.

Parsing F_SCI_P_Report... done.

Parsing S_SCI_P_Command_And_Recieve... done.

Parsing F_Control_And_Observe_4W_PM... done.

Parsing F_Control_Timer... done.

Parsing F_Handle_Commands... failed: (Sequence contains no matching element)
Contained in package Subsystem Train Detection System | Functional requirements specification | Subsystem Train Detection System - Functional Viewpoint | Subsystem Train Detection System - Functional Entities

Parsing F_Handle_Internal_FC_U_Command... done.

Parsing F_Monitor_Report_Status... failed: (Could not parse provided transition)
Contained in package Subsystem Train Detection System | Functional requirements specification | Subsystem Train Detection System - Functional Viewpoint | Subsystem Train Detection System - Functional Entities

Parsing F_Observe_Ability_to_be_Forced_to_clear... done.

Parsing F_Observe_Occupancy_Status... failed: (Could not parse provided transition)
Contained in package Subsystem Train Detection System | Functional requirements specification | Subsystem Train Detection System - Functional Viewpoint | Subsystem Train Detection System - Functional Entities

Parsing F_Observe_TDP... done.

Parsing F_Observe_Track_Circuits... done.

Parsing F_Perform_FC_P_Or_FC_P_A... failed: (Could not parse provided transition)
Contained in package Subsystem Train Detection System | Functional requirements specification | Subsystem Train Detection System - Functional Viewpoint | Subsystem Train Detection System - Functional Entities

Parsing F_TDS6_Maintainer_Commands_And_Messages... failed: (Could not parse provided transition)
Contained in package Subsystem Train Detection System | Functional requirements specification | Subsystem Train Detection System - Functional Viewpoint | Subsystem Train Detection System - Functional Entities

Parsing F_SCI_TDS_Receive... failed: (Could not parse provided transition)
Contained in package Subsystem Train Detection System | Functional requirements specification | Subsystem Train Detection System - Interfaces | SCI-TDS (Subsystem – Electronic Interlocking) | SCI-TDS - Functional Viewpoint | SCI-TDS - Functional Entities

Parsing F_SCI_TDS_Report_TDP... done.

Parsing F_SCI_TDS_Report_Track_Circuit... done.

Parsing F_SCI_TDS_Report_TVPS... failed: (Invalid integer value: LiteralIdentifier { RawName = cOp2_Fillinglevel(), Name = Cop2Fillinglevel() })
Contained in package Subsystem Train Detection System | Functional requirements specification | Subsystem Train Detection System - Interfaces | SCI-TDS (Subsystem – Electronic Interlocking) | SCI-TDS - Functional Viewpoint | SCI-TDS - Functional Entities

Parsing S_SCI_TDS_Command... done.

Parsing S_SCI_TDS_Receive_TDP... failed: (Could not parse provided transition)
Contained in package Subsystem Train Detection System | Functional requirements specification | Subsystem Train Detection System - Interfaces | SCI-TDS (Subsystem – Electronic Interlocking) | SCI-TDS - Functional Viewpoint | SCI-TDS - Functional Entities

Parsing S_SCI_TDS_Receive_Track_Circuit... failed: (Could not parse provided transition)
Contained in package Subsystem Train Detection System | Functional requirements specification | Subsystem Train Detection System - Interfaces | SCI-TDS (Subsystem – Electronic Interlocking) | SCI-TDS - Functional Viewpoint | SCI-TDS - Functional Entities

Parsing S_SCI_TDS_Receive_TVPS... failed: (Could not parse provided transition)
Contained in package Subsystem Train Detection System | Functional requirements specification | Subsystem Train Detection System - Interfaces | SCI-TDS (Subsystem – Electronic Interlocking) | SCI-TDS - Functional Viewpoint | SCI-TDS - Functional Entities


Warn: Property Aspect Lamp Combinations has no type, assuming string.
Warn: Property Aspect Extension Lamp Combinations has no type, assuming string.
Warn: Property Speed Indicator has no type, assuming string.
Warn: Property Speed Indicator Announcement has no type, assuming string.
Warn: Property Direction Indicator has no type, assuming string.
Warn: Property Direction Indicator Announcement has no type, assuming string.
Warn: Property Aspect Lamp Combinations has no type, assuming string.
Warn: Property Aspect Extension Lamp Combinations has no type, assuming string.
Warn: Property Speed Indicator has no type, assuming string.
Warn: Property Speed Indicator Announcement has no type, assuming string.
Warn: Property Direction Indicator has no type, assuming string.
Warn: Property Direction Indicator Announcement has no type, assuming string.
Parsing S_SCI_Adj_Prim... done.

Parsing S_SCI_Adj_Sec... done.

Parsing F_SCI_EfeS_Sec... done.

Parsing S_SCI_EfeS_Prim... done.

Parsing F_Control_Output_Channel_State... failed: (Could not parse provided transition)
Contained in package Subsystem IO | Functional requirements specification | Subsystem Generic IO - Functional Viewpoint | Subsystem Generic IO - Functional Entities

Parsing F_Control_Safe_State_Of_All_Physical_Output_Channel... done.

Parsing F_Detect_Input_Channel_State... done.

Parsing F_Monitor_Output_Channel_Disturbance_State... done.

Parsing F_SCI_IO_Receive...Warning: matching "Not " to Negation
Warning: matching "Not " to Negation
Warning: matching "Not " to Negation
Warning: matching "Not " to Negation
 done.

Parsing F_SCI_IO_Report... done.

Parsing S_SCI_IO_Command... done.

Parsing S_SCI_IO_Receive... done.

Parsing F_Control_LC_Timer... failed: (Object reference not set to an instance of an object.)
Contained in package Subsystem Level Crossing | Functional requirements specification | Subsystem Level Crossing - Functional Viewpoint | Subsystem Level Crossing - Functional Entities

Parsing F_Control_Local_Operation... done.

Parsing F_Observe_Detection_Element... done.

Parsing F_Observe_Failure_State... done.

Parsing F_Observe_LCPF... done.

Parsing F_SCI_LC_Receive... failed: (Could not parse provided transition)
Contained in package Subsystem Level Crossing | Functional requirements specification | Subsystem Level Crossing - Interfaces | SCI-LC (Subsystem -  Electronic Interlocking) | SCI-LC - Functional Viewpoint | SCI-LC - Functional Entities

Parsing F_SCI_LC_Report... failed: (Sequence contains no matching element)
Contained in package Subsystem Level Crossing | Functional requirements specification | Subsystem Level Crossing - Interfaces | SCI-LC (Subsystem -  Electronic Interlocking) | SCI-LC - Functional Viewpoint | SCI-LC - Functional Entities

Parsing S_SCI_LC_Command... done.

Parsing S_SCI_LC_Receive... failed: (Could not parse provided transition)
Contained in package Subsystem Level Crossing | Functional requirements specification | Subsystem Level Crossing - Interfaces | SCI-LC (Subsystem -  Electronic Interlocking) | SCI-LC - Functional Viewpoint | SCI-LC - Functional Entities

Parsing S_SCI_LS_Command_expl...Warn: Naming convention was violated for T5_Signal_Aspect
Warn: Naming convention was violated for T6_Luminosity
Warn: Naming convention was violated for T5_Signal_Aspect
Warn: Naming convention was violated for T6_Luminosity
 done.

Parsing F_Control_Luminosity... done.

Parsing F_Control_Signal_Aspect... done.

Parsing F_Observe_Luminosity... done.

Parsing F_Observe_Signal_Aspect... done.

Parsing F_SCI_LS_Receive... failed: (Could not parse provided transition)
Contained in package Subsystem Light Signal | Functional requirements specification | Subsystem Light Signal - Interfaces | SCI-LS (Subsystem - Electronic Interlocking) | SCI-LS - Functional Viewpoint | SCI-LS - Functional Entities

Parsing F_SCI_LS_Report... failed: (Name)
Contained in package Subsystem Light Signal | Functional requirements specification | Subsystem Light Signal - Interfaces | SCI-LS (Subsystem - Electronic Interlocking) | SCI-LS - Functional Viewpoint | SCI-LS - Functional Entities

Parsing S_SCI_LS_Command... done.

Parsing S_SCI_LS_Receive... failed: (Could not parse provided transition)
Contained in package Subsystem Light Signal | Functional requirements specification | Subsystem Light Signal - Interfaces | SCI-LS (Subsystem - Electronic Interlocking) | SCI-LS - Functional Viewpoint | SCI-LS - Functional Entities

Parsing F_Control_Point_Machine_Position... done.

Parsing F_Observe_Ability_To_Move... done.

Parsing F_Observe_Degraded_Point_Position... done.

Parsing F_Observe_Overall_Point_Position... done.

Parsing F_SCI_P_Recieve_and_Report_Timeout... done.

Parsing F_SCI_P_Report... done.

Parsing S_SCI_P_Command_And_Recieve... done.

Parsing F_Control_And_Observe_4W_PM... done.

Parsing F_Control_Timer... done.

Parsing F_Handle_Commands... failed: (Sequence contains no matching element)
Contained in package Subsystem Train Detection System | Functional requirements specification | Subsystem Train Detection System - Functional Viewpoint | Subsystem Train Detection System - Functional Entities

Parsing F_Handle_Internal_FC_U_Command... done.

Parsing F_Monitor_Report_Status... failed: (Could not parse provided transition)
Contained in package Subsystem Train Detection System | Functional requirements specification | Subsystem Train Detection System - Functional Viewpoint | Subsystem Train Detection System - Functional Entities

Parsing F_Observe_Ability_to_be_Forced_to_clear... done.

Parsing F_Observe_Occupancy_Status... failed: (Could not parse provided transition)
Contained in package Subsystem Train Detection System | Functional requirements specification | Subsystem Train Detection System - Functional Viewpoint | Subsystem Train Detection System - Functional Entities

Parsing F_Observe_TDP... done.

Parsing F_Observe_Track_Circuits... done.

Parsing F_Perform_FC_P_Or_FC_P_A... failed: (Could not parse provided transition)
Contained in package Subsystem Train Detection System | Functional requirements specification | Subsystem Train Detection System - Functional Viewpoint | Subsystem Train Detection System - Functional Entities

Parsing F_TDS6_Maintainer_Commands_And_Messages... failed: (Could not parse provided transition)
Contained in package Subsystem Train Detection System | Functional requirements specification | Subsystem Train Detection System - Functional Viewpoint | Subsystem Train Detection System - Functional Entities

Parsing F_SCI_TDS_Receive... failed: (Could not parse provided transition)
Contained in package Subsystem Train Detection System | Functional requirements specification | Subsystem Train Detection System - Interfaces | SCI-TDS (Subsystem – Electronic Interlocking) | SCI-TDS - Functional Viewpoint | SCI-TDS - Functional Entities

Parsing F_SCI_TDS_Report_TDP... done.

Parsing F_SCI_TDS_Report_Track_Circuit... done.

Parsing F_SCI_TDS_Report_TVPS... failed: (Invalid integer value: LiteralIdentifier { RawName = cOp2_Fillinglevel(), Name = Cop2Fillinglevel() })
Contained in package Subsystem Train Detection System | Functional requirements specification | Subsystem Train Detection System - Interfaces | SCI-TDS (Subsystem – Electronic Interlocking) | SCI-TDS - Functional Viewpoint | SCI-TDS - Functional Entities

Parsing S_SCI_TDS_Command... done.

Parsing S_SCI_TDS_Receive_TDP... failed: (Could not parse provided transition)
Contained in package Subsystem Train Detection System | Functional requirements specification | Subsystem Train Detection System - Interfaces | SCI-TDS (Subsystem – Electronic Interlocking) | SCI-TDS - Functional Viewpoint | SCI-TDS - Functional Entities

Parsing S_SCI_TDS_Receive_Track_Circuit... failed: (Could not parse provided transition)
Contained in package Subsystem Train Detection System | Functional requirements specification | Subsystem Train Detection System - Interfaces | SCI-TDS (Subsystem – Electronic Interlocking) | SCI-TDS - Functional Viewpoint | SCI-TDS - Functional Entities

Parsing S_SCI_TDS_Receive_TVPS... failed: (Could not parse provided transition)
Contained in package Subsystem Train Detection System | Functional requirements specification | Subsystem Train Detection System - Interfaces | SCI-TDS (Subsystem – Electronic Interlocking) | SCI-TDS - Functional Viewpoint | SCI-TDS - Functional Entities


Warn: Property Aspect Lamp Combinations has no type, assuming string.
Warn: Property Aspect Extension Lamp Combinations has no type, assuming string.
Warn: Property Speed Indicator has no type, assuming string.
Warn: Property Speed Indicator Announcement has no type, assuming string.
Warn: Property Direction Indicator has no type, assuming string.
Warn: Property Direction Indicator Announcement has no type, assuming string.
Warn: Property Aspect Lamp Combinations has no type, assuming string.
Warn: Property Aspect Extension Lamp Combinations has no type, assuming string.
Warn: Property Speed Indicator has no type, assuming string.
Warn: Property Speed Indicator Announcement has no type, assuming string.
Warn: Property Direction Indicator has no type, assuming string.
Warn: Property Direction Indicator Announcement has no type, assuming string.
Parsing S_SCI_Adj_Prim... done.

Parsing S_SCI_Adj_Sec... done.

Parsing F_SCI_EfeS_Sec... done.

Parsing S_SCI_EfeS_Prim... done.

Parsing F_Control_Output_Channel_State... failed: (Could not parse provided transition)
Contained in package Subsystem IO | Functional requirements specification | Subsystem Generic IO - Functional Viewpoint | Subsystem Generic IO - Functional Entities

Parsing F_Control_Safe_State_Of_All_Physical_Output_Channel... done.

Parsing F_Detect_Input_Channel_State... done.

Parsing F_Monitor_Output_Channel_Disturbance_State... done.

Parsing F_SCI_IO_Receive...Warning: matching "Not " to Negation
Warning: matching "Not " to Negation
Warning: matching "Not " to Negation
Warning: matching "Not " to Negation
 done.

Parsing F_SCI_IO_Report... done.

Parsing S_SCI_IO_Command... done.

Parsing S_SCI_IO_Receive... done.

Parsing F_Control_LC_Timer... failed: (Object reference not set to an instance of an object.)
Contained in package Subsystem Level Crossing | Functional requirements specification | Subsystem Level Crossing - Functional Viewpoint | Subsystem Level Crossing - Functional Entities

Parsing F_Control_Local_Operation... done.

Parsing F_Observe_Detection_Element... done.

Parsing F_Observe_Failure_State... done.

Parsing F_Observe_LCPF... done.

Parsing F_SCI_LC_Receive... failed: (Could not parse provided transition)
Contained in package Subsystem Level Crossing | Functional requirements specification | Subsystem Level Crossing - Interfaces | SCI-LC (Subsystem -  Electronic Interlocking) | SCI-LC - Functional Viewpoint | SCI-LC - Functional Entities

Parsing F_SCI_LC_Report... failed: (Sequence contains no matching element)
[...]

Parsing F_SCI_LS_Report... failed: (Name)
Contained in package Subsystem Light Signal | Functional requirements specification | Subsystem Light Signal - Interfaces | SCI-LS (Subsystem - Electronic Interlocking) | SCI-LS - Functional Viewpoint | SCI-LS - Functional Entities

Parsing S_SCI_LS_Command... done.

Parsing S_SCI_LS_Receive... failed: (Could not parse provided transition)
Contained in package Subsystem Light Signal | Functional requirements specification | Subsystem Light Signal - Interfaces | SCI-LS (Subsystem - Electronic Interlocking) | SCI-LS - Functional Viewpoint | SCI-LS - Functional Entities

Parsing F_Control_Point_Machine_Position... done.

Parsing F_Observe_Ability_To_Move... done.

Parsing F_Observe_Degraded_Point_Position... done.

Parsing F_Observe_Overall_Point_Position... done.

Parsing F_SCI_P_Recieve_and_Report_Timeout... done.

Parsing F_SCI_P_Report... done.

Parsing S_SCI_P_Command_And_Recieve... done.

Parsing F_Control_And_Observe_4W_PM... done.

Parsing F_Control_Timer... done.

Parsing F_Handle_Commands... failed: (Sequence contains no matching element)
Contained in package Subsystem Train Detection System | Functional requirements specification | Subsystem Train Detection System - Functional Viewpoint | Subsystem Train Detection System - Functional Entities

Parsing F_Handle_Internal_FC_U_Command... done.

Parsing F_Monitor_Report_Status... failed: (Could not parse provided transition)
Contained in package Subsystem Train Detection System | Functional requirements specification | Subsystem Train Detection System - Functional Viewpoint | Subsystem Train Detection System - Functional Entities

Parsing F_Observe_Ability_to_be_Forced_to_clear... done.

Parsing F_Observe_Occupancy_Status... failed: (Could not parse provided transition)
Contained in package Subsystem Train Detection System | Functional requirements specification | Subsystem Train Detection System - Functional Viewpoint | Subsystem Train Detection System - Functional Entities

Parsing F_Observe_TDP... done.

Parsing F_Observe_Track_Circuits... done.

Parsing F_Perform_FC_P_Or_FC_P_A... failed: (Could not parse provided transition)
Contained in package Subsystem Train Detection System | Functional requirements specification | Subsystem Train Detection System - Functional Viewpoint | Subsystem Train Detection System - Functional Entities

Parsing F_TDS6_Maintainer_Commands_And_Messages... failed: (Could not parse provided transition)
Contained in package Subsystem Train Detection System | Functional requirements specification | Subsystem Train Detection System - Functional Viewpoint | Subsystem Train Detection System - Functional Entities

Parsing F_SCI_TDS_Receive... failed: (Could not parse provided transition)
Contained in package Subsystem Train Detection System | Functional requirements specification | Subsystem Train Detection System - Interfaces | SCI-TDS (Subsystem – Electronic Interlocking) | SCI-TDS - Functional Viewpoint | SCI-TDS - Functional Entities

Parsing F_SCI_TDS_Report_TDP... done.

Parsing F_SCI_TDS_Report_Track_Circuit... done.

Parsing F_SCI_TDS_Report_TVPS... failed: (Invalid integer value: LiteralIdentifier { RawName = cOp2_Fillinglevel(), Name = Cop2Fillinglevel() })
Contained in package Subsystem Train Detection System | Functional requirements specification | Subsystem Train Detection System - Interfaces | SCI-TDS (Subsystem – Electronic Interlocking) | SCI-TDS - Functional Viewpoint | SCI-TDS - Functional Entities

Parsing S_SCI_TDS_Command... done.

Parsing S_SCI_TDS_Receive_TDP... failed: (Could not parse provided transition)
Contained in package Subsystem Train Detection System | Functional requirements specification | Subsystem Train Detection System - Interfaces | SCI-TDS (Subsystem – Electronic Interlocking) | SCI-TDS - Functional Viewpoint | SCI-TDS - Functional Entities

Parsing S_SCI_TDS_Receive_Track_Circuit... failed: (Could not parse provided transition)
Contained in package Subsystem Train Detection System | Functional requirements specification | Subsystem Train Detection System - Interfaces | SCI-TDS (Subsystem – Electronic Interlocking) | SCI-TDS - Functional Viewpoint | SCI-TDS - Functional Entities

Parsing S_SCI_TDS_Receive_TVPS... failed: (Could not parse provided transition)
Contained in package Subsystem Train Detection System | Functional requirements specification | Subsystem Train Detection System - Interfaces | SCI-TDS (Subsystem – Electronic Interlocking) | SCI-TDS - Functional Viewpoint | SCI-TDS - Functional Entities


Warn: Property Aspect Lamp Combinations has no type, assuming string.
Warn: Property Aspect Extension Lamp Combinations has no type, assuming string.
Warn: Property Speed Indicator has no type, assuming string.
Warn: Property Speed Indicator Announcement has no type, assuming string.
Warn: Property Direction Indicator has no type, assuming string.
Warn: Property Direction Indicator Announcement has no type, assuming string.
Warn: Property Aspect Lamp Combinations has no type, assuming string.
Warn: Property Aspect Extension Lamp Combinations has no type, assuming string.
Warn: Property Speed Indicator has no type, assuming string.
Warn: Property Speed Indicator Announcement has no type, assuming string.
Warn: Property Direction Indicator has no type, assuming string.
Warn: Property Direction Indicator Announcement has no type, assuming string.
Parsing S_SCI_Adj_Prim... done.

Parsing S_SCI_Adj_Sec... done.

Parsing F_SCI_EfeS_Sec... done.

Parsing S_SCI_EfeS_Prim... done.

Parsing F_Control_Output_Channel_State... failed: (Could not parse provided transition)
Contained in package Subsystem IO | Functional requirements specification | Subsystem Generic IO - Functional Viewpoint | Subsystem Generic IO - Functional Entities

Parsing F_Control_Safe_State_Of_All_Physical_Output_Channel... done.

Parsing F_Detect_Input_Channel_State... done.

Parsing F_Monitor_Output_Channel_Disturbance_State... done.

Parsing F_SCI_IO_Receive...Warning: matching "Not " to Negation
Warning: matching "Not " to Negation
Warning: matching "Not " to Negation
Warning: matching "Not " to Negation
 done.

Parsing F_SCI_IO_Report... done.

Parsing S_SCI_IO_Command... done.

Parsing S_SCI_IO_Receive... done.

Parsing F_Control_LC_Timer... failed: (Object reference not set to an instance of an object.)
Contained in package Subsystem Level Crossing | Functional requirements specification | Subsystem Level Crossing - Functional Viewpoint | Subsystem Level Crossing - Functional Entities

Parsing F_Control_Local_Operation... done.

Parsing F_Observe_Detection_Element... done.

Parsing F_Observe_Failure_State... done.

Parsing F_Observe_LCPF... done.

Parsing F_SCI_LC_Receive... failed: (Could not parse provided transition)
Contained in package Subsystem Level Crossing | Functional requirements specification | Subsystem Level Crossing - Interfaces | SCI-LC (Subsystem -  Electronic Interlocking) | SCI-LC - Functional Viewpoint | SCI-LC - Functional Entities

Parsing F_SCI_LC_Report... failed: (Sequence contains no matching element)
Contained in package Subsystem Level Crossing | Functional requirements specification | Subsystem Level Crossing - Interfaces | SCI-LC (Subsystem -  Electronic Interlocking) | SCI-LC - Functional Viewpoint | SCI-LC - Functional Entities

Parsing S_SCI_LC_Command... done.

Parsing S_SCI_LC_Receive... failed: (Could not parse provided transition)
Contained in package Subsystem Level Crossing | Functional requirements specification | Subsystem Level Crossing - Interfaces | SCI-LC (Subsystem -  Electronic Interlocking) | SCI-LC - Functional Viewpoint | SCI-LC - Functional Entities

Parsing S_SCI_LS_Command_expl...Warn: Naming convention was violated for T5_Signal_Aspect
Warn: Naming convention was violated for T6_Luminosity
Warn: Naming convention was violated for T5_Signal_Aspect
Warn: Naming convention was violated for T6_Luminosity
 done.

Parsing F_Control_Luminosity... done.

Parsing F_Control_Signal_Aspect... done.

Parsing F_Observe_Luminosity... done.

Parsing F_Observe_Signal_Aspect... done.

Parsing F_SCI_LS_Receive... failed: (Could not parse provided transition)
Contained in package Subsystem Light Signal | Functional requirements specification | Subsystem Light Signal - Interfaces | SCI-LS (Subsystem - Electronic Interlocking) | SCI-LS - Functional Viewpoint | SCI-LS - Functional Entities

Parsing F_SCI_LS_Report... failed: (Name)
Contained in package Subsystem Light Signal | Functional requirements specification | Subsystem Light Signal - Interfaces | SCI-LS (Subsystem - Electronic Interlocking) | SCI-LS - Functional Viewpoint | SCI-LS - Functional Entities

Parsing S_SCI_LS_Command... done.

Parsing S_SCI_LS_Receive... failed: (Could not parse provided transition)
Contained in package Subsystem Light Signal | Functional requirements specification | Subsystem Light Signal - Interfaces | SCI-LS (Subsystem - Electronic Interlocking) | SCI-LS - Functional Viewpoint | SCI-LS - Functional Entities

Parsing F_Control_Point_Machine_Position... done.

Parsing F_Observe_Ability_To_Move... done.

Parsing F_Observe_Degraded_Point_Position... done.

Parsing F_Observe_Overall_Point_Position... done.

Parsing F_SCI_P_Recieve_and_Report_Timeout... done.

Parsing F_SCI_P_Report... done.

Parsing S_SCI_P_Command_And_Recieve... done.

Parsing F_Control_And_Observe_4W_PM... done.

Parsing F_Control_Timer... done.

Parsing F_Handle_Commands... failed: (Sequence contains no matching element)
Contained in package Subsystem Train Detection System | Functional requirements specification | Subsystem Train Detection System - Functional Viewpoint | Subsystem Train Detection System - Functional Entities

Parsing F_Handle_Internal_FC_U_Command... done.

Parsing F_Monitor_Report_Status... failed: (Could not parse provided transition)
Contained in package Subsystem Train Detection System | Functional requirements specification | Subsystem Train Detection System - Functional Viewpoint | Subsystem Train Detection System - Functional Entities

Parsing F_Observe_Ability_to_be_Forced_to_clear... done.

Parsing F_Observe_Occupancy_Status... failed: (Could not parse provided transition)
Contained in package Subsystem Train Detection System | Functional requirements specification | Subsystem Train Detection System - Functional Viewpoint | Subsystem Train Detection System - Functional Entities

Parsing F_Observe_TDP... done.

Parsing F_Observe_Track_Circuits... done.

Parsing F_Perform_FC_P_Or_FC_P_A... failed: (Could not parse provided transition)
Contained in package Subsystem Train Detection System | Functional requirements specification | Subsystem Train Detection System - Functional Viewpoint | Subsystem Train Detection System - Functional Entities

Parsing F_TDS6_Maintainer_Commands_And_Messages... failed: (Could not parse provided transition)
Contained in package Subsystem Train Detection System | Functional requirements specification | Subsystem Train Detection System - Functional Viewpoint | Subsystem Train Detection System - Functional Entities

Parsing F_SCI_TDS_Receive... failed: (Could not parse provided transition)
Contained in package Subsystem Train Detection System | Functional requirements specification | Subsystem Train Detection System - Interfaces | SCI-TDS (Subsystem – Electronic Interlocking) | SCI-TDS - Functional Viewpoint | SCI-TDS - Functional Entities

Parsing F_SCI_TDS_Report_TDP... done.

Parsing F_SCI_TDS_Report_Track_Circuit... done.

Parsing F_SCI_TDS_Report_TVPS... failed: (Invalid integer value: LiteralIdentifier { RawName = cOp2_Fillinglevel(), Name = Cop2Fillinglevel() })
Contained in package Subsystem Train Detection System | Functional requirements specification | Subsystem Train Detection System - Interfaces | SCI-TDS (Subsystem – Electronic Interlocking) | SCI-TDS - Functional Viewpoint | SCI-TDS - Functional Entities

Parsing S_SCI_TDS_Command... done.

Parsing S_SCI_TDS_Receive_TDP... failed: (Could not parse provided transition)
Contained in package Subsystem Train Detection System | Functional requirements specification | Subsystem Train Detection System - Interfaces | SCI-TDS (Subsystem – Electronic Interlocking) | SCI-TDS - Functional Viewpoint | SCI-TDS - Functional Entities

Parsing S_SCI_TDS_Receive_Track_Circuit... failed: (Could not parse provided transition)
Contained in package Subsystem Train Detection System | Functional requirements specification | Subsystem Train Detection System - Interfaces | SCI-TDS (Subsystem – Electronic Interlocking) | SCI-TDS - Functional Viewpoint | SCI-TDS - Functional Entities

Parsing S_SCI_TDS_Receive_TVPS... failed: (Could not parse provided transition)
Contained in package Subsystem Train Detection System | Functional requirements specification | Subsystem Train Detection System - Interfaces | SCI-TDS (Subsystem – Electronic Interlocking) | SCI-TDS - Functional Viewpoint | SCI-TDS - Functional Entities



Test Framework Informational Messages:
Warn: Property Aspect Lamp Combinations has no type, assuming string.
Warn: Property Aspect Extension Lamp Combinations has no type, assuming string.
Warn: Property Speed Indicator has no type, assuming string.
Warn: Property Speed Indicator Announcement has no type, assuming string.
Warn: Property Direction Indicator has no type, assuming string.
Warn: Property Direction Indicator Announcement has no type, assuming string.
Warn: Property Aspect Lamp Combinations has no type, assuming string.
Warn: Property Aspect Extension Lamp Combinations has no type, assuming string.
Warn: Property Speed Indicator has no type, assuming string.
Warn: Property Speed Indicator Announcement has no type, assuming string.
Warn: Property Direction Indicator has no type, assuming string.
Warn: Property Direction Indicator Announcement has no type, assuming string.
Warn: Property Aspect Lamp Combinations has no type, assuming string.
Warn: Property Aspect Extension Lamp Combinations has no type, assuming string.
Warn: Property Speed Indicator has no type, assuming string.
Warn: Property Speed Indicator Announcement has no type, assuming string.
Warn: Property Direction Indicator has no type, assuming string.
Warn: Property Direction Indicator Announcement has no type, assuming string.
Warn: Property Aspect Lamp Combinations has no type, assuming string.
Warn: Property Aspect Extension Lamp Combinations has no type, assuming string.
Warn: Property Speed Indicator has no type, assuming string.
Warn: Property Speed Indicator Announcement has no type, assuming string.
Warn: Property Direction Indicator has no type, assuming string.
Warn: Property Direction Indicator Announcement has no type, assuming string.
Warn: Property Aspect Lamp Combinations has no type, assuming string.
Warn: Property Aspect Extension Lamp Combinations has no type, assuming string.
Warn: Property Speed Indicator has no type, assuming string.
Warn: Property Speed Indicator Announcement has no type, assuming string.
Warn: Property Direction Indicator has no type, assuming string.
Warn: Property Direction Indicator Announcement has no type, assuming string.
Warn: Property Aspect Lamp Combinations has no type, assuming string.
Warn: Property Aspect Extension Lamp Combinations has no type, assuming string.
Warn: Property Speed Indicator has no type, assuming string.
Warn: Property Speed Indicator Announcement has no type, assuming string.
Warn: Property Direction Indicator has no type, assuming string.
Warn: Property Direction Indicator Announcement has no type, assuming string.
Warn: Property Aspect Lamp Combinations has no type, assuming string.
Warn: Property Aspect Extension Lamp Combinations has no type, assuming string.
Warn: Property Speed Indicator has no type, assuming string.
Warn: Property Speed Indicator Announcement has no type, assuming string.
Warn: Property Direction Indicator has no type, assuming string.
Warn: Property Direction Indicator Announcement has no type, assuming string.
Warn: Property Aspect Lamp Combinations has no type, assuming string.
Warn: Property Aspect Extension Lamp Combinations has no type, assuming string.
Warn: Property Speed Indicator has no type, assuming string.
Warn: Property Speed Indicator Announcement has no type, assuming string.
Warn: Property Direction Indicator has no type, assuming string.
Warn: Property Direction Indicator Announcement has no type, assuming string.
Warn: Property Aspect Lamp Combinations has no type, assuming string.
Warn: Property Aspect Extension Lamp Combinations has no type, assuming string.
Warn: Property Speed Indicator has no type, assuming string.
Warn: Property Speed Indicator Announcement has no type, assuming string.
Warn: Property Direction Indicator has no type, assuming string.
Warn: Property Direction Indicator Announcement has no type, assuming string.
Warn: Property Aspect Lamp Combinations has no type, assuming string.
Warn: Property Aspect Extension Lamp Combinations has no type, assuming string.
Warn: Property Speed Indicator has no type, assuming string.
Warn: Property Speed Indicator Announcement has no type, assuming string.
Warn: Property Direction Indicator has no type, assuming string.
Warn: Property Direction Indicator Announcement has no type, assuming string.
Warn: Property Aspect Lamp Combinations has no type, assuming string.
Warn: Property Aspect Extension Lamp Combinations has no type, assuming string.
Warn: Property Speed Indicator has no type, assuming string.
Warn: Property Speed Indicator Announcement has no type, assuming string.
Warn: Property Direction Indicator has no type, assuming string.
Warn: Property Direction Indicator Announcement has no type, assuming string.
Warn: Property Aspect Lamp Combinations has no type, assuming string.
Warn: Property Aspect Extension Lamp Combinations has no type, assuming string.
Warn: Property Speed Indicator has no type, assuming string.
Warn: Property Speed Indicator Announcement has no type, assuming string.
Warn: Property Direction Indicator has no type, assuming string.
Warn: Property Direction Indicator Announcement has no type, assuming string.
Warn: Property Aspect Lamp Combinations has no type, assuming string.
Warn: Property Aspect Extension Lamp Combinations has no type, assuming string.
Warn: Property Speed Indicator has no type, assuming string.
Warn: Property Speed Indicator Announcement has no type, assuming string.
Warn: Property Direction Indicator has no type, assuming string.
Warn: Property Direction Indicator Announcement has no type, assuming string.
Warn: Property Aspect Lamp Combinations has no type, assuming string.
Warn: Property Aspect Extension Lamp Combinations has no type, assuming string.
Warn: Property Speed Indicator has no type, assuming string.
Warn: Property Speed Indicator Announcement has no type, assuming string.
Warn: Property Direction Indicator has no type, assuming string.
Warn: Property Direction Indicator Announcement has no type, assuming string.
Warn: Property Aspect Lamp Combinations has no type, assuming string.
Warn: Property Aspect Extension Lamp Combinations has no type, assuming string.
Warn: Property Speed Indicator has no type, assuming string.
Warn: Property Speed Indicator Announcement has no type, assuming string.
Warn: Property Direction Indicator has no type, assuming string.
Warn: Property Direction Indicator Announcement has no type, assuming string.
Warn: Property Aspect Lamp Combinations has no type, assuming string.
Warn: Property Aspect Extension Lamp Combinations has no type, assuming string.
Warn: Property Speed Indicator has no type, assuming string.
Warn: Property Speed Indicator Announcement has no type, assuming string.
Warn: Property Direction Indicator has no type, assuming string.
Warn: Property Direction Indicator Announcement has no type, assuming string.
</system-out>
    <system-err></system-err>
  </testsuite>
</testsuites>