<testsuites>
  <testsuite name="Eulynx.Validation.dll" tests="62" skipped="9" failures="0" errors="0" time="7.205665100000001" timestamp="2026-04-10T14:22:09" hostname="MacBook-Pro-2" id="0" package="Eulynx.Validation.dll">
    <properties />
    <testcase classname="Eulynx.Validation.CodeGeneration" name="CodeGeneration.GenerateCommonFilesC" time="0.2375209" />
    <testcase classname="Eulynx.Validation.CodeGeneration" name="CodeGeneration.GenerateC (Generic requirements for SCI,S_SCI_Adj_Prim)" time="0.2054870" />
    <testcase classname="Eulynx.Validation.CodeGeneration" name="CodeGeneration.GenerateC (Generic requirements for SCI,S_SCI_Adj_Sec)" time="0.1789309" />
    <testcase classname="Eulynx.Validation.CodeGeneration" name="CodeGeneration.GenerateC (Generic requirements for SCI,F_SCI_EfeS_Sec)" time="0.1818267" />
    <testcase classname="Eulynx.Validation.CodeGeneration" name="CodeGeneration.GenerateC (Generic requirements for SCI,S_SCI_EfeS_Prim)" time="0.1397223" />
    <testcase classname="Eulynx.Validation.CodeGeneration" name="CodeGeneration.GenerateC (Subsystem IO,F_Control_Output_Channel_State)" time="0.1328617">
      <skipped />
    </testcase>
    <testcase classname="Eulynx.Validation.CodeGeneration" name="CodeGeneration.GenerateC (Subsystem IO,F_Control_Safe_State_Of_All_Physical_Output_Channel)" time="0.1367106" />
    <testcase classname="Eulynx.Validation.CodeGeneration" name="CodeGeneration.GenerateC (Subsystem IO,F_Detect_Input_Channel_State)" time="0.1375786" />
    <testcase classname="Eulynx.Validation.CodeGeneration" name="CodeGeneration.GenerateC (Subsystem IO,F_Monitor_Output_Channel_Disturbance_State)" time="0.1321971" />
    <testcase classname="Eulynx.Validation.CodeGeneration" name="CodeGeneration.GenerateC (Subsystem IO,F_SCI_IO_Receive)" time="0.1114080" />
    <testcase classname="Eulynx.Validation.CodeGeneration" name="CodeGeneration.GenerateC (Subsystem IO,F_SCI_IO_Report)" time="0.1069865" />
    <testcase classname="Eulynx.Validation.CodeGeneration" name="CodeGeneration.GenerateC (Subsystem IO,S_SCI_IO_Command)" time="0.1144131" />
    <testcase classname="Eulynx.Validation.CodeGeneration" name="CodeGeneration.GenerateC (Subsystem IO,S_SCI_IO_Receive)" time="0.1067777" />
    <testcase classname="Eulynx.Validation.CodeGeneration" name="CodeGeneration.GenerateC (Subsystem Level Crossing,F_Control_LC_Timer)" time="0.1051177">
      <skipped />
    </testcase>
    <testcase classname="Eulynx.Validation.CodeGeneration" name="CodeGeneration.GenerateC (Subsystem Level Crossing,F_Control_Local_Operation)" time="0.1307685" />
    <testcase classname="Eulynx.Validation.CodeGeneration" name="CodeGeneration.GenerateC (Subsystem Level Crossing,F_Observe_Detection_Element)" time="0.1100930" />
    <testcase classname="Eulynx.Validation.CodeGeneration" name="CodeGeneration.GenerateC (Subsystem Level Crossing,F_Observe_Failure_State)" time="0.1097545" />
    <testcase classname="Eulynx.Validation.CodeGeneration" name="CodeGeneration.GenerateC (Subsystem Level Crossing,F_Observe_LCPF)" time="0.1035011" />
    <testcase classname="Eulynx.Validation.CodeGeneration" name="CodeGeneration.GenerateC (Subsystem Level Crossing,F_SCI_LC_Receive)" time="0.1028741" />
    <testcase classname="Eulynx.Validation.CodeGeneration" name="CodeGeneration.GenerateC (Subsystem Level Crossing,F_SCI_LC_Report)" time="0.1064499">
      <skipped />
    </testcase>
    <testcase classname="Eulynx.Validation.CodeGeneration" name="CodeGeneration.GenerateC (Subsystem Level Crossing,S_SCI_LC_Command)" time="0.1124459" />
    <testcase classname="Eulynx.Validation.CodeGeneration" name="CodeGeneration.GenerateC (Subsystem Level Crossing,S_SCI_LC_Receive)" time="0.1013540" />
    <testcase classname="Eulynx.Validation.CodeGeneration" name="CodeGeneration.GenerateC (Subsystem Light Signal,S_SCI_LS_Command_expl)" time="0.1002834" />
    <testcase classname="Eulynx.Validation.CodeGeneration" name="CodeGeneration.GenerateC (Subsystem Light Signal,F_Control_Luminosity)" time="0.1256338" />
    <testcase classname="Eulynx.Validation.CodeGeneration" name="CodeGeneration.GenerateC (Subsystem Light Signal,F_Control_Signal_Aspect)" time="0.0991808" />
    <testcase classname="Eulynx.Validation.CodeGeneration" name="CodeGeneration.GenerateC (Subsystem Light Signal,F_Observe_Luminosity)" time="0.1147810" />
    <testcase classname="Eulynx.Validation.CodeGeneration" name="CodeGeneration.GenerateC (Subsystem Light Signal,F_Observe_Signal_Aspect)" time="0.1210380" />
    <testcase classname="Eulynx.Validation.CodeGeneration" name="CodeGeneration.GenerateC (Subsystem Light Signal,F_SCI_LS_Receive)" time="0.0977950" />
    <testcase classname="Eulynx.Validation.CodeGeneration" name="CodeGeneration.GenerateC (Subsystem Light Signal,F_SCI_LS_Report)" time="0.1032996">
      <skipped />
    </testcase>
    <testcase classname="Eulynx.Validation.CodeGeneration" name="CodeGeneration.GenerateC (Subsystem Light Signal,S_SCI_LS_Command)" time="0.1050755" />
    <testcase classname="Eulynx.Validation.CodeGeneration" name="CodeGeneration.GenerateC (Subsystem Light Signal,S_SCI_LS_Receive)" time="0.1047584" />
    <testcase classname="Eulynx.Validation.CodeGeneration" name="CodeGeneration.GenerateC (Subsystem Point,F_Control_And_Observe_4W_PM)" time="0.0972495" />
    <testcase classname="Eulynx.Validation.CodeGeneration" name="CodeGeneration.GenerateC (Subsystem Point,F_Control_Non4W_PM)" time="0.1313437" />
    <testcase classname="Eulynx.Validation.CodeGeneration" name="CodeGeneration.GenerateC (Subsystem Point,F_Control_Point)" time="0.1194039" />
    <testcase classname="Eulynx.Validation.CodeGeneration" name="CodeGeneration.GenerateC (Subsystem Point,F_Observe_Ability_To_Move)" time="0.1150390" />
    <testcase classname="Eulynx.Validation.CodeGeneration" name="CodeGeneration.GenerateC (Subsystem Point,F_Observe_Degraded_Point_Position)" time="0.1086645" />
    <testcase classname="Eulynx.Validation.CodeGeneration" name="CodeGeneration.GenerateC (Subsystem Point,F_Observe_Movement_Failed)" time="0.0940378" />
    <testcase classname="Eulynx.Validation.CodeGeneration" name="CodeGeneration.GenerateC (Subsystem Point,F_Observe_Overall_Point_Position)" time="0.1199647" />
    <testcase classname="Eulynx.Validation.CodeGeneration" name="CodeGeneration.GenerateC (Subsystem Point,F_SCI_P_Receive)" time="0.0998469" />
    <testcase classname="Eulynx.Validation.CodeGeneration" name="CodeGeneration.GenerateC (Subsystem Point,F_SCI_P_Report)" time="0.1029212" />
    <testcase classname="Eulynx.Validation.CodeGeneration" name="CodeGeneration.GenerateC (Subsystem Point,S_SCI_P_Command)" time="0.1007625" />
    <testcase classname="Eulynx.Validation.CodeGeneration" name="CodeGeneration.GenerateC (Subsystem Point,S_SCI_P_Receive)" time="0.1001556" />
    <testcase classname="Eulynx.Validation.CodeGeneration" name="CodeGeneration.GenerateC (Subsystem Train Detection System,F_Control_Timer)" time="0.0954237" />
    <testcase classname="Eulynx.Validation.CodeGeneration" name="CodeGeneration.GenerateC (Subsystem Train Detection System,F_Handle_Commands)" time="0.1450815">
      <skipped />
    </testcase>
    <testcase classname="Eulynx.Validation.CodeGeneration" name="CodeGeneration.GenerateC (Subsystem Train Detection System,F_Handle_Internal_FC_U_Command)" time="0.1089017" />
    <testcase classname="Eulynx.Validation.CodeGeneration" name="CodeGeneration.GenerateC (Subsystem Train Detection System,F_Monitor_Report_Status)" time="0.1362207">
      <skipped />
    </testcase>
    <testcase classname="Eulynx.Validation.CodeGeneration" name="CodeGeneration.GenerateC (Subsystem Train Detection System,F_Observe_Ability_to_be_Forced_to_clear)" time="0.0978311" />
    <testcase classname="Eulynx.Validation.CodeGeneration" name="CodeGeneration.GenerateC (Subsystem Train Detection System,F_Observe_Occupancy_Status)" time="0.1109123" />
    <testcase classname="Eulynx.Validation.CodeGeneration" name="CodeGeneration.GenerateC (Subsystem Train Detection System,F_Observe_TDP)" time="0.0997199" />
    <testcase classname="Eulynx.Validation.CodeGeneration" name="CodeGeneration.GenerateC (Subsystem Train Detection System,F_Observe_Track_Circuits)" time="0.1073944" />
    <testcase classname="Eulynx.Validation.CodeGeneration" name="CodeGeneration.GenerateC (Subsystem Train Detection System,F_Perform_FC_P_Or_FC_P_A)" time="0.0974775" />
    <testcase classname="Eulynx.Validation.CodeGeneration" name="CodeGeneration.GenerateC (Subsystem Train Detection System,F_TDS6_Maintainer_Commands_And_Messages)" time="0.0933275" />
    <testcase classname="Eulynx.Validation.CodeGeneration" name="CodeGeneration.GenerateC (Subsystem Train Detection System,F_SCI_TDS_Receive)" time="0.1011135" />
    <testcase classname="Eulynx.Validation.CodeGeneration" name="CodeGeneration.GenerateC (Subsystem Train Detection System,F_SCI_TDS_Report_TDP)" time="0.1031288">
      <skipped />
    </testcase>
    <testcase classname="Eulynx.Validation.CodeGeneration" name="CodeGeneration.GenerateC (Subsystem Train Detection System,F_SCI_TDS_Report_Track_Circuit)" time="0.1082861" />
    <testcase classname="Eulynx.Validation.CodeGeneration" name="CodeGeneration.GenerateC (Subsystem Train Detection System,F_SCI_TDS_Report_TVPS)" time="0.1129768">
      <skipped />
    </testcase>
    <testcase classname="Eulynx.Validation.CodeGeneration" name="CodeGeneration.GenerateC (Subsystem Train Detection System,S_SCI_TDS_Command)" time="0.0999432" />
    <testcase classname="Eulynx.Validation.CodeGeneration" name="CodeGeneration.GenerateC (Subsystem Train Detection System,S_SCI_TDS_Receive_TDP)" time="0.1168632">
      <skipped />
    </testcase>
    <testcase classname="Eulynx.Validation.CodeGeneration" name="CodeGeneration.GenerateC (Subsystem Train Detection System,S_SCI_TDS_Receive_Track_Circuit)" time="0.0938685" />
    <testcase classname="Eulynx.Validation.CodeGeneration" name="CodeGeneration.GenerateC (Subsystem Train Detection System,S_SCI_TDS_Receive_TVPS)" time="0.1094950" />
    <testcase classname="Eulynx.Validation.CodeGeneration" name="CodeGeneration.GenerateC (Simulation_Package,Hilfsblock)" time="0.1033634" />
    <testcase classname="Eulynx.Validation.CodeGeneration" name="CodeGeneration.GenerateC (Simulation_Package,Point_Helpblock)" time="0.0983217" />
    <system-out>Warn: Property Aspect Lamp Combinations has no type, assuming string.
Warn: Property Aspect Extension Lamp Combinations has no type, assuming string.
Warn: Property Speed Indicator has no type, assuming string.
Warn: Property Speed Indicator Announcement has no type, assuming string.
Warn: Property Direction Indicator has no type, assuming string.
Warn: Property Direction Indicator Announcement has no type, assuming string.
Warn: Property Aspect Lamp Combinations has no type, assuming string.
Warn: Property Aspect Extension Lamp Combinations has no type, assuming string.
Warn: Property Speed Indicator has no type, assuming string.
Warn: Property Speed Indicator Announcement has no type, assuming string.
Warn: Property Direction Indicator has no type, assuming string.
Warn: Property Direction Indicator Announcement has no type, assuming string.
Parsing S_SCI_Adj_Prim... done.

Parsing S_SCI_Adj_Sec... done.

Parsing F_SCI_EfeS_Sec... done.

Parsing S_SCI_EfeS_Prim... done.

Parsing F_Control_Output_Channel_State... failed: (Could not parse provided transition)
Contained in package Subsystem IO | Functional requirements specification | Subsystem Generic IO - Functional Viewpoint | Subsystem Generic IO - Functional Entities

Parsing F_Control_Safe_State_Of_All_Physical_Output_Channel... done.

Parsing F_Detect_Input_Channel_State... done.

Parsing F_Monitor_Output_Channel_Disturbance_State... done.

Parsing F_SCI_IO_Receive...Warning: matching "Not " to Negation
Warning: matching "Not " to Negation
Warning: matching "Not " to Negation
Warning: matching "Not " to Negation
 done.

Parsing F_SCI_IO_Report... done.

Parsing S_SCI_IO_Command... done.

Parsing S_SCI_IO_Receive... done.

Parsing F_Control_LC_Timer... failed: (Object reference not set to an instance of an object.)
Contained in package Subsystem Level Crossing | Functional requirements specification | Subsystem Level Crossing - Functional Viewpoint | Subsystem Level Crossing - Functional Entities

Parsing F_Control_Local_Operation... done.

Parsing F_Observe_Detection_Element... done.

Parsing F_Observe_Failure_State... done.

Parsing F_Observe_LCPF... done.

Parsing F_SCI_LC_Receive... done.

Parsing F_SCI_LC_Report... failed: (Sequence contains no matching element)
Contained in package Subsystem Level Crossing | Functional requirements specification | Subsystem Level Crossing - Interfaces | SCI-LC (Subsystem -  Electronic Interlocking) | SCI-LC - Functional Viewpoint | SCI-LC - Functional Entities

Parsing S_SCI_LC_Command... done.

Parsing S_SCI_LC_Receive... done.

Parsing S_SCI_LS_Command_expl...Warn: Naming convention was violated for T5_Signal_Aspect
Warn: Naming convention was violated for T6_Luminosity
Warn: Naming convention was violated for T5_Signal_Aspect
Warn: Naming convention was violated for T6_Luminosity
 done.

Parsing F_Control_Luminosity... done.

Parsing F_Control_Signal_Aspect... done.

Parsing F_Observe_Luminosity... done.

Parsing F_Observe_Signal_Aspect... done.

Parsing F_SCI_LS_Receive... done.

Parsing F_SCI_LS_Report... failed: (Name)
Contained in package Subsystem Light Signal | Functional requirements specification | Subsystem Light Signal - Interfaces | SCI-LS (Subsystem - Electronic Interlocking) | SCI-LS - Functional Viewpoint | SCI-LS - Functional Entities

Parsing S_SCI_LS_Command... done.

Parsing S_SCI_LS_Receive... done.

Parsing F_Control_And_Observe_4W_PM... done.

Parsing F_Control_Non4W_PM... done.

Parsing F_Control_Point...Warn: Property d12out_Required_PM_Position has no type, assuming string.
Warn: Property d12out_Required_PM_Position has no type, assuming string.
 done.

Parsing F_Observe_Ability_To_Move... done.

Parsing F_Observe_Degraded_Point_Position... done.

Parsing F_Observe_Movement_Failed...Warn: Property D20in_Con_tmax_PM_Operation has no type, assuming string.
Warn: Property D20in_Con_tmax_PM_Operation has no type, assuming string.
 done.

Parsing F_Observe_Overall_Point_Position... done.

Parsing F_SCI_P_Receive... done.

Parsing F_SCI_P_Report... done.

Parsing S_SCI_P_Command... done.

Parsing S_SCI_P_Receive... done.

Parsing F_Control_Timer... done.

Parsing F_Handle_Commands... failed: (Sequence contains no matching element)
Contained in package Subsystem Train Detection System | Functional requirements specification | Subsystem Train Detection System - Functional Viewpoint | Subsystem Train Detection System - Functional Entities

Parsing F_Handle_Internal_FC_U_Command... done.

Parsing F_Monitor_Report_Status... failed: (The given key '_19180d5a-3661-40ea-b6a3-363563663c42' was not present in the dictionary.)
Contained in package Subsystem Train Detection System | Functional requirements specification | Subsystem Train Detection System - Functional Viewpoint | Subsystem Train Detection System - Functional Entities

Parsing F_Observe_Ability_to_be_Forced_to_clear... done.

Parsing F_Observe_Occupancy_Status... done.

Parsing F_Observe_TDP... done.

Parsing F_Observe_Track_Circuits... done.

Parsing F_Perform_FC_P_Or_FC_P_A... done.

Parsing F_TDS6_Maintainer_Commands_And_Messages... done.

Parsing F_SCI_TDS_Receive... done.

Parsing F_SCI_TDS_Report_TDP... failed: (The given key '_19180d5a-3661-40ea-b6a3-363563663c42' was not present in the dictionary.)
Contained in package Subsystem Train Detection System | Functional requirements specification | Subsystem Train Detection System - Interfaces | SCI-TDS (Subsystem – Electronic Interlocking) | SCI-TDS - Functional Viewpoint | SCI-TDS - Functional Entities

Parsing F_SCI_TDS_Report_Track_Circuit... done.

Parsing F_SCI_TDS_Report_TVPS... failed: (Invalid integer value: LiteralIdentifier { RawName = cOp2_Fillinglevel(), Name = Cop2Fillinglevel() })
Contained in package Subsystem Train Detection System | Functional requirements specification | Subsystem Train Detection System - Interfaces | SCI-TDS (Subsystem – Electronic Interlocking) | SCI-TDS - Functional Viewpoint | SCI-TDS - Functional Entities

Parsing S_SCI_TDS_Command... done.

Parsing S_SCI_TDS_Receive_TDP... failed: (The given key '_19180d5a-3661-40ea-b6a3-363563663c42' was not present in the dictionary.)
Contained in package Subsystem Train Detection System | Functional requirements specification | Subsystem Train Detection System - Interfaces | SCI-TDS (Subsystem – Electronic Interlocking) | SCI-TDS - Functional Viewpoint | SCI-TDS - Functional Entities

Parsing S_SCI_TDS_Receive_Track_Circuit... done.

Parsing S_SCI_TDS_Receive_TVPS... done.

Parsing Hilfsblock...Warn: Naming convention was violated for HilfMDM_Maintenance_Commanded
Warn: Naming convention was violated for HilfFinished_Data_Update
Warn: Naming convention was violated for HilfStatus_Update_Completed
Warn: Naming convention was violated for HilfMDM_Reboot_Required
Warn: Naming convention was violated for HilfMDM_Triggered_Reset
Warn: Naming convention was violated for HilfMDM_Maintenance_Commanded
Warn: Naming convention was violated for HilfFinished_Data_Update
Warn: Naming convention was violated for HilfStatus_Update_Completed
Warn: Naming convention was violated for HilfMDM_Reboot_Required
Warn: Naming convention was violated for HilfMDM_Triggered_Reset
 done.

Parsing Point_Helpblock... done.


Warn: Property Aspect Lamp Combinations has no type, assuming string.
Warn: Property Aspect Extension Lamp Combinations has no type, assuming string.
Warn: Property Speed Indicator has no type, assuming string.
Warn: Property Speed Indicator Announcement has no type, assuming string.
Warn: Property Direction Indicator has no type, assuming string.
Warn: Property Direction Indicator Announcement has no type, assuming string.
Warn: Property Aspect Lamp Combinations has no type, assuming string.
Warn: Property Aspect Extension Lamp Combinations has no type, assuming string.
Warn: Property Speed Indicator has no type, assuming string.
Warn: Property Speed Indicator Announcement has no type, assuming string.
Warn: Property Direction Indicator has no type, assuming string.
Warn: Property Direction Indicator Announcement has no type, assuming string.
Parsing S_SCI_Adj_Prim... done.

Parsing S_SCI_Adj_Sec... done.

Parsing F_SCI_EfeS_Sec... done.

Parsing S_SCI_EfeS_Prim... done.

Parsing F_Control_Output_Channel_State... failed: (Could not parse provided transition)
Contained in package Subsystem IO | Functional requirements specification | Subsystem Generic IO - Functional Viewpoint | Subsystem Generic IO - Functional Entities

Parsing F_Control_Safe_State_Of_All_Physical_Output_Channel... done.

Parsing F_Detect_Input_Channel_State... done.

Parsing F_Monitor_Output_Channel_Disturbance_State... done.

Parsing F_SCI_IO_Receive...Warning: matching "Not " to Negation
Warning: matching "Not " to Negation
Warning: matching "Not " to Negation
Warning: matching "Not " to Negation
 done.

Parsing F_SCI_IO_Report... done.

Parsing S_SCI_IO_Command... done.

Parsing S_SCI_IO_Receive... done.

Parsing F_Control_LC_Timer... failed: (Object reference not set to an instance of an object.)
Contained in package Subsystem Level Crossing | Functional requirements specification | Subsystem Level Crossing - Functional Viewpoint | Subsystem Level Crossing - Functional Entities

Parsing F_Control_Local_Operation... done.

Parsing F_Observe_Detection_Element... done.

Parsing F_Observe_Failure_State... done.

Parsing F_Observe_LCPF... done.

Parsing F_SCI_LC_Receive... done.

Parsing F_SCI_LC_Report... failed: (Sequence contains no matching element)
Contained in package Subsystem Level Crossing | Functional requirements specification | Subsystem Level Crossing - Interfaces | SCI-LC (Subsystem -  Electronic Interlocking) | SCI-LC - Functional Viewpoint | SCI-LC - Functional Entities

Parsing S_SCI_LC_Command... done.

Parsing S_SCI_LC_Receive... done.

Parsing S_SCI_LS_Command_expl...Warn: Naming convention was violated for T5_Signal_Aspect
Warn: Naming convention was violated for T6_Luminosity
Warn: Naming convention was violated for T5_Signal_Aspect
Warn: Naming convention was violated for T6_Luminosity
 done.

Parsing F_Control_Luminosity... done.

Parsing F_Control_Signal_Aspect... done.

Parsing F_Observe_Luminosity... done.

Parsing F_Observe_Signal_Aspect... done.

Parsing F_SCI_LS_Receive... done.

Parsing F_SCI_LS_Report... failed: (Name)
Contained in package Subsystem Light Signal | Functional requirements specification | Subsystem Light Signal - Interfaces | SCI-LS (Subsystem - Electronic Interlocking) | SCI-LS - Functional Viewpoint | SCI-LS - Functional Entities

Parsing S_SCI_LS_Command... done.

Parsing S_SCI_LS_Receive... done.

Parsing F_Control_And_Observe_4W_PM... done.

Parsing F_Control_Non4W_PM... done.

Parsing F_Control_Point...Warn: Property d12out_Required_PM_Position has no type, assuming string.
Warn: Property d12out_Required_PM_Position has no type, assuming string.
 done.

Parsing F_Observe_Ability_To_Move... done.

Parsing F_Observe_Degraded_Point_Position... done.

Parsing F_Observe_Movement_Failed...Warn: Property D20in_Con_tmax_PM_Operation has no type, assuming string.
Warn: Property D20in_Con_tmax_PM_Operation has no type, assuming string.
 done.

Parsing F_Observe_Overall_Point_Position... done.

Parsing F_SCI_P_Receive... done.

Parsing F_SCI_P_Report... done.

Parsing S_SCI_P_Command... done.

Parsing S_SCI_P_Receive... done.

Parsing F_Control_Timer... done.

Parsing F_Handle_Commands... failed: (Sequence contains no matching element)
Contained in package Subsystem Train Detection System | Functional requirements specification | Subsystem Train Detection System - Functional Viewpoint | Subsystem Train Detection System - Functional Entities

Parsing F_Handle_Internal_FC_U_Command... done.

Parsing F_Monitor_Report_Status... failed: (The given key '_19180d5a-3661-40ea-b6a3-363563663c42' was not present in the dictionary.)
Contained in package Subsystem Train Detection System | Functional requirements specification | Subsystem Train Detection System - Functional Viewpoint | Subsystem Train Detection System - Functional Entities

Parsing F_Observe_Ability_to_be_Forced_to_clear... done.

Parsing F_Observe_Occupancy_Status... done.

Parsing F_Observe_TDP... done.

Parsing F_Observe_Track_Circuits... done.

Parsing F_Perform_FC_P_Or_FC_P_A... done.

Parsing F_TDS6_Maintainer_Commands_And_Messages... done.

Parsing F_SCI_TDS_Receive... done.

Parsing F_SCI_TDS_Report_TDP... failed: (The given key '_19180d5a-3661-40ea-b6a3-363563663c42' was not present in the dictionary.)
Contained in package Subsystem Train Detection System | Functional requirements specification | Subsystem Train Detection System - Interfaces | SCI-TDS (Subsystem – Electronic Interlocking) | SCI-TDS - Functional Viewpoint | SCI-TDS - Functional Entities

Parsing F_SCI_TDS_Report_Track_Circuit... done.

Parsing F_SCI_TDS_Report_TVPS... failed: (Invalid integer value: LiteralIdentifier { RawName = cOp2_Fillinglevel(), Name = Cop2Fillinglevel() })
Contained in package Subsystem Train Detection System | Functional requirements specification | Subsystem Train Detection System - Interfaces | SCI-TDS (Subsystem – Electronic Interlocking) | SCI-TDS - Functional Viewpoint | SCI-TDS - Functional Entities

Parsing S_SCI_TDS_Command... done.

Parsing S_SCI_TDS_Receive_TDP... failed: (The given key '_19180d5a-3661-40ea-b6a3-363563663c42' was not present in the dictionary.)
Contained in package Subsystem Train Detection System | Functional requirements specification | Subsystem Train Detection System - Interfaces | SCI-TDS (Subsystem – Electronic Interlocking) | SCI-TDS - Functional Viewpoint | SCI-TDS - Functional Entities

Parsing S_SCI_TDS_Receive_Track_Circuit... done.

Parsing S_SCI_TDS_Receive_TVPS... done.

Parsing Hilfsblock...Warn: Naming convention was violated for HilfMDM_Maintenance_Commanded
Warn: Naming convention was violated for HilfFinished_Data_Update
Warn: Naming convention was violated for HilfStatus_Update_Completed
Warn: Naming convention was violated for HilfMDM_Reboot_Required
Warn: Naming convention was violated for HilfMDM_Triggered_Reset
Warn: Naming convention was violated for HilfMDM_Maintenance_Commanded
Warn: Naming convention was violated for HilfFinished_Data_Update
Warn: Naming convention was violated for HilfStatus_Update_Completed
Warn: Naming convention was violated for HilfMDM_Reboot_Required
Warn: Naming convention was violated for HilfMDM_Triggered_Reset
 done.

Parsing Point_Helpblock... done.


Warn: Property Aspect Lamp Combinations has no type, assuming string.
Warn: Property Aspect Extension Lamp Combinations has no type, assuming string.
Warn: Property Speed Indicator has no type, assuming string.
Warn: Property Speed Indicator Announcement has no type, assuming string.
Warn: Property Direction Indicator has no type, assuming string.
Warn: Property Direction Indicator Announcement has no type, assuming string.
Warn: Property Aspect Lamp Combinations has no type, assuming string.
Warn: Property Aspect Extension Lamp Combinations has no type, assuming string.
Warn: Property Speed Indicator has no type, assuming string.
Warn: Property Speed Indicator Announcement has no type, assuming string.
Warn: Property Direction Indicator has no type, assuming string.
Warn: Property Direction Indicator Announcement has no type, assuming string.
Parsing S_SCI_Adj_Prim... done.

Parsing S_SCI_Adj_Sec... done.

Parsing F_SCI_EfeS_Sec... done.

Parsing S_SCI_EfeS_Prim... done.

Parsing F_Control_Output_Channel_State... failed: (Could not parse provided transition)
Contained in package Subsystem IO | Functional requirements specification | Subsystem Generic IO - Functional Viewpoint | Subsystem Generic IO - Functional Entities

Parsing F_Control_Safe_State_Of_All_Physical_Output_Channel... done.

Parsing F_Detect_Input_Channel_State... done.

Parsing F_Monitor_Output_Channel_Disturbance_State... done.

Parsing F_SCI_IO_Receive...Warning: matching "Not " to Negation
Warning: matching "Not " to Negation
Warning: matching "Not " to Negation
Warning: matching "Not " to Negation
 done.

Parsing F_SCI_IO_Report... done.

Parsing S_SCI_IO_Command... done.

Parsing S_SCI_IO_Receive... done.

Parsing F_Control_LC_Timer... failed: (Object reference not set to an instance of an object.)
Contained in package Subsystem Level Crossing | Functional requirements specification | Subsystem Level Crossing - Functional Viewpoint | Subsystem Level Crossing - Functional Entities

Parsing F_Control_Local_Operation... done.

Parsing F_Observe_Detection_Element... done.

Parsing F_Observe_Failure_State... done.

Parsing F_Observe_LCPF... done.

Parsing F_SCI_LC_Receive... done.

Parsing F_SCI_LC_Report... failed: (Sequence contains no matching element)
Contained in package Subsystem Level Crossing | Functional requirements specification | Subsystem Level Crossing - Interfaces | SCI-LC (Subsystem -  Electronic Interlocking) | SCI-LC - Functional Viewpoint | SCI-LC - Functional Entities

Parsing S_SCI_LC_Command... done.

Parsing S_SCI_LC_Receive... done.

Parsing S_SCI_LS_Command_expl...Warn: Naming convention was violated for T5_Signal_Aspect
Warn: Naming convention was violated for T6_Luminosity
Warn: Naming convention was violated for T5_Signal_Aspect
Warn: Naming convention was violated for T6_Luminosity
 done.

Parsing F_Control_Luminosity... done.

Parsing F_Control_Signal_Aspect... done.

Parsing F_Observe_Luminosity... done.

Parsing F_Observe_Signal_Aspect... done.

Parsing F_SCI_LS_Receive... done.

Parsing F_SCI_LS_Report... failed: (Name)
Contained in package Subsystem Light Signal | Functional requirements specification | Subsystem Light Signal - Interfaces | SCI-LS (Subsystem - Electronic Interlocking) | SCI-LS - Functional Viewpoint | SCI-LS - Functional Entities

Parsing S_SCI_LS_Command... done.

Parsing S_SCI_LS_Receive... done.

Parsing F_Control_And_Observe_4W_PM... done.

Parsing F_Control_Non4W_PM... done.

Parsing F_Control_Point...Warn: Property d12out_Required_PM_Position has no type, assuming string.
Warn: Property d12out_Required_PM_Position has no type, assuming string.
 done.

Parsing F_Observe_Ability_To_Move... done.

Parsing F_Observe_Degraded_Point_Position... done.

Parsing F_Observe_Movement_Failed...Warn: Property D20in_Con_tmax_PM_Operation has no type, assuming string.
Warn: Property D20in_Con_tmax_PM_Operation has no type, assuming string.
 done.

Parsing F_Observe_Overall_Point_Position... done.

Parsing F_SCI_P_Receive... done.

Parsing F_SCI_P_Report... done.

Parsing S_SCI_P_Command... done.

Parsing S_SCI_P_Receive... done.

Parsing F_Control_Timer... done.

Parsing F_Handle_Commands... failed: (Sequence contains no matching element)
Contained in package Subsystem Train Detection System | Functional requirements specification | Subsystem Train Detection System - Functional Viewpoint | Subsystem Train Detection System - Functional Entities

Parsing F_Handle_Internal_FC_U_Command... done.

Parsing F_Monitor_Report_Status... failed: (The given key '_19180d5a-3661-40ea-b6a3-363563663c42' was not present in the dictionary.)
Contained in package Subsystem Train Detection System | Functional requirements specification | Subsystem Train Detection System - Functional Viewpoint | Subsystem Train Detection System - Functional Entities

Parsing F_Observe_Ability_to_be_Forced_to_clear... done.

Parsing F_Observe_Occupancy_Status... done.

Parsing F_Observe_TDP... done.

Parsing F_Observe_Track_Circuits... done.

Parsing F_Perform_FC_P_Or_FC_P_A... done.

Parsing F_TDS6_Maintainer_Commands_And_Messages... done.

Parsing F_SCI_TDS_Receive... done.

Parsing F_SCI_TDS_Report_TDP... failed: (The given key '_19180d5a-3661-40ea-b6a3-363563663c42' was not present in the dictionary.)
Contained in package Subsystem Train Detection System | Functional requirements specification | Subsystem Train Detection System - Interfaces | SCI-TDS (Subsystem – Electronic Interlocking) | SCI-TDS - Functional Viewpoint | SCI-TDS - Functional Entities

Parsing F_SCI_TDS_Report_Track_Circuit... done.

Parsing F_SCI_TDS_Report_TVPS... failed: (Invalid integer value: LiteralIdentifier { RawName = cOp2_Fillinglevel(), Name = Cop2Fillinglevel() })
Contained in package Subsystem Train Detection System | Functional requirements specification | Subsystem Train Detection System - Interfaces | SCI-TDS (Subsystem – Electronic Interlocking) | SCI-TDS - Functional Viewpoint | SCI-TDS - Functional Entities

Parsing S_SCI_TDS_Command... done.

Parsing S_SCI_TDS_Receive_TDP... failed: (The given key '_19180d5a-3661-40ea-b6a3-363563663c42' was not present in the dictionary.)
Contained in package Subsystem Train Detection System | Functional requirements specification | Subsystem Train Detection System - Interfaces | SCI-TDS (Subsystem – Electronic Interlocking) | SCI-TDS - Functional Viewpoint | SCI-TDS - Functional Entities

Parsing S_SCI_TDS_Receive_Track_Circuit... done.

Parsing S_SCI_TDS_Receive_TVPS... done.

Parsing Hilfsblock...Warn: Naming convention was violated for HilfMDM_Maintenance_Commanded
Warn: Naming convention was violated for HilfFinished_Data_Update
Warn: Naming convention was violated for HilfStatus_Update_Completed
Warn: Naming convention was violated for HilfMDM_Reboot_Required
Warn: Naming convention was violated for HilfMDM_Triggered_Reset
Warn: Naming convention was violated for HilfMDM_Maintenance_Commanded
Warn: Naming convention was violated for HilfFinished_Data_Update
Warn: Naming convention was violated for HilfStatus_Update_Completed
Warn: Naming convention was violated for HilfMDM_Reboot_Required
Warn: Naming convention was violated for HilfMDM_Triggered_Reset
 done.

Parsing Point_Helpblock... done.


Warn: Property Aspect Lamp Combinations has no type, assuming string.
Warn: Property Aspect Extension Lamp Combinations has no type, assuming string.
Warn: Property Speed Indicator has no type, assuming string.
Warn: Property Speed Indicator Announcement has no type, assuming string.
Warn: Property Direction Indicator has no type, assuming string.
Warn: Property Direction Indicator Announcement has no type, assuming string.
Warn: Property Aspect Lamp Combinations has no type, assuming string.
Warn: Property Aspect Extension Lamp Combinations has no type, assuming string.
Warn: Property Speed Indicator has no type, assuming string.
Warn: Property Speed Indicator Announcement has no type, assuming string.
Warn: Property Direction Indicator has no type, assuming string.
Warn: Property Direction Indicator Announcement has no type, assuming string.
Parsing S_SCI_Adj_Prim... done.

Parsing S_SCI_Adj_Sec... done.

Parsing F_SCI_EfeS_Sec... done.

Parsing S_SCI_EfeS_Prim... done.

Parsing F_Control_Output_Channel_State... failed: (Could not parse provided transition)
Contained in package Subsystem IO | Functional requirements specification | Subsystem Generic IO - Functional Viewpoint | Subsystem Generic IO - Functional Entities

Parsing F_Control_Safe_State_Of_All_Physical_Output_Channel... done.

Parsing F_Detect_Input_Channel_State... done.

Parsing F_Monitor_Output_Channel_Disturbance_State... done.

Parsing F_SCI_IO_Receive...Warning: matching "Not " to Negation
Warning: matching "Not " to Negation
Warning: matching "Not " to Negation
Warning: matching "Not " to Negation
 done.

Parsing F_SCI_IO_Report... done.

Parsing S_SCI_IO_Command... done.

Parsing S_SCI_IO_Receive... done.

Parsing F_Control_LC_Timer... failed: (Object reference not set to an instance of an object.)
Contained in package Subsystem Level Crossing | Functional requirements specification | Subsystem Level Crossing - Functional Viewpoint | Subsystem Level Crossing - Functional Entities

Parsing F_Control_Local_Operation... done.

Parsing F_Observe_Detection_Element... done.

Parsing F_Observe_Failure_State... done.

Parsing F_Observe_LCPF... done.

Parsing F_SCI_LC_Receive... done.

Parsing F_SCI_LC_Report... failed: (Sequence contains no matching element)
Contained in package Subsystem Level Crossing | Functional requirements specification | Subsystem Level Crossing - Interfaces | SCI-LC (Subsystem -  Electronic Interlocking) | SCI-LC - Functional Viewpoint | SCI-LC - Functional Entities

Parsing S_SCI_LC_Command... done.

Parsing S_SCI_LC_Receive... done.

Parsing S_SCI_LS_Command_expl...Warn: Naming convention was violated for T5_Signal_Aspect
Warn: Naming convention was violated for T6_Luminosity
Warn: Naming convention was violated for T5_Signal_Aspect
Warn: Naming convention was violated for T6_Luminosity
 done.

Parsing F_Control_Luminosity... done.

Parsing F_Control_Signal_Aspect... done.

Parsing F_Observe_Luminosity... done.

Parsing F_Observe_Signal_Aspect... done.

Parsing F_SCI_LS_Receive... done.

Parsing F_SCI_LS_Report... failed: (Name)
Contained in package Subsystem Light Signal | Functional requirements specification | Subsystem Light Signal - Interfaces | SCI-LS (Subsystem - Electronic Interlocking) | SCI-LS - Functional Viewpoint | SCI-LS - Functional Entities

Parsing S_SCI_LS_Command... done.

Parsing S_SCI_LS_Receive... done.

Parsing F_Control_And_Observe_4W_PM... done.

Parsing F_Control_Non4W_PM... done.

Parsing F_Control_Point...Warn: Property d12out_Required_PM_Position has no type, assuming string.
Warn: Property d12out_Required_PM_Position has no type, assuming string.
 done.

Parsing F_Observe_Ability_To_Move... done.

Parsing F_Observe_Degraded_Point_Position... done.

Parsing F_Observe_Movement_Failed...Warn: Property D20in_Con_tmax_PM_Operation has no type, assuming string.
Warn: Property D20in_Con_tmax_PM_Operation has no type, assuming string.
 done.

Parsing F_Observe_Overall_Point_Position... done.

Parsing F_SCI_P_Receive... done.

Parsing F_SCI_P_Report... done.

Parsing S_SCI_P_Command... done.

Parsing S_SCI_P_Receive... done.

Parsing F_Control_Timer... done.

Parsing F_Handle_Commands... failed: (Sequence contains no matching element)
Contained in package Subsystem Train Detection System | Functional requirements specification | Subsystem Train Detection System - Functional Viewpoint | Subsystem Train Detection System - Functional Entities

Parsing F_Handle_Internal_FC_U_Command... done.

Parsing F_Monitor_Report_Status... failed: (The given key '_19180d5a-3661-40ea-b6a3-363563663c42' was not present in the dictionary.)
Contained in package Subsystem Train Detection System | Functional requirements specification | Subsystem Train Detection System - Functional Viewpoint | Subsystem Train Detection System - Functional Entities

Parsing F_Observe_Ability_to_be_Forced_to_clear... done.

Parsing F_Observe_Occupancy_Status... done.

Parsing F_Observe_TDP... done.

Parsing F_Observe_Track_Circuits... done.

Parsing F_Perform_FC_P_Or_FC_P_A... done.

Parsing F_TDS6_Maintainer_Commands_And_Messages... done.

Parsing F_SCI_TDS_Receive... done.

Parsing F_SCI_TDS_Report_TDP... failed: (The given key '_19180d5a-3661-40ea-b6a3-363563663c42' was not present in the dictionary.)
Contained in package Subsystem Train Detection System | Functional requirements specification | Subsystem Train Detection System - Interfaces | SCI-TDS (Subsystem – Electronic Interlocking) | SCI-TDS - Functional Viewpoint | SCI-TDS - Functional Entities

Parsing F_SCI_TDS_Report_Track_Circuit... done.

Parsing F_SCI_TDS_Report_TVPS... failed: (Invalid integer value: LiteralIdentifier { RawName = cOp2_Fillinglevel(), Name = Cop2Fillinglevel() })
Contained in package Subsystem Train Detection System | Functional requirements specification | Subsystem Train Detection System - Interfaces | SCI-TDS (Subsystem – Electronic Interlocking) | SCI-TDS - Functional Viewpoint | SCI-TDS - Functional Entities

Parsing S_SCI_TDS_Command... done.

Parsing S_SCI_TDS_Receive_TDP... failed: (The given key '_19180d5a-3661-40ea-b6a3-363563663c42' was not present in the dictionary.)
Contained in package Subsystem Train Detection System | Functional requirements specification | Subsystem Train Detection System - Interfaces | SCI-TDS (Subsystem – Electronic Interlocking) | SCI-TDS - Functional Viewpoint | SCI-TDS - Functional Entities

Parsing S_SCI_TDS_Receive_Track_Circuit... done.

Parsing S_SCI_TDS_Receive_TVPS... done.

Parsing Hilfsblock...Warn: Naming convention was violated for HilfMDM_Maintenance_Commanded
Warn: Naming convention was violated for HilfFinished_Data_Update
Warn: Naming convention was violated for HilfStatus_Update_Completed
Warn: Naming convention was violated for HilfMDM_Reboot_Required
Warn: Naming convention was violated for HilfMDM_Triggered_Reset
Warn: Naming convention was violated for HilfMDM_Maintenance_Commanded
Warn: Naming convention was violated for HilfFinished_Data_Update
Warn: Naming convention was violated for HilfStatus_Update_Completed
Warn: Naming convention was violated for HilfMDM_Reboot_Required
Warn: Naming convention was violated for HilfMDM_Triggered_Reset
 done.

Parsing Point_Helpblock... done.


Warn: Property Aspect Lamp Combinations has no type, assuming string.
Warn: Property Aspect Extension Lamp Combinations has no type, assuming string.
Warn: Property Speed Indicator has no type, assuming string.
Warn: Property Speed Indicator Announcement has no type, assuming string.
Warn: Property Direction Indicator has no type, assuming string.
Warn: Property Direction Indicator Announcement has no type, assuming string.
Warn: Property Aspect Lamp Combinations has no type, assuming string.
Warn: Property Aspect Extension Lamp Combinations has no type, assuming string.
Warn: Property Speed Indicator has no type, assuming string.
Warn: Property Speed Indicator Announcement has no type, assuming string.
Warn: Property Direction Indicator has no type, assuming string.
Warn: Property Direction Indicator Announcement has no type, assuming string.
Parsing S_SCI_Adj_Prim... done.

Parsing S_SCI_Adj_Sec... done.

Parsing F_SCI_EfeS_Sec... done.

Parsing S_SCI_EfeS_Prim... done.

Parsing F_Control_Output_Channel_State... failed: (Could not parse provided transition)
Contained in package Subsystem IO | Functional requirements specification | Subsystem Generic IO - Functional Viewpoint | Subsystem Generic IO - Functional Entities

Parsing F_Control_Safe_State_Of_All_Physical_Output_Channel... done.

Parsing F_Detect_Input_Channel_State... done.

Parsing F_Monitor_Output_Channel_Disturbance_State... done.

Parsing F_SCI_IO_Receive...Warning: matching "Not " to Negation
Warning: matching "Not " to Negation
Warning: matching "Not " to Negation
Warning: matching "Not " to Negation
 done.

Parsing F_SCI_IO_Report... done.

Parsing S_SCI_IO_Command... done.

Parsing S_SCI_IO_Receive... done.

Parsing F_Control_LC_Timer... failed: (Object reference not set to an instance of an object.)
Contained in package Subsystem Level Crossing | Functional requirements specification | Subsystem Level Crossing - Functional Viewpoint | Subsystem Level Crossing - Functional Entities

Parsing F_Control_Local_Operation... done.

Parsing F_Observe_Detection_Element... done.

Parsing F_Observe_Failure_State... done.

Parsing F_Observe_LCPF... done.

Parsing F_SCI_LC_Receive... done.

Parsing F_SCI_LC_Report... failed: (Sequence contains no matching element)
Contained in package Subsystem Level Crossing | Functional requirements specification | Subsystem Level Crossing - Interfaces | SCI-LC (Subsystem -  Electronic Interlocking) | SCI-LC - Functional Viewpoint | SCI-LC - Functional Entities

Parsing S_SCI_LC_Command... done.

Parsing S_SCI_LC_Receive... done.

Parsing S_SCI_LS_Command_expl...Warn: Naming convention was violated for T5_Signal_Aspect
Warn: Naming convention was violated for T6_Luminosity
Warn: Naming convention was violated for T5_Signal_Aspect
Warn: Naming convention was violated for T6_Luminosity
 done.

Parsing F_Control_Luminosity... done.

Parsing F_Control_Signal_Aspect... done.

Parsing F_Observe_Luminosity... done.

Parsing F_Observe_Signal_Aspect... done.

Parsing F_SCI_LS_Receive... done.

Parsing F_SCI_LS_Report... failed: (Name)
Contained in package Subsystem Light Signal | Functional requirements specification | Subsystem Light Signal - Interfaces | SCI-LS (Subsystem - Electronic Interlocking) | SCI-LS - Functional Viewpoint | SCI-LS - Functional Entities

Parsing S_SCI_LS_Command... done.

Parsing S_SCI_LS_Receive... done.

Parsing F_Control_And_Observe_4W_PM... done.

Parsing F_Control_Non4W_PM... done.

Parsing F_Control_Point...Warn: Property d12out_Required_PM_Position has no type, assuming string.
Warn: Property d12out_Required_PM_Position has no type, assuming string.
 done.

Parsing F_Observe_Ability_To_Move... done.

Parsing F_Observe_Degraded_Point_Position... done.

Parsing F_Observe_Movement_Failed...Warn: Property D20in_Con_tmax_PM_Operation has no type, assuming string.
Warn: Property D20in_Con_tmax_PM_Operation has no type, assuming string.
 done.

Parsing F_Observe_Overall_Point_Position... done.

Parsing F_SCI_P_Receive... done.

Parsing F_SCI_P_Report... done.

Parsing S_SCI_P_Command... done.

Parsing S_SCI_P_Receive... done.

Parsing F_Control_Timer... done.

Parsing F_Handle_Commands... failed: (Sequence contains no matching element)
Contained in package Subsystem Train Detection System | Functional requirements specification | Subsystem Train Detection System - Functional Viewpoint | Subsystem Train Detection System - Functional Entities

Parsing F_Handle_Internal_FC_U_Command... done.

Parsing F_Monitor_Report_Status... failed: (The given key '_19180d5a-3661-40ea-b6a3-363563663c42' was not present in the dictionary.)
Contained in package Subsystem Train Detection System | Functional requirements specification | Subsystem Train Detection System - Functional Viewpoint | Subsystem Train Detection System - Functional Entities

Parsing F_Observe_Ability_to_be_Forced_to_clear... done.

Parsing F_Observe_Occupancy_Status... done.

Parsing F_Observe_TDP... done.

Parsing F_Observe_Track_Circuits... done.

Parsing F_Perform_FC_P_Or_FC_P_A... done.

Parsing F_TDS6_Maintainer_Commands_And_Messages... done.

Parsing F_SCI_TDS_Receive... done.

Parsing F_SCI_TDS_Report_TDP... failed: (The given key '_19180d5a-3661-40ea-b6a3-363563663c42' was not present in the dictionary.)
Contained in package Subsystem Train Detection System | Functional requirements specification | Subsystem Train Detection System - Interfaces | SCI-TDS (Subsystem – Electronic Interlocking) | SCI-TDS - Functional Viewpoint | SCI-TDS - Functional Entities

Parsing F_SCI_TDS_Report_Track_Circuit... done.

Parsing F_SCI_TDS_Report_TVPS... failed: (Invalid integer value: LiteralIdentifier { RawName = cOp2_Fillinglevel(), Name = Cop2Fillinglevel() })
Contained in package Subsystem Train Detection System | Functional requirements specification | Subsystem Train Detection System - Interfaces | SCI-TDS (Subsystem – Electronic Interlocking) | SCI-TDS - Functional Viewpoint | SCI-TDS - Functional Entities

Parsing S_SCI_TDS_Command... done.

Parsing S_SCI_TDS_Receive_TDP... failed: (The given key '_19180d5a-3661-40ea-b6a3-363563663c42' was not present in the dictionary.)
Contained in package Subsystem Train Detection System | Functional requirements specification | Subsystem Train Detection System - Interfaces | SCI-TDS (Subsystem – Electronic Interlocking) | SCI-TDS - Functional Viewpoint | SCI-TDS - Functional Entities

Parsing S_SCI_TDS_Receive_Track_Circuit... done.

Parsing S_SCI_TDS_Receive_TVPS... done.

Parsing Hilfsblock...Warn: Naming convention was violated for HilfMDM_Maintenance_Commanded
Warn: Naming convention was violated for HilfFinished_Data_Update
Warn: Naming convention was violated for HilfStatus_Update_Completed
Warn: Naming convention was violated for HilfMDM_Reboot_Required
Warn: Naming convention was violated for HilfMDM_Triggered_Reset
Warn: Naming convention was violated for HilfMDM_Maintenance_Commanded
Warn: Naming convention was violated for HilfFinished_Data_Update
Warn: Naming convention was violated for HilfStatus_Update_Completed
Warn: Naming convention was violated for HilfMDM_Reboot_Required
Warn: Naming convention was violated for HilfMDM_Triggered_Reset
 done.

Parsing Point_Helpblock... done.


Warn: Property Aspect Lamp Combinations has no type, assuming string.
Warn: Property Aspect Extension Lamp Combinations has no type, assuming string.
Warn: Property Speed Indicator has no type, assuming string.
Warn: Property Speed Indicator Announcement has no type, assuming string.
Warn: Property Direction Indicator has no type, assuming string.
Warn: Property Direction Indicator Announcement has no type, assuming string.
Warn: Property Aspect Lamp Combinations has no type, assuming string.
Warn: Property Aspect Extension Lamp Combinations has no type, assuming string.
Warn: Property Speed Indicator has no type, assuming string.
Warn: Property Speed Indicator Announcement has no type, assuming string.
Warn: Property Direction Indicator has no type, assuming string.
Warn: Property Direction Indicator Announcement has no type, assuming string.
Parsing S_SCI_Adj_Prim... done.

Parsing S_SCI_Adj_Sec... done.

Parsing F_SCI_EfeS_Sec... done.

Parsing S_SCI_EfeS_Prim... done.

Parsing F_Control_Output_Channel_State... failed: (Could not parse provided transition)
Contained in package Subsystem IO | Functional requirements specification | Subsystem Generic IO - Functional Viewpoint | Subsystem Generic IO - Functional Entities

Parsing F_Control_Safe_State_Of_All_Physical_Output_Channel... done.

Parsing F_Detect_Input_Channel_State... done.

Parsing F_Monitor_Output_Channel_Disturbance_State... done.

Parsing F_SCI_IO_Receive...Warning: matching "Not " to Negation
Warning: matching "Not " to Negation
Warning: matching "Not " to Negation
Warning: matching "Not " to Negation
 done.

Parsing F_SCI_IO_Report... done.

Parsing S_SCI_IO_Command... done.

Parsing S_SCI_IO_Receive... done.

Parsing F_Control_LC_Timer... failed: (Object reference not set to an instance of an object.)
Contained in package Subsystem Level Crossing | Functional requirements specification | Subsystem Level Crossing - Functional Viewpoint | Subsystem Level Crossing - Functional Entities

Parsing F_Control_Local_Operation... done.

Parsing F_Observe_Detection_Element... done.

Parsing F_Observe_Failure_State... done.

Parsing F_Observe_LCPF... done.

Parsing F_SCI_LC_Receive... done.

Parsing F_SCI_LC_Report... failed: (Sequence contains no matching element)
Contained in package Subsystem Level Crossing | Functional requirements specification | Subsystem Level Crossing - Interfaces | SCI-LC (Subsystem -  Electronic Interlocking) | SCI-LC - Functional Viewpoint | SCI-LC - Functional Entities

Parsing S_SCI_LC_Command... done.

Parsing S_SCI_LC_Receive... done.

Parsing S_SCI_LS_Command_expl...Warn: Naming convention was violated for T5_Signal_Aspect
Warn: Naming convention was violated for T6_Luminosity
Warn: Naming convention was violated for T5_Signal_Aspect
Warn: Naming convention was violated for T6_Luminosity
 done.

Parsing F_Control_Luminosity... done.

Parsing F_Control_Signal_Aspect... done.

Parsing F_Observe_Luminosity... done.

Parsing F_Observe_Signal_Aspect... done.

Parsing F_SCI_LS_Receive... done.

Parsing F_SCI_LS_Report... failed: (Name)
Contained in package Subsystem Light Signal | Functional requirements specification | Subsystem Light Signal - Interfaces | SCI-LS (Subsystem - Electronic Interlocking) | SCI-LS - Functional Viewpoint | SCI-LS - Functional Entities

Parsing S_SCI_LS_Command... done.

Parsing S_SCI_LS_Receive... done.

Parsing F_Control_And_Observe_4W_PM... done.

Parsing F_Control_Non4W_PM... done.

Parsing F_Control_Point...Warn: Property d12out_Required_PM_Position has no type, assuming string.
Warn: Property d12out_Required_PM_Position has no type, assuming string.
 done.

Parsing F_Observe_Ability_To_Move... done.

Parsing F_Observe_Degraded_Point_Position... done.

Parsing F_Observe_Movement_Failed...Warn: Property D20in_Con_tmax_PM_Operation has no type, assuming string.
Warn: Property D20in_Con_tmax_PM_Operation has no type, assuming string.
 done.

Parsing F_Observe_Overall_Point_Position... done.

Parsing F_SCI_P_Receive... done.

Parsing F_SCI_P_Report... done.

Parsing S_SCI_P_Command... done.

Parsing S_SCI_P_Receive... done.

Parsing F_Control_Timer... done.

Parsing F_Handle_Commands... failed: (Sequence contains no matching element)
Contained in package Subsystem Train Detection System | Functional requirements specification | Subsystem Train Detection System - Functional Viewpoint | Subsystem Train Detection System - Functional Entities

Parsing F_Handle_Internal_FC_U_Command... done.

Parsing F_Monitor_Report_Status... failed: (The given key '_19180d5a-3661-40ea-b6a3-363563663c42' was not present in the dictionary.)
Contained in package Subsystem Train Detection System | Functional requirements specification | Subsystem Train Detection System - Functional Viewpoint | Subsystem Train Detection System - Functional Entities

Parsing F_Observe_Ability_to_be_Forced_to_clear... done.

Parsing F_Observe_Occupancy_Status... done.

Parsing F_Observe_TDP... done.

Parsing F_Observe_Track_Circuits... done.

Parsing F_Perform_FC_P_Or_FC_P_A... done.

Parsing F_TDS6_Maintainer_Commands_And_Messages... done.

Parsing F_SCI_TDS_Receive... done.

Parsing F_SCI_TDS_Report_TDP... failed: (The given key '_19180d5a-3661-40ea-b6a3-363563663c42' was not present in the dictionary.)
Contained in package Subsystem Train Detection System | Functional requirements specification | Subsystem Train Detection System - Interfaces | SCI-TDS (Subsystem – Electronic Interlocking) | SCI-TDS - Functional Viewpoint | SCI-TDS - Functional Entities

Parsing F_SCI_TDS_Report_Track_Circuit... done.

Parsing F_SCI_TDS_Report_TVPS... failed: (Invalid integer value: LiteralIdentifier { RawName = cOp2_Fillinglevel(), Name = Cop2Fillinglevel() })
Contained in package Subsystem Train Detection System | Functional requirements specification | Subsystem Train Detection System - Interfaces | SCI-TDS (Subsystem – Electronic Interlocking) | SCI-TDS - Functional Viewpoint | SCI-TDS - Functional Entities

Parsing S_SCI_TDS_Command... done.

Parsing S_SCI_TDS_Receive_TDP... failed: (The given key '_19180d5a-3661-40ea-b6a3-363563663c42' was not present in the dictionary.)
Contained in package Subsystem Train Detection System | Functional requirements specification | Subsystem Train Detection System - Interfaces | SCI-TDS (Subsystem – Electronic Interlocking) | SCI-TDS - Functional Viewpoint | SCI-TDS - Functional Entities

Parsing S_SCI_TDS_Receive_Track_Circuit... done.

Parsing S_SCI_TDS_Receive_TVPS... done.

Parsing Hilfsblock...Warn: Naming convention was violated for HilfMDM_Maintenance_Commanded
Warn: Naming convention was violated for HilfFinished_Data_Update
Warn: Naming convention was violated for HilfStatus_Update_Completed
Warn: Naming convention was violated for HilfMDM_Reboot_Required
Warn: Naming convention was violated for HilfMDM_Triggered_Reset
Warn: Naming convention was violated for HilfMDM_Maintenance_Commanded
Warn: Naming convention was violated for HilfFinished_Data_Update
Warn: Naming convention was violated for HilfStatus_Update_Completed
Warn: Naming convention was violated for HilfMDM_Reboot_Required
Warn: Naming convention was violated for HilfMDM_Triggered_Reset
 done.

Parsing Point_Helpblock... done.


Warn: Property Aspect Lamp Combinations has no type, assuming string.
Warn: Property Aspect Extension Lamp Combinations has no type, assuming string.
Warn: Property Speed Indicator has no type, assuming string.
Warn: Property Speed Indicator Announcement has no type, assuming string.
Warn: Property Direction Indicator has no type, assuming string.
Warn: Property Direction Indicator Announcement has no type, assuming string.
Warn: Property Aspect Lamp Combinations has no type, assuming string.
Warn: Property Aspect Extension Lamp Combinations has no type, assuming string.
Warn: Property Speed Indicator has no type, assuming string.
Warn: Property Speed Indicator Announcement has no type, assuming string.
Warn: Property Direction Indicator has no type, assuming string.
Warn: Property Direction Indicator Announcement has no type, assuming string.
Parsing S_SCI_Adj_Prim... done.

Parsing S_SCI_Adj_Sec... done.

Parsing F_SCI_EfeS_Sec... done.

Parsing S_SCI_EfeS_Prim... done.

Parsing F_Control_Output_Channel_State... failed: (Could not parse provided transition)
Contained in package Subsystem IO | Functional requirements specification | Subsystem Generic IO - Functional Viewpoint | Subsystem Generic IO - Functional Entities

Parsing F_Control_Safe_State_Of_All_Physical_Output_Channel... done.

Parsing F_Detect_Input_Channel_State... done.

Parsing F_Monitor_Output_Channel_Disturbance_State... done.

Parsing F_SCI_IO_Receive...Warning: matching "Not " to Negation
Warning: matching "Not " to Negation
Warning: matching "Not " to Negation
Warning: matching "Not " to Negation
 done.

Parsing F_SCI_IO_Report... done.

Parsing S_SCI_IO_Command... done.

Parsing S_SCI_IO_Receive... done.

Parsing F_Control_LC_Timer... failed: (Object reference not set to an instance of an object.)
Contained in package Subsystem Level Crossing | Functional requirements specification | Subsystem Level Crossing - Functional Viewpoint | Subsystem Level Crossing - Functional Entities

Parsing F_Control_Local_Operation... done.

Parsing F_Observe_Detection_Element... done.

Parsing F_Observe_Failure_State... done.

Parsing F_Observe_LCPF... done.

Parsing F_SCI_LC_Receive... done.

Parsing F_SCI_LC_Report... failed: (Sequence contains no matching element)
Contained in package Subsystem Level Crossing | Functional requirements specification | Subsystem Level Crossing - Interfaces | SCI-LC (Subsystem -  Electronic Interlocking) | SCI-LC - Functional Viewpoint | SCI-LC - Functional Entities

Parsing S_SCI_LC_Command... done.

Parsing S_SCI_LC_Receive... done.

Parsing S_SCI_LS_Command_expl...Warn: Naming convention was violated for T5_Signal_Aspect
Warn: Naming convention was violated for T6_Luminosity
Warn: Naming convention was violated for T5_Signal_Aspect
Warn: Naming convention was violated for T6_Luminosity
 done.

Parsing F_Control_Luminosity... done.

Parsing F_Control_Signal_Aspect... done.

Parsing F_Observe_Luminosity... done.

Parsing F_Observe_Signal_Aspect... done.

Parsing F_SCI_LS_Receive... done.

Parsing F_SCI_LS_Report... failed: (Name)
Contained in package Subsystem Light Signal | Functional requirements specification | Subsystem Light Signal - Interfaces | SCI-LS (Subsystem - Electronic Interlocking) | SCI-LS - Functional Viewpoint | SCI-LS - Functional Entities

Parsing S_SCI_LS_Command... done.

Parsing S_SCI_LS_Receive... done.

Parsing F_Control_And_Observe_4W_PM... done.

Parsing F_Control_Non4W_PM... done.

Parsing F_Control_Point...Warn: Property d12out_Required_PM_Position has no type, assuming string.
Warn: Property d12out_Required_PM_Position has no type, assuming string.
 done.

Parsing F_Observe_Ability_To_Move... done.

Parsing F_Observe_Degraded_Point_Position... done.

Parsing F_Observe_Movement_Failed...Warn: Property D20in_Con_tmax_PM_Operation has no type, assuming string.
Warn: Property D20in_Con_tmax_PM_Operation has no type, assuming string.
 done.

Parsing F_Observe_Overall_Point_Position... done.

Parsing F_SCI_P_Receive... done.

Parsing F_SCI_P_Report... done.

Parsing S_SCI_P_Command... done.

Parsing S_SCI_P_Receive... done.

Parsing F_Control_Timer... done.

Parsing F_Handle_Commands... failed: (Sequence contains no matching element)
Contained in package Subsystem Train Detection System | Functional requirements specification | Subsystem Train Detection System - Functional Viewpoint | Subsystem Train Detection System - Functional Entities

Parsing F_Handle_Internal_FC_U_Command... done.

Parsing F_Monitor_Report_Status... failed: (The given key '_19180d5a-3661-40ea-b6a3-363563663c42' was not present in the dictionary.)
Contained in package Subsystem Train Detection System | Functional requirements specification | Subsystem Train Detection System - Functional Viewpoint | Subsystem Train Detection System - Functional Entities

Parsing F_Observe_Ability_to_be_Forced_to_clear... done.

Parsing F_Observe_Occupancy_Status... done.

Parsing F_Observe_TDP... done.

Parsing F_Observe_Track_Circuits... done.

Parsing F_Perform_FC_P_Or_FC_P_A... done.

Parsing F_TDS6_Maintainer_Commands_And_Messages... done.

Parsing F_SCI_TDS_Receive... done.

Parsing F_SCI_TDS_Report_TDP... failed: (The given key '_19180d5a-3661-40ea-b6a3-363563663c42' was not present in the dictionary.)
Contained in package Subsystem Train Detection System | Functional requirements specification | Subsystem Train Detection System - Interfaces | SCI-TDS (Subsystem – Electronic Interlocking) | SCI-TDS - Functional Viewpoint | SCI-TDS - Functional Entities

Parsing F_SCI_TDS_Report_Track_Circuit... done.

Parsing F_SCI_TDS_Report_TVPS... failed: (Invalid integer value: LiteralIdentifier { RawName = cOp2_Fillinglevel(), Name = Cop2Fillinglevel() })
Contained in package Subsystem Train Detection System | Functional requirements specification | Subsystem Train Detection System - Interfaces | SCI-TDS (Subsystem – Electronic Interlocking) | SCI-TDS - Functional Viewpoint | SCI-TDS - Functional Entities

Parsing S_SCI_TDS_Command... done.

Parsing S_SCI_TDS_Receive_TDP... failed: (The given key '_19180d5a-3661-40ea-b6a3-363563663c42' was not present in the dictionary.)
Contained in package Subsystem Train Detection System | Functional requirements specification | Subsystem Train Detection System - Interfaces | SCI-TDS (Subsystem – Electronic Interlocking) | SCI-TDS - Functional Viewpoint | SCI-TDS - Functional Entities

Parsing S_SCI_TDS_Receive_Track_Circuit... done.

Parsing S_SCI_TDS_Receive_TVPS... done.

Parsing Hilfsblock...Warn: Naming convention was violated for HilfMDM_Maintenance_Commanded
Warn: Naming convention was violated for HilfFinished_Data_Update
Warn: Naming convention was violated for HilfStatus_Update_Completed
Warn: Naming convention was violated for HilfMDM_Reboot_Required
Warn: Naming convention was violated for HilfMDM_Triggered_Reset
Warn: Naming convention was violated for HilfMDM_Maintenance_Commanded
Warn: Naming convention was violated for HilfFinished_Data_Update
Warn: Naming convention was violated for HilfStatus_Update_Completed
Warn: Naming convention was violated for HilfMDM_Reboot_Required
Warn: Naming convention was violated for HilfMDM_Triggered_Reset
 done.

Parsing Point_Helpblock... done.


Warn: Property Aspect Lamp Combinations has no type, assuming string.
Warn: Property Aspect Extension Lamp Combinations has no type, assuming string.
Warn: Property Speed Indicator has no type, assuming string.
Warn: Property Speed Indicator Announcement has no type, assuming string.
Warn: Property Direction Indicator has no type, assuming string.
Warn: Property Direction Indicator Announcement has no type, assuming string.
Warn: Property Aspect Lamp Combinations has no type, assuming string.
Warn: Property Aspect Extension Lamp Combinations has no type, assuming string.
Warn: Property Speed Indicator has no type, assuming string.
Warn: Property Speed Indicator Announcement has no type, assuming string.
Warn: Property Direction Indicator has no type, assuming string.
Warn: Property Direction Indicator Announcement has no type, assuming string.
Parsing S_SCI_Adj_Prim... done.

Parsing S_SCI_Adj_Sec... done.

Parsing F_SCI_EfeS_Sec... done.

Parsing S_SCI_EfeS_Prim... done.

Parsing F_Control_Output_Channel_State... failed: (Could not parse provided transition)
Contained in package Subsystem IO | Functional requirements specification | Subsystem Generic IO - Functional Viewpoint | Subsystem Generic IO - Functional Entities

Parsing F_Control_Safe_State_Of_All_Physical_Output_Channel... done.

Parsing F_Detect_Input_Channel_State... done.

Parsing F_Monitor_Output_Channel_Disturbance_State... done.

Parsing F_SCI_IO_Receive...Warning: matching "Not " to Negation
Warning: matching "Not " to Negation
Warning: matching "Not " to Negation
Warning: matching "Not " to Negation
 done.

Parsing F_SCI_IO_Report... done.

Parsing S_SCI_IO_Command... done.

Parsing S_SCI_IO_Receive... done.

Parsing F_Control_LC_Timer... failed: (Object reference not set to an instance of an object.)
Contained in package Subsystem Level Crossing | Functional requirements specification | Subsystem Level Crossing - Functional Viewpoint | Subsystem Level Crossing - Functional Entities

Parsing F_Control_Local_Operation... done.

Parsing F_Observe_Detection_Element... done.

Parsing F_Observe_Failure_State... done.

Parsing F_Observe_LCPF... done.

Parsing F_SCI_LC_Receive... done.

Parsing F_SCI_LC_Report... failed: (Sequence contains no matching element)
Contained in package Subsystem Level Crossing | Functional requirements specification | Subsystem Level Crossing - Interfaces | SCI-LC (Subsystem -  Electronic Interlocking) | SCI-LC - Functional Viewpoint | SCI-LC - Functional Entities

Parsing S_SCI_LC_Command... done.

Parsing S_SCI_LC_Receive... done.

Parsing S_SCI_LS_Command_expl...Warn: Naming convention was violated for T5_Signal_Aspect
Warn: Naming convention was violated for T6_Luminosity
Warn: Naming convention was violated for T5_Signal_Aspect
Warn: Naming convention was violated for T6_Luminosity
 done.

Parsing F_Control_Luminosity... done.

Parsing F_Control_Signal_Aspect... done.

Parsing F_Observe_Luminosity... done.

Parsing F_Observe_Signal_Aspect... done.

Parsing F_SCI_LS_Receive... done.

Parsing F_SCI_LS_Report... failed: (Name)
Contained in package Subsystem Light Signal | Functional requirements specification | Subsystem Light Signal - Interfaces | SCI-LS (Subsystem - Electronic Interlocking) | SCI-LS - Functional Viewpoint | SCI-LS - Functional Entities

Parsing S_SCI_LS_Command... done.

Parsing S_SCI_LS_Receive... done.

Parsing F_Control_And_Observe_4W_PM... done.

Parsing F_Control_Non4W_PM... done.

Parsing F_Control_Point...Warn: Property d12out_Required_PM_Position has no type, assuming string.
Warn: Property d12out_Required_PM_Position has no type, assuming string.
 done.

Parsing F_Observe_Ability_To_Move... done.

Parsing F_Observe_Degraded_Point_Position... done.

Parsing F_Observe_Movement_Failed...Warn: Property D20in_Con_tmax_PM_Operation has no type, assuming string.
Warn: Property D20in_Con_tmax_PM_Operation has no type, assuming string.
 done.

Parsing F_Observe_Overall_Point_Position... done.

Parsing F_SCI_P_Receive... done.

Parsing F_SCI_P_Report... done.

Parsing S_SCI_P_Command... done.

Parsing S_SCI_P_Receive... done.

Parsing F_Control_Timer... done.

Parsing F_Handle_Commands... failed: (Sequence contains no matching element)
Contained in package Subsystem Train Detection System | Functional requirements specification | Subsystem Train Detection System - Functional Viewpoint | Subsystem Train Detection System - Functional Entities

Parsing F_Handle_Internal_FC_U_Command... done.

Parsing F_Monitor_Report_Status... failed: (The given key '_19180d5a-3661-40ea-b6a3-363563663c42' was not present in the dictionary.)
Contained in package Subsystem Train Detection System | Functional requirements specification | Subsystem Train Detection System - Functional Viewpoint | Subsystem Train Detection System - Functional Entities

Parsing F_Observe_Ability_to_be_Forced_to_clear... done.

Parsing F_Observe_Occupancy_Status... done.

Parsing F_Observe_TDP... done.

Parsing F_Observe_Track_Circuits... done.

Parsing F_Perform_FC_P_Or_FC_P_A... done.

Parsing F_TDS6_Maintainer_Commands_And_Messages... done.

Parsing F_SCI_TDS_Receive... done.

Parsing F_SCI_TDS_Report_TDP... failed: (The given key '_19180d5a-3661-40ea-b6a3-363563663c42' was not present in the dictionary.)
Contained in package Subsystem Train Detection System | Functional requirements specification | Subsystem Train Detection System - Interfaces | SCI-TDS (Subsystem – Electronic Interlocking) | SCI-TDS - Functional Viewpoint | SCI-TDS - Functional Entities

Parsing F_SCI_TDS_Report_Track_Circuit... done.

Parsing F_SCI_TDS_Report_TVPS... failed: (Invalid integer value: LiteralIdentifier { RawName = cOp2_Fillinglevel(), Name = Cop2Fillinglevel() })
Contained in package Subsystem Train Detection System | Functional requirements specification | Subsystem Train Detection System - Interfaces | SCI-TDS (Subsystem – Electronic Interlocking) | SCI-TDS - Functional Viewpoint | SCI-TDS - Functional Entities

Parsing S_SCI_TDS_Command... done.

Parsing S_SCI_TDS_Receive_TDP... failed: (The given key '_19180d5a-3661-40ea-b6a3-363563663c42' was not present in the dictionary.)
Contained in package Subsystem Train Detection System | Functional requirements specification | Subsystem Train Detection System - Interfaces | SCI-TDS (Subsystem – Electronic Interlocking) | SCI-TDS - Functional Viewpoint | SCI-TDS - Functional Entities

Parsing S_SCI_TDS_Receive_Track_Circuit... done.

Parsing S_SCI_TDS_Receive_TVPS... done.

Parsing Hilfsblock...Warn: Naming convention was violated for HilfMDM_Maintenance_Commanded
Warn: Naming convention was violated for HilfFinished_Data_Update
Warn: Naming convention was violated for HilfStatus_Update_Completed
Warn: Naming convention was violated for HilfMDM_Reboot_Required
Warn: Naming convention was violated for HilfMDM_Triggered_Reset
Warn: Naming convention was violated for HilfMDM_Maintenance_Commanded
Warn: Naming convention was violated for HilfFinished_Data_Update
Warn: Naming convention was violated for HilfStatus_Update_Completed
Warn: Naming convention was violated for HilfMDM_Reboot_Required
Warn: Naming convention was violated for HilfMDM_Triggered_Reset
 done.

Parsing Point_Helpblock... done.


Warn: Property Aspect Lamp Combinations has no type, assuming string.
Warn: Property Aspect Extension Lamp Combinations has no type, assuming string.
Warn: Property Speed Indicator has no type, assuming string.
Warn: Property Speed Indicator Announcement has no type, assuming string.
Warn: Property Direction Indicator has no type, assuming string.
Warn: Property Direction Indicator Announcement has no type, assuming string.
Warn: Property Aspect Lamp Combinations has no type, assuming string.
Warn: Property Aspect Extension Lamp Combinations has no type, assuming string.
Warn: Property Speed Indicator has no type, assuming string.
Warn: Property Speed Indicator Announcement has no type, assuming string.
Warn: Property Direction Indicator has no type, assuming string.
Warn: Property Direction Indicator Announcement has no type, assuming string.
Parsing S_SCI_Adj_Prim... done.

Parsing S_SCI_Adj_Sec... done.

Parsing F_SCI_EfeS_Sec... done.

Parsing S_SCI_EfeS_Prim... done.

Parsing F_Control_Output_Channel_State... failed: (Could not parse provided transition)
Contained in package Subsystem IO | Functional requirements specification | Subsystem Generic IO - Functional Viewpoint | Subsystem Generic IO - Functional Entities

Parsing F_Control_Safe_State_Of_All_Physical_Output_Channel... done.

Parsing F_Detect_Input_Channel_State... done.

Parsing F_Monitor_Output_Channel_Disturbance_State... done.

Parsing F_SCI_IO_Receive...Warning: matching "Not " to Negation
Warning: matching "Not " to Negation
Warning: matching "Not " to Negation
Warning: matching "Not " to Negation
 done.

Parsing F_SCI_IO_Report... done.

Parsing S_SCI_IO_Command... done.

Parsing S_SCI_IO_Receive... done.

Parsing F_Control_LC_Timer... failed: (Object reference not set to an instance of an object.)
Contained in package Subsystem Level Crossing | Functional requirements specification | Subsystem Level Crossing - Functional Viewpoint | Subsystem Level Crossing - Functional Entities

Parsing F_Control_Local_Operation... done.

Parsing F_Observe_Detection_Element... done.

Parsing F_Observe_Failure_State... done.

Parsing F_Observe_LCPF... done.

Parsing F_SCI_LC_Receive... done.

Parsing F_SCI_LC_Report... failed: (Sequence contains no matching element)
Contained in package Subsystem Level Crossing | Functional requirements specification | Subsystem Level Crossing - Interfaces | SCI-LC (Subsystem -  Electronic Interlocking) | SCI-LC - Functional Viewpoint | SCI-LC - Functional Entities

Parsing S_SCI_LC_Command... done.

Parsing S_SCI_LC_Receive... done.

Parsing S_SCI_LS_Command_expl...Warn: Naming convention was violated for T5_Signal_Aspect
Warn: Naming convention was violated for T6_Luminosity
Warn: Naming convention was violated for T5_Signal_Aspect
Warn: Naming convention was violated for T6_Luminosity
 done.

Parsing F_Control_Luminosity... done.

Parsing F_Control_Signal_Aspect... done.

Parsing F_Observe_Luminosity... done.

Parsing F_Observe_Signal_Aspect... done.

Parsing F_SCI_LS_Receive... done.

Parsing F_SCI_LS_Report... failed: (Name)
Contained in package Subsystem Light Signal | Functional requirements specification | Subsystem Light Signal - Interfaces | SCI-LS (Subsystem - Electronic Interlocking) | SCI-LS - Functional Viewpoint | SCI-LS - Functional Entities

Parsing S_SCI_LS_Command... done.

Parsing S_SCI_LS_Receive... done.

Parsing F_Control_And_Observe_4W_PM... done.

Parsing F_Control_Non4W_PM... done.

Parsing F_Control_Point...Warn: Property d12out_Required_PM_Position has no type, assuming string.
Warn: Property d12out_Required_PM_Position has no type, assuming string.
 done.

Parsing F_Observe_Ability_To_Move... done.

Parsing F_Observe_Degraded_Point_Position... done.

Parsing F_Observe_Movement_Failed...Warn: Property D20in_Con_tmax_PM_Operation has no type, assuming string.
Warn: Property D20in_Con_tmax_PM_Operation has no type, assuming string.
 done.

Parsing F_Observe_Overall_Point_Position... done.

Parsing F_SCI_P_Receive... done.

Parsing F_SCI_P_Report... done.

Parsing S_SCI_P_Command... done.

Parsing S_SCI_P_Receive... done.

Parsing F_Control_Timer... done.

Parsing F_Handle_Commands... failed: (Sequence contains no matching element)
Contained in package Subsystem Train Detection System | Functional requirements specification | Subsystem Train Detection System - Functional Viewpoint | Subsystem Train Detection System - Functional Entities

Parsing F_Handle_Internal_FC_U_Command... done.

Parsing F_Monitor_Report_Status... failed: (The given key '_19180d5a-3661-40ea-b6a3-363563663c42' was not present in the dictionary.)
Contained in package Subsystem Train Detection System | Functional requirements specification | Subsystem Train Detection System - Functional Viewpoint | Subsystem Train Detection System - Functional Entities

Parsing F_Observe_Ability_to_be_Forced_to_clear... done.

Parsing F_Observe_Occupancy_Status... done.

Parsing F_Observe_TDP... done.

Parsing F_Observe_Track_Circuits... done.

Parsing F_Perform_FC_P_Or_FC_P_A... done.

Parsing F_TDS6_Maintainer_Commands_And_Messages... done.

Parsing F_SCI_TDS_Receive... done.

Parsing F_SCI_TDS_Report_TDP... failed: (The given key '_19180d5a-3661-40ea-b6a3-363563663c42' was not present in the dictionary.)
Contained in package Subsystem Train Detection System | Functional requirements specification | Subsystem Train Detection System - Interfaces | SCI-TDS (Subsystem – Electronic Interlocking) | SCI-TDS - Functional Viewpoint | SCI-TDS - Functional Entities

Parsing F_SCI_TDS_Report_Track_Circuit... done.

Parsing F_SCI_TDS_Report_TVPS... failed: (Invalid integer value: LiteralIdentifier { RawName = cOp2_Fillinglevel(), Name = Cop2Fillinglevel() })
Contained in package Subsystem Train Detection System | Functional requirements specification | Subsystem Train Detection System - Interfaces | SCI-TDS (Subsystem – Electronic Interlocking) | SCI-TDS - Functional Viewpoint | SCI-TDS - Functional Entities

Parsing S_SCI_TDS_Command... done.

Parsing S_SCI_TDS_Receive_TDP... failed: (The given key '_19180d5a-3661-40ea-b6a3-363563663c42' was not present in the dictionary.)
Contained in package Subsystem Train Detection System | Functional requirements specification | Subsystem Train Detection System - Interfaces | SCI-TDS (Subsystem – Electronic Interlocking) | SCI-TDS - Functional Viewpoint | SCI-TDS - Functional Entities

Parsing S_SCI_TDS_Receive_Track_Circuit... done.

Parsing S_SCI_TDS_Receive_TVPS... done.

Parsing Hilfsblock...Warn: Naming convention was violated for HilfMDM_Maintenance_Commanded
Warn: Naming convention was violated for HilfFinished_Data_Update
Warn: Naming convention was violated for HilfStatus_Update_Completed
Warn: Naming convention was violated for HilfMDM_Reboot_Required
Warn: Naming convention was violated for HilfMDM_Triggered_Reset
Warn: Naming convention was violated for HilfMDM_Maintenance_Commanded
Warn: Naming convention was violated for HilfFinished_Data_Update
Warn: Naming convention was violated for HilfStatus_Update_Completed
Warn: Naming convention was violated for HilfMDM_Reboot_Required
Warn: Naming convention was violated for HilfMDM_Triggered_Reset
 done.

Parsing Point_Helpblock... done.


Warn: Property Aspect Lamp Combinations has no type, assuming string.
Warn: Property Aspect Extension Lamp Combinations has no type, assuming string.
Warn: Property Speed Indicator has no type, assuming string.
Warn: Property Speed Indicator Announcement has no type, assuming string.
Warn: Property Direction Indicator has no type, assuming string.
Warn: Property Direction Indicator Announcement has no type, assuming string.
Warn: Property Aspect Lamp Combinations has no type, assuming string.
Warn: Property Aspect Extension Lamp Combinations has no type, assuming string.
Warn: Property Speed Indicator has no type, assuming string.
Warn: Property Speed Indicator Announcement has no type, assuming string.
Warn: Property Direction Indicator has no type, assuming string.
Warn: Property Direction Indicator Announcement has no type, assuming string.
Parsing S_SCI_Adj_Prim... done.

Parsing S_SCI_Adj_Sec... done.

Parsing F_SCI_EfeS_Sec... done.

Parsing S_SCI_EfeS_Prim... done.

Parsing F_Control_Output_Channel_State... failed: (Could not parse provided transition)
Contained in package Subsystem IO | Functional requirements specification | Subsystem Generic IO - Functional Viewpoint | Subsystem Generic IO - Functional Entities

Parsing F_Control_Safe_State_Of_All_Physical_Output_Channel... done.

Parsing F_Detect_Input_Channel_State... done.

Parsing F_Monitor_Output_Channel_Disturbance_State... done.

Parsing F_SCI_IO_Receive...Warning: matching "Not " to Negation
Warning: matching "Not " to Negation
Warning: matching "Not " to Negation
Warning: matching "Not " to Negation
 done.

Parsing F_SCI_IO_Report... done.

Parsing S_SCI_IO_Command... done.

Parsing S_SCI_IO_Receive... done.

Parsing F_Control_LC_Timer... failed: (Object reference not set to an instance of an object.)
Contained in package Subsystem Level Crossing | Functional requirements specification | Subsystem Level Crossing - Functional Viewpoint | Subsystem Level Crossing - Functional Entities

Parsing F_Control_Local_Operation... done.

Parsing F_Observe_Detection_Element... done.

Parsing F_Observe_Failure_State... done.

Parsing F_Observe_LCPF... done.

Parsing F_SCI_LC_Receive... done.

Parsing F_SCI_LC_Report... failed: (Sequence contains no matching element)
Contained in package Subsystem Level Crossing | Functional requirements specification | Subsystem Level Crossing - Interfaces | SCI-LC (Subsystem -  Electronic Interlocking) | SCI-LC - Functional Viewpoint | SCI-LC - Functional Entities

Parsing S_SCI_LC_Command... done.

Parsing S_SCI_LC_Receive... done.

Parsing S_SCI_LS_Command_expl...Warn: Naming convention was violated for T5_Signal_Aspect
Warn: Naming convention was violated for T6_Luminosity
Warn: Naming convention was violated for T5_Signal_Aspect
Warn: Naming convention was violated for T6_Luminosity
 done.

Parsing F_Control_Luminosity... done.

Parsing F_Control_Signal_Aspect... done.

Parsing F_Observe_Luminosity... done.

Parsing F_Observe_Signal_Aspect... done.

Parsing F_SCI_LS_Receive... done.

Parsing F_SCI_LS_Report... failed: (Name)
Contained in package Subsystem Light Signal | Functional requirements specification | Subsystem Light Signal - Interfaces | SCI-LS (Subsystem - Electronic Interlocking) | SCI-LS - Functional Viewpoint | SCI-LS - Functional Entities

Parsing S_SCI_LS_Command... done.

Parsing S_SCI_LS_Receive... done.

Parsing F_Control_And_Observe_4W_PM... done.

Parsing F_Control_Non4W_PM... done.

Parsing F_Control_Point...Warn: Property d12out_Required_PM_Position has no type, assuming string.
Warn: Property d12out_Required_PM_Position has no type, assuming string.
 done.

Parsing F_Observe_Ability_To_Move... done.

Parsing F_Observe_Degraded_Point_Position... done.

Parsing F_Observe_Movement_Failed...Warn: Property D20in_Con_tmax_PM_Operation has no type, assuming string.
Warn: Property D20in_Con_tmax_PM_Operation has no type, assuming string.
 done.

Parsing F_Observe_Overall_Point_Position... done.

Parsing F_SCI_P_Receive... done.

Parsing F_SCI_P_Report... done.

Parsing S_SCI_P_Command... done.

Parsing S_SCI_P_Receive... done.

Parsing F_Control_Timer... done.

Parsing F_Handle_Commands... failed: (Sequence contains no matching element)
Contained in package Subsystem Train Detection System | Functional requirements specification | Subsystem Train Detection System - Functional Viewpoint | Subsystem Train Detection System - Functional Entities

Parsing F_Handle_Internal_FC_U_Command... done.

[...]
Warn: Property D20in_Con_tmax_PM_Operation has no type, assuming string.
 done.

Parsing F_Observe_Overall_Point_Position... done.

Parsing F_SCI_P_Receive... done.

Parsing F_SCI_P_Report... done.

Parsing S_SCI_P_Command... done.

Parsing S_SCI_P_Receive... done.

Parsing F_Control_Timer... done.

Parsing F_Handle_Commands... failed: (Sequence contains no matching element)
Contained in package Subsystem Train Detection System | Functional requirements specification | Subsystem Train Detection System - Functional Viewpoint | Subsystem Train Detection System - Functional Entities

Parsing F_Handle_Internal_FC_U_Command... done.

Parsing F_Monitor_Report_Status... failed: (The given key '_19180d5a-3661-40ea-b6a3-363563663c42' was not present in the dictionary.)
Contained in package Subsystem Train Detection System | Functional requirements specification | Subsystem Train Detection System - Functional Viewpoint | Subsystem Train Detection System - Functional Entities

Parsing F_Observe_Ability_to_be_Forced_to_clear... done.

Parsing F_Observe_Occupancy_Status... done.

Parsing F_Observe_TDP... done.

Parsing F_Observe_Track_Circuits... done.

Parsing F_Perform_FC_P_Or_FC_P_A... done.

Parsing F_TDS6_Maintainer_Commands_And_Messages... done.

Parsing F_SCI_TDS_Receive... done.

Parsing F_SCI_TDS_Report_TDP... failed: (The given key '_19180d5a-3661-40ea-b6a3-363563663c42' was not present in the dictionary.)
Contained in package Subsystem Train Detection System | Functional requirements specification | Subsystem Train Detection System - Interfaces | SCI-TDS (Subsystem – Electronic Interlocking) | SCI-TDS - Functional Viewpoint | SCI-TDS - Functional Entities

Parsing F_SCI_TDS_Report_Track_Circuit... done.

Parsing F_SCI_TDS_Report_TVPS... failed: (Invalid integer value: LiteralIdentifier { RawName = cOp2_Fillinglevel(), Name = Cop2Fillinglevel() })
Contained in package Subsystem Train Detection System | Functional requirements specification | Subsystem Train Detection System - Interfaces | SCI-TDS (Subsystem – Electronic Interlocking) | SCI-TDS - Functional Viewpoint | SCI-TDS - Functional Entities

Parsing S_SCI_TDS_Command... done.

Parsing S_SCI_TDS_Receive_TDP... failed: (The given key '_19180d5a-3661-40ea-b6a3-363563663c42' was not present in the dictionary.)
Contained in package Subsystem Train Detection System | Functional requirements specification | Subsystem Train Detection System - Interfaces | SCI-TDS (Subsystem – Electronic Interlocking) | SCI-TDS - Functional Viewpoint | SCI-TDS - Functional Entities

Parsing S_SCI_TDS_Receive_Track_Circuit... done.

Parsing S_SCI_TDS_Receive_TVPS... done.

Parsing Hilfsblock...Warn: Naming convention was violated for HilfMDM_Maintenance_Commanded
Warn: Naming convention was violated for HilfFinished_Data_Update
Warn: Naming convention was violated for HilfStatus_Update_Completed
Warn: Naming convention was violated for HilfMDM_Reboot_Required
Warn: Naming convention was violated for HilfMDM_Triggered_Reset
Warn: Naming convention was violated for HilfMDM_Maintenance_Commanded
Warn: Naming convention was violated for HilfFinished_Data_Update
Warn: Naming convention was violated for HilfStatus_Update_Completed
Warn: Naming convention was violated for HilfMDM_Reboot_Required
Warn: Naming convention was violated for HilfMDM_Triggered_Reset
 done.

Parsing Point_Helpblock... done.

Warn: Naming convention was violated for HilfMDM_Maintenance_Commanded
Warn: Naming convention was violated for HilfFinished_Data_Update
Warn: Naming convention was violated for HilfStatus_Update_Completed
Warn: Naming convention was violated for HilfMDM_Reboot_Required
Warn: Naming convention was violated for HilfMDM_Triggered_Reset
Warn: Naming convention was violated for HilfMDM_Maintenance_Commanded
Warn: Naming convention was violated for HilfFinished_Data_Update
Warn: Naming convention was violated for HilfStatus_Update_Completed
Warn: Naming convention was violated for HilfMDM_Reboot_Required
Warn: Naming convention was violated for HilfMDM_Triggered_Reset

Warn: Property Aspect Lamp Combinations has no type, assuming string.
Warn: Property Aspect Extension Lamp Combinations has no type, assuming string.
Warn: Property Speed Indicator has no type, assuming string.
Warn: Property Speed Indicator Announcement has no type, assuming string.
Warn: Property Direction Indicator has no type, assuming string.
Warn: Property Direction Indicator Announcement has no type, assuming string.
Warn: Property Aspect Lamp Combinations has no type, assuming string.
Warn: Property Aspect Extension Lamp Combinations has no type, assuming string.
Warn: Property Speed Indicator has no type, assuming string.
Warn: Property Speed Indicator Announcement has no type, assuming string.
Warn: Property Direction Indicator has no type, assuming string.
Warn: Property Direction Indicator Announcement has no type, assuming string.
Parsing S_SCI_Adj_Prim... done.

Parsing S_SCI_Adj_Sec... done.

Parsing F_SCI_EfeS_Sec... done.

Parsing S_SCI_EfeS_Prim... done.

Parsing F_Control_Output_Channel_State... failed: (Could not parse provided transition)
Contained in package Subsystem IO | Functional requirements specification | Subsystem Generic IO - Functional Viewpoint | Subsystem Generic IO - Functional Entities

Parsing F_Control_Safe_State_Of_All_Physical_Output_Channel... done.

Parsing F_Detect_Input_Channel_State... done.

Parsing F_Monitor_Output_Channel_Disturbance_State... done.

Parsing F_SCI_IO_Receive...Warning: matching "Not " to Negation
Warning: matching "Not " to Negation
Warning: matching "Not " to Negation
Warning: matching "Not " to Negation
 done.

Parsing F_SCI_IO_Report... done.

Parsing S_SCI_IO_Command... done.

Parsing S_SCI_IO_Receive... done.

Parsing F_Control_LC_Timer... failed: (Object reference not set to an instance of an object.)
Contained in package Subsystem Level Crossing | Functional requirements specification | Subsystem Level Crossing - Functional Viewpoint | Subsystem Level Crossing - Functional Entities

Parsing F_Control_Local_Operation... done.

Parsing F_Observe_Detection_Element... done.

Parsing F_Observe_Failure_State... done.

Parsing F_Observe_LCPF... done.

Parsing F_SCI_LC_Receive... done.

Parsing F_SCI_LC_Report... failed: (Sequence contains no matching element)
Contained in package Subsystem Level Crossing | Functional requirements specification | Subsystem Level Crossing - Interfaces | SCI-LC (Subsystem -  Electronic Interlocking) | SCI-LC - Functional Viewpoint | SCI-LC - Functional Entities

Parsing S_SCI_LC_Command... done.

Parsing S_SCI_LC_Receive... done.

Parsing S_SCI_LS_Command_expl...Warn: Naming convention was violated for T5_Signal_Aspect
Warn: Naming convention was violated for T6_Luminosity
Warn: Naming convention was violated for T5_Signal_Aspect
Warn: Naming convention was violated for T6_Luminosity
 done.

Parsing F_Control_Luminosity... done.

Parsing F_Control_Signal_Aspect... done.

Parsing F_Observe_Luminosity... done.

Parsing F_Observe_Signal_Aspect... done.

Parsing F_SCI_LS_Receive... done.

Parsing F_SCI_LS_Report... failed: (Name)
Contained in package Subsystem Light Signal | Functional requirements specification | Subsystem Light Signal - Interfaces | SCI-LS (Subsystem - Electronic Interlocking) | SCI-LS - Functional Viewpoint | SCI-LS - Functional Entities

Parsing S_SCI_LS_Command... done.

Parsing S_SCI_LS_Receive... done.

Parsing F_Control_And_Observe_4W_PM... done.

Parsing F_Control_Non4W_PM... done.

Parsing F_Control_Point...Warn: Property d12out_Required_PM_Position has no type, assuming string.
Warn: Property d12out_Required_PM_Position has no type, assuming string.
 done.

Parsing F_Observe_Ability_To_Move... done.

Parsing F_Observe_Degraded_Point_Position... done.

Parsing F_Observe_Movement_Failed...Warn: Property D20in_Con_tmax_PM_Operation has no type, assuming string.
Warn: Property D20in_Con_tmax_PM_Operation has no type, assuming string.
 done.

Parsing F_Observe_Overall_Point_Position... done.

Parsing F_SCI_P_Receive... done.

Parsing F_SCI_P_Report... done.

Parsing S_SCI_P_Command... done.

Parsing S_SCI_P_Receive... done.

Parsing F_Control_Timer... done.

Parsing F_Handle_Commands... failed: (Sequence contains no matching element)
Contained in package Subsystem Train Detection System | Functional requirements specification | Subsystem Train Detection System - Functional Viewpoint | Subsystem Train Detection System - Functional Entities

Parsing F_Handle_Internal_FC_U_Command... done.

Parsing F_Monitor_Report_Status... failed: (The given key '_19180d5a-3661-40ea-b6a3-363563663c42' was not present in the dictionary.)
Contained in package Subsystem Train Detection System | Functional requirements specification | Subsystem Train Detection System - Functional Viewpoint | Subsystem Train Detection System - Functional Entities

Parsing F_Observe_Ability_to_be_Forced_to_clear... done.

Parsing F_Observe_Occupancy_Status... done.

Parsing F_Observe_TDP... done.

Parsing F_Observe_Track_Circuits... done.

Parsing F_Perform_FC_P_Or_FC_P_A... done.

Parsing F_TDS6_Maintainer_Commands_And_Messages... done.

Parsing F_SCI_TDS_Receive... done.

Parsing F_SCI_TDS_Report_TDP... failed: (The given key '_19180d5a-3661-40ea-b6a3-363563663c42' was not present in the dictionary.)
Contained in package Subsystem Train Detection System | Functional requirements specification | Subsystem Train Detection System - Interfaces | SCI-TDS (Subsystem – Electronic Interlocking) | SCI-TDS - Functional Viewpoint | SCI-TDS - Functional Entities

Parsing F_SCI_TDS_Report_Track_Circuit... done.

Parsing F_SCI_TDS_Report_TVPS... failed: (Invalid integer value: LiteralIdentifier { RawName = cOp2_Fillinglevel(), Name = Cop2Fillinglevel() })
Contained in package Subsystem Train Detection System | Functional requirements specification | Subsystem Train Detection System - Interfaces | SCI-TDS (Subsystem – Electronic Interlocking) | SCI-TDS - Functional Viewpoint | SCI-TDS - Functional Entities

Parsing S_SCI_TDS_Command... done.

Parsing S_SCI_TDS_Receive_TDP... failed: (The given key '_19180d5a-3661-40ea-b6a3-363563663c42' was not present in the dictionary.)
Contained in package Subsystem Train Detection System | Functional requirements specification | Subsystem Train Detection System - Interfaces | SCI-TDS (Subsystem – Electronic Interlocking) | SCI-TDS - Functional Viewpoint | SCI-TDS - Functional Entities

Parsing S_SCI_TDS_Receive_Track_Circuit... done.

Parsing S_SCI_TDS_Receive_TVPS... done.

Parsing Hilfsblock...Warn: Naming convention was violated for HilfMDM_Maintenance_Commanded
Warn: Naming convention was violated for HilfFinished_Data_Update
Warn: Naming convention was violated for HilfStatus_Update_Completed
Warn: Naming convention was violated for HilfMDM_Reboot_Required
Warn: Naming convention was violated for HilfMDM_Triggered_Reset
Warn: Naming convention was violated for HilfMDM_Maintenance_Commanded
Warn: Naming convention was violated for HilfFinished_Data_Update
Warn: Naming convention was violated for HilfStatus_Update_Completed
Warn: Naming convention was violated for HilfMDM_Reboot_Required
Warn: Naming convention was violated for HilfMDM_Triggered_Reset
 done.

Parsing Point_Helpblock... done.



Test Framework Informational Messages:
Warn: Property Aspect Lamp Combinations has no type, assuming string.
Warn: Property Aspect Extension Lamp Combinations has no type, assuming string.
Warn: Property Speed Indicator has no type, assuming string.
Warn: Property Speed Indicator Announcement has no type, assuming string.
Warn: Property Direction Indicator has no type, assuming string.
Warn: Property Direction Indicator Announcement has no type, assuming string.
Warn: Property Aspect Lamp Combinations has no type, assuming string.
Warn: Property Aspect Extension Lamp Combinations has no type, assuming string.
Warn: Property Speed Indicator has no type, assuming string.
Warn: Property Speed Indicator Announcement has no type, assuming string.
Warn: Property Direction Indicator has no type, assuming string.
Warn: Property Direction Indicator Announcement has no type, assuming string.
Warn: Property Aspect Lamp Combinations has no type, assuming string.
Warn: Property Aspect Extension Lamp Combinations has no type, assuming string.
Warn: Property Speed Indicator has no type, assuming string.
Warn: Property Speed Indicator Announcement has no type, assuming string.
Warn: Property Direction Indicator has no type, assuming string.
Warn: Property Direction Indicator Announcement has no type, assuming string.
Warn: Property Aspect Lamp Combinations has no type, assuming string.
Warn: Property Aspect Extension Lamp Combinations has no type, assuming string.
Warn: Property Speed Indicator has no type, assuming string.
Warn: Property Speed Indicator Announcement has no type, assuming string.
Warn: Property Direction Indicator has no type, assuming string.
Warn: Property Direction Indicator Announcement has no type, assuming string.
Warn: Property Aspect Lamp Combinations has no type, assuming string.
Warn: Property Aspect Extension Lamp Combinations has no type, assuming string.
Warn: Property Speed Indicator has no type, assuming string.
Warn: Property Speed Indicator Announcement has no type, assuming string.
Warn: Property Direction Indicator has no type, assuming string.
Warn: Property Direction Indicator Announcement has no type, assuming string.
Warn: Property Aspect Lamp Combinations has no type, assuming string.
Warn: Property Aspect Extension Lamp Combinations has no type, assuming string.
Warn: Property Speed Indicator has no type, assuming string.
Warn: Property Speed Indicator Announcement has no type, assuming string.
Warn: Property Direction Indicator has no type, assuming string.
Warn: Property Direction Indicator Announcement has no type, assuming string.
Warn: Property Aspect Lamp Combinations has no type, assuming string.
Warn: Property Aspect Extension Lamp Combinations has no type, assuming string.
Warn: Property Speed Indicator has no type, assuming string.
Warn: Property Speed Indicator Announcement has no type, assuming string.
Warn: Property Direction Indicator has no type, assuming string.
Warn: Property Direction Indicator Announcement has no type, assuming string.
Warn: Property Aspect Lamp Combinations has no type, assuming string.
Warn: Property Aspect Extension Lamp Combinations has no type, assuming string.
Warn: Property Speed Indicator has no type, assuming string.
Warn: Property Speed Indicator Announcement has no type, assuming string.
Warn: Property Direction Indicator has no type, assuming string.
Warn: Property Direction Indicator Announcement has no type, assuming string.
Warn: Property Aspect Lamp Combinations has no type, assuming string.
Warn: Property Aspect Extension Lamp Combinations has no type, assuming string.
Warn: Property Speed Indicator has no type, assuming string.
Warn: Property Speed Indicator Announcement has no type, assuming string.
Warn: Property Direction Indicator has no type, assuming string.
Warn: Property Direction Indicator Announcement has no type, assuming string.
Warn: Property Aspect Lamp Combinations has no type, assuming string.
Warn: Property Aspect Extension Lamp Combinations has no type, assuming string.
Warn: Property Speed Indicator has no type, assuming string.
Warn: Property Speed Indicator Announcement has no type, assuming string.
Warn: Property Direction Indicator has no type, assuming string.
Warn: Property Direction Indicator Announcement has no type, assuming string.
Warn: Property Aspect Lamp Combinations has no type, assuming string.
Warn: Property Aspect Extension Lamp Combinations has no type, assuming string.
Warn: Property Speed Indicator has no type, assuming string.
Warn: Property Speed Indicator Announcement has no type, assuming string.
Warn: Property Direction Indicator has no type, assuming string.
Warn: Property Direction Indicator Announcement has no type, assuming string.
Warn: Property Aspect Lamp Combinations has no type, assuming string.
Warn: Property Aspect Extension Lamp Combinations has no type, assuming string.
Warn: Property Speed Indicator has no type, assuming string.
Warn: Property Speed Indicator Announcement has no type, assuming string.
Warn: Property Direction Indicator has no type, assuming string.
Warn: Property Direction Indicator Announcement has no type, assuming string.
Warn: Property Aspect Lamp Combinations has no type, assuming string.
Warn: Property Aspect Extension Lamp Combinations has no type, assuming string.
Warn: Property Speed Indicator has no type, assuming string.
Warn: Property Speed Indicator Announcement has no type, assuming string.
Warn: Property Direction Indicator has no type, assuming string.
Warn: Property Direction Indicator Announcement has no type, assuming string.
Warn: Property Aspect Lamp Combinations has no type, assuming string.
Warn: Property Aspect Extension Lamp Combinations has no type, assuming string.
Warn: Property Speed Indicator has no type, assuming string.
Warn: Property Speed Indicator Announcement has no type, assuming string.
Warn: Property Direction Indicator has no type, assuming string.
Warn: Property Direction Indicator Announcement has no type, assuming string.
Warn: Property Aspect Lamp Combinations has no type, assuming string.
Warn: Property Aspect Extension Lamp Combinations has no type, assuming string.
Warn: Property Speed Indicator has no type, assuming string.
Warn: Property Speed Indicator Announcement has no type, assuming string.
Warn: Property Direction Indicator has no type, assuming string.
Warn: Property Direction Indicator Announcement has no type, assuming string.
Warn: Property Aspect Lamp Combinations has no type, assuming string.
Warn: Property Aspect Extension Lamp Combinations has no type, assuming string.
Warn: Property Speed Indicator has no type, assuming string.
Warn: Property Speed Indicator Announcement has no type, assuming string.
Warn: Property Direction Indicator has no type, assuming string.
Warn: Property Direction Indicator Announcement has no type, assuming string.
Warn: Property Aspect Lamp Combinations has no type, assuming string.
Warn: Property Aspect Extension Lamp Combinations has no type, assuming string.
Warn: Property Speed Indicator has no type, assuming string.
Warn: Property Speed Indicator Announcement has no type, assuming string.
Warn: Property Direction Indicator has no type, assuming string.
Warn: Property Direction Indicator Announcement has no type, assuming string.
Warn: Property Aspect Lamp Combinations has no type, assuming string.
Warn: Property Aspect Extension Lamp Combinations has no type, assuming string.
Warn: Property Speed Indicator has no type, assuming string.
Warn: Property Speed Indicator Announcement has no type, assuming string.
Warn: Property Direction Indicator has no type, assuming string.
Warn: Property Direction Indicator Announcement has no type, assuming string.
Warn: Property Aspect Lamp Combinations has no type, assuming string.
Warn: Property Aspect Extension Lamp Combinations has no type, assuming string.
Warn: Property Speed Indicator has no type, assuming string.
Warn: Property Speed Indicator Announcement has no type, assuming string.
Warn: Property Direction Indicator has no type, assuming string.
Warn: Property Direction Indicator Announcement has no type, assuming string.
Warn: Property Aspect Lamp Combinations has no type, assuming string.
Warn: Property Aspect Extension Lamp Combinations has no type, assuming string.
Warn: Property Speed Indicator has no type, assuming string.
Warn: Property Speed Indicator Announcement has no type, assuming string.
Warn: Property Direction Indicator has no type, assuming string.
Warn: Property Direction Indicator Announcement has no type, assuming string.
</system-out>
    <system-err></system-err>
  </testsuite>
</testsuites>